2026-02-06 12:28:28,014 -  nornir.core -     INFO -        run() - Running task 'multiple_task' with args {} on 4 hosts
2026-02-06 12:28:29,751 - nornir.core.task -    ERROR -      start() - Host 'router1': task 'napalm_cli' failed with traceback:
Traceback (most recent call last):
  File "C:\Users\sababaei\AppData\Roaming\Python\Python313\site-packages\nornir\core\task.py", line 98, in start
    r = self.task(self, **self.params)
  File "C:\Users\sababaei\AppData\Roaming\Python\Python313\site-packages\nornir_napalm\plugins\tasks\napalm_cli.py", line 19, in napalm_cli
    device = task.host.get_connection(CONNECTION_NAME, task.nornir.config)
  File "C:\Users\sababaei\AppData\Roaming\Python\Python313\site-packages\nornir\core\inventory.py", line 476, in get_connection
    self.open_connection(
    ~~~~~~~~~~~~~~~~~~~~^
        connection=connection,
        ^^^^^^^^^^^^^^^^^^^^^^
    ...<6 lines>...
        extras=conn.extras,
        ^^^^^^^^^^^^^^^^^^^
    )
    ^
  File "C:\Users\sababaei\AppData\Roaming\Python\Python313\site-packages\nornir\core\inventory.py", line 528, in open_connection
    conn_obj.open(
    ~~~~~~~~~~~~~^
        hostname=hostname,
        ^^^^^^^^^^^^^^^^^^
    ...<5 lines>...
        configuration=configuration,
        ^^^^^^^^^^^^^^^^^^^^^^^^^^^^
    )
    ^
  File "C:\Users\sababaei\AppData\Roaming\Python\Python313\site-packages\nornir_napalm\plugins\connections\__init__.py", line 57, in open
    connection.open()
    ~~~~~~~~~~~~~~~^^
  File "C:\Users\sababaei\AppData\Roaming\Python\Python313\site-packages\napalm\ios\ios.py", line 172, in open
    self.device = self._netmiko_open(
                  ~~~~~~~~~~~~~~~~~~^
        device_type, netmiko_optional_args=self.netmiko_optional_args
        ^^^^^^^^^^^^^^^^^^^^^^^^^^^^^^^^^^^^^^^^^^^^^^^^^^^^^^^^^^^^^
    )
    ^
  File "C:\Users\sababaei\AppData\Roaming\Python\Python313\site-packages\napalm\base\base.py", line 129, in _netmiko_open
    self._netmiko_device.enable()
    ~~~~~~~~~~~~~~~~~~~~~~~~~~~^^
  File "C:\Users\sababaei\AppData\Roaming\Python\Python313\site-packages\netmiko\cisco_base_connection.py", line 27, in enable
    return super().enable(
           ~~~~~~~~~~~~~~^
        cmd=cmd,
        ^^^^^^^^
    ...<3 lines>...
        re_flags=re_flags,
        ^^^^^^^^^^^^^^^^^^
    )
    ^
  File "C:\Users\sababaei\AppData\Roaming\Python\Python313\site-packages\netmiko\base_connection.py", line 2067, in enable
    raise ValueError(msg)
ValueError: Failed to enter enable mode. Please ensure you pass the 'secret' argument to ConnectHandler.

2026-02-06 12:28:29,755 - nornir.core.task -    ERROR -      start() - Host 'router1': task 'multiple_task' failed with traceback:
Traceback (most recent call last):
  File "C:\Users\sababaei\AppData\Roaming\Python\Python313\site-packages\nornir\core\task.py", line 98, in start
    r = self.task(self, **self.params)
  File "C:\Users\sababaei\Desktop\Shakhsi\Automation\Nornir\test.py", line 14, in multiple_task
    task.run(
    ~~~~~~~~^
        task=napalm_cli, commands=["show ip int brief"]
        ^^^^^^^^^^^^^^^^^^^^^^^^^^^^^^^^^^^^^^^^^^^^^^^
    )
    ^
  File "C:\Users\sababaei\AppData\Roaming\Python\Python313\site-packages\nornir\core\task.py", line 173, in run
    raise NornirSubTaskError(task=run_task, result=r)
nornir.core.exceptions.NornirSubTaskError: Subtask: napalm_cli (failed)


2026-02-06 12:28:29,802 - nornir.core.task -    ERROR -      start() - Host 'router2': task 'napalm_cli' failed with traceback:
Traceback (most recent call last):
  File "C:\Users\sababaei\AppData\Roaming\Python\Python313\site-packages\nornir\core\task.py", line 98, in start
    r = self.task(self, **self.params)
  File "C:\Users\sababaei\AppData\Roaming\Python\Python313\site-packages\nornir_napalm\plugins\tasks\napalm_cli.py", line 19, in napalm_cli
    device = task.host.get_connection(CONNECTION_NAME, task.nornir.config)
  File "C:\Users\sababaei\AppData\Roaming\Python\Python313\site-packages\nornir\core\inventory.py", line 476, in get_connection
    self.open_connection(
    ~~~~~~~~~~~~~~~~~~~~^
        connection=connection,
        ^^^^^^^^^^^^^^^^^^^^^^
    ...<6 lines>...
        extras=conn.extras,
        ^^^^^^^^^^^^^^^^^^^
    )
    ^
  File "C:\Users\sababaei\AppData\Roaming\Python\Python313\site-packages\nornir\core\inventory.py", line 528, in open_connection
    conn_obj.open(
    ~~~~~~~~~~~~~^
        hostname=hostname,
        ^^^^^^^^^^^^^^^^^^
    ...<5 lines>...
        configuration=configuration,
        ^^^^^^^^^^^^^^^^^^^^^^^^^^^^
    )
    ^
  File "C:\Users\sababaei\AppData\Roaming\Python\Python313\site-packages\nornir_napalm\plugins\connections\__init__.py", line 57, in open
    connection.open()
    ~~~~~~~~~~~~~~~^^
  File "C:\Users\sababaei\AppData\Roaming\Python\Python313\site-packages\napalm\ios\ios.py", line 172, in open
    self.device = self._netmiko_open(
                  ~~~~~~~~~~~~~~~~~~^
        device_type, netmiko_optional_args=self.netmiko_optional_args
        ^^^^^^^^^^^^^^^^^^^^^^^^^^^^^^^^^^^^^^^^^^^^^^^^^^^^^^^^^^^^^
    )
    ^
  File "C:\Users\sababaei\AppData\Roaming\Python\Python313\site-packages\napalm\base\base.py", line 129, in _netmiko_open
    self._netmiko_device.enable()
    ~~~~~~~~~~~~~~~~~~~~~~~~~~~^^
  File "C:\Users\sababaei\AppData\Roaming\Python\Python313\site-packages\netmiko\cisco_base_connection.py", line 27, in enable
    return super().enable(
           ~~~~~~~~~~~~~~^
        cmd=cmd,
        ^^^^^^^^
    ...<3 lines>...
        re_flags=re_flags,
        ^^^^^^^^^^^^^^^^^^
    )
    ^
  File "C:\Users\sababaei\AppData\Roaming\Python\Python313\site-packages\netmiko\base_connection.py", line 2067, in enable
    raise ValueError(msg)
ValueError: Failed to enter enable mode. Please ensure you pass the 'secret' argument to ConnectHandler.

2026-02-06 12:28:29,804 - nornir.core.task -    ERROR -      start() - Host 'router2': task 'multiple_task' failed with traceback:
Traceback (most recent call last):
  File "C:\Users\sababaei\AppData\Roaming\Python\Python313\site-packages\nornir\core\task.py", line 98, in start
    r = self.task(self, **self.params)
  File "C:\Users\sababaei\Desktop\Shakhsi\Automation\Nornir\test.py", line 14, in multiple_task
    task.run(
    ~~~~~~~~^
        task=napalm_cli, commands=["show ip int brief"]
        ^^^^^^^^^^^^^^^^^^^^^^^^^^^^^^^^^^^^^^^^^^^^^^^
    )
    ^
  File "C:\Users\sababaei\AppData\Roaming\Python\Python313\site-packages\nornir\core\task.py", line 173, in run
    raise NornirSubTaskError(task=run_task, result=r)
nornir.core.exceptions.NornirSubTaskError: Subtask: napalm_cli (failed)


2026-02-06 12:28:29,834 - nornir.core.task -    ERROR -      start() - Host 'router4': task 'napalm_cli' failed with traceback:
Traceback (most recent call last):
  File "C:\Users\sababaei\AppData\Roaming\Python\Python313\site-packages\nornir\core\task.py", line 98, in start
    r = self.task(self, **self.params)
  File "C:\Users\sababaei\AppData\Roaming\Python\Python313\site-packages\nornir_napalm\plugins\tasks\napalm_cli.py", line 19, in napalm_cli
    device = task.host.get_connection(CONNECTION_NAME, task.nornir.config)
  File "C:\Users\sababaei\AppData\Roaming\Python\Python313\site-packages\nornir\core\inventory.py", line 476, in get_connection
    self.open_connection(
    ~~~~~~~~~~~~~~~~~~~~^
        connection=connection,
        ^^^^^^^^^^^^^^^^^^^^^^
    ...<6 lines>...
        extras=conn.extras,
        ^^^^^^^^^^^^^^^^^^^
    )
    ^
  File "C:\Users\sababaei\AppData\Roaming\Python\Python313\site-packages\nornir\core\inventory.py", line 528, in open_connection
    conn_obj.open(
    ~~~~~~~~~~~~~^
        hostname=hostname,
        ^^^^^^^^^^^^^^^^^^
    ...<5 lines>...
        configuration=configuration,
        ^^^^^^^^^^^^^^^^^^^^^^^^^^^^
    )
    ^
  File "C:\Users\sababaei\AppData\Roaming\Python\Python313\site-packages\nornir_napalm\plugins\connections\__init__.py", line 57, in open
    connection.open()
    ~~~~~~~~~~~~~~~^^
  File "C:\Users\sababaei\AppData\Roaming\Python\Python313\site-packages\napalm\ios\ios.py", line 172, in open
    self.device = self._netmiko_open(
                  ~~~~~~~~~~~~~~~~~~^
        device_type, netmiko_optional_args=self.netmiko_optional_args
        ^^^^^^^^^^^^^^^^^^^^^^^^^^^^^^^^^^^^^^^^^^^^^^^^^^^^^^^^^^^^^
    )
    ^
  File "C:\Users\sababaei\AppData\Roaming\Python\Python313\site-packages\napalm\base\base.py", line 129, in _netmiko_open
    self._netmiko_device.enable()
    ~~~~~~~~~~~~~~~~~~~~~~~~~~~^^
  File "C:\Users\sababaei\AppData\Roaming\Python\Python313\site-packages\netmiko\cisco_base_connection.py", line 27, in enable
    return super().enable(
           ~~~~~~~~~~~~~~^
        cmd=cmd,
        ^^^^^^^^
    ...<3 lines>...
        re_flags=re_flags,
        ^^^^^^^^^^^^^^^^^^
    )
    ^
  File "C:\Users\sababaei\AppData\Roaming\Python\Python313\site-packages\netmiko\base_connection.py", line 2067, in enable
    raise ValueError(msg)
ValueError: Failed to enter enable mode. Please ensure you pass the 'secret' argument to ConnectHandler.

2026-02-06 12:28:29,837 - nornir.core.task -    ERROR -      start() - Host 'router4': task 'multiple_task' failed with traceback:
Traceback (most recent call last):
  File "C:\Users\sababaei\AppData\Roaming\Python\Python313\site-packages\nornir\core\task.py", line 98, in start
    r = self.task(self, **self.params)
  File "C:\Users\sababaei\Desktop\Shakhsi\Automation\Nornir\test.py", line 14, in multiple_task
    task.run(
    ~~~~~~~~^
        task=napalm_cli, commands=["show ip int brief"]
        ^^^^^^^^^^^^^^^^^^^^^^^^^^^^^^^^^^^^^^^^^^^^^^^
    )
    ^
  File "C:\Users\sababaei\AppData\Roaming\Python\Python313\site-packages\nornir\core\task.py", line 173, in run
    raise NornirSubTaskError(task=run_task, result=r)
nornir.core.exceptions.NornirSubTaskError: Subtask: napalm_cli (failed)


2026-02-06 12:28:29,864 - nornir.core.task -    ERROR -      start() - Host 'router3': task 'napalm_cli' failed with traceback:
Traceback (most recent call last):
  File "C:\Users\sababaei\AppData\Roaming\Python\Python313\site-packages\nornir\core\task.py", line 98, in start
    r = self.task(self, **self.params)
  File "C:\Users\sababaei\AppData\Roaming\Python\Python313\site-packages\nornir_napalm\plugins\tasks\napalm_cli.py", line 19, in napalm_cli
    device = task.host.get_connection(CONNECTION_NAME, task.nornir.config)
  File "C:\Users\sababaei\AppData\Roaming\Python\Python313\site-packages\nornir\core\inventory.py", line 476, in get_connection
    self.open_connection(
    ~~~~~~~~~~~~~~~~~~~~^
        connection=connection,
        ^^^^^^^^^^^^^^^^^^^^^^
    ...<6 lines>...
        extras=conn.extras,
        ^^^^^^^^^^^^^^^^^^^
    )
    ^
  File "C:\Users\sababaei\AppData\Roaming\Python\Python313\site-packages\nornir\core\inventory.py", line 528, in open_connection
    conn_obj.open(
    ~~~~~~~~~~~~~^
        hostname=hostname,
        ^^^^^^^^^^^^^^^^^^
    ...<5 lines>...
        configuration=configuration,
        ^^^^^^^^^^^^^^^^^^^^^^^^^^^^
    )
    ^
  File "C:\Users\sababaei\AppData\Roaming\Python\Python313\site-packages\nornir_napalm\plugins\connections\__init__.py", line 57, in open
    connection.open()
    ~~~~~~~~~~~~~~~^^
  File "C:\Users\sababaei\AppData\Roaming\Python\Python313\site-packages\napalm\ios\ios.py", line 172, in open
    self.device = self._netmiko_open(
                  ~~~~~~~~~~~~~~~~~~^
        device_type, netmiko_optional_args=self.netmiko_optional_args
        ^^^^^^^^^^^^^^^^^^^^^^^^^^^^^^^^^^^^^^^^^^^^^^^^^^^^^^^^^^^^^
    )
    ^
  File "C:\Users\sababaei\AppData\Roaming\Python\Python313\site-packages\napalm\base\base.py", line 129, in _netmiko_open
    self._netmiko_device.enable()
    ~~~~~~~~~~~~~~~~~~~~~~~~~~~^^
  File "C:\Users\sababaei\AppData\Roaming\Python\Python313\site-packages\netmiko\cisco_base_connection.py", line 27, in enable
    return super().enable(
           ~~~~~~~~~~~~~~^
        cmd=cmd,
        ^^^^^^^^
    ...<3 lines>...
        re_flags=re_flags,
        ^^^^^^^^^^^^^^^^^^
    )
    ^
  File "C:\Users\sababaei\AppData\Roaming\Python\Python313\site-packages\netmiko\base_connection.py", line 2067, in enable
    raise ValueError(msg)
ValueError: Failed to enter enable mode. Please ensure you pass the 'secret' argument to ConnectHandler.

2026-02-06 12:28:29,866 - nornir.core.task -    ERROR -      start() - Host 'router3': task 'multiple_task' failed with traceback:
Traceback (most recent call last):
  File "C:\Users\sababaei\AppData\Roaming\Python\Python313\site-packages\nornir\core\task.py", line 98, in start
    r = self.task(self, **self.params)
  File "C:\Users\sababaei\Desktop\Shakhsi\Automation\Nornir\test.py", line 14, in multiple_task
    task.run(
    ~~~~~~~~^
        task=napalm_cli, commands=["show ip int brief"]
        ^^^^^^^^^^^^^^^^^^^^^^^^^^^^^^^^^^^^^^^^^^^^^^^
    )
    ^
  File "C:\Users\sababaei\AppData\Roaming\Python\Python313\site-packages\nornir\core\task.py", line 173, in run
    raise NornirSubTaskError(task=run_task, result=r)
nornir.core.exceptions.NornirSubTaskError: Subtask: napalm_cli (failed)


2026-02-06 12:33:14,021 -  nornir.core -     INFO -        run() - Running task 'multiple_task' with args {} on 4 hosts
2026-02-06 13:30:44,847 -  nornir.core -     INFO -        run() - Running task 'napalm_get' with args {'getters': ['interfaces']} on 4 hosts
2026-02-06 13:34:31,638 -  nornir.core -     INFO -        run() - Running task 'napalm_get' with args {'getters': ['interfaces']} on 4 hosts
2026-02-06 13:36:49,949 -  nornir.core -     INFO -        run() - Running task 'napalm_get' with args {'getters': ['interfaces']} on 4 hosts
2026-02-06 13:43:39,951 -  nornir.core -     INFO -        run() - Running task 'napalm_configure' with args {'configuration': 'interface loo100'} on 4 hosts
2026-02-06 13:43:44,840 - nornir.core.task -    ERROR -      start() - Host 'router3': task 'napalm_configure' failed with traceback:
Traceback (most recent call last):
  File "C:\Users\sababaei\AppData\Roaming\Python\Python313\site-packages\nornir\core\task.py", line 98, in start
    r = self.task(self, **self.params)
  File "C:\Users\sababaei\AppData\Roaming\Python\Python313\site-packages\nornir_napalm\plugins\tasks\napalm_configure.py", line 36, in napalm_configure
    device.load_merge_candidate(filename=filename, config=configuration)
    ~~~~~~~~~~~~~~~~~~~~~~~~~~~^^^^^^^^^^^^^^^^^^^^^^^^^^^^^^^^^^^^^^^^^
  File "C:\Users\sababaei\AppData\Roaming\Python\Python313\site-packages\napalm\ios\ios.py", line 319, in load_merge_candidate
    return_status, msg = self._load_candidate_wrapper(
                         ~~~~~~~~~~~~~~~~~~~~~~~~~~~~^
        source_file=filename,
        ^^^^^^^^^^^^^^^^^^^^^
    ...<2 lines>...
        file_system=self.dest_file_system,
        ^^^^^^^^^^^^^^^^^^^^^^^^^^^^^^^^^^
    )
    ^
  File "C:\Users\sababaei\AppData\Roaming\Python\Python313\site-packages\napalm\ios\ios.py", line 273, in _load_candidate_wrapper
    (return_status, msg) = self._scp_file(
                           ~~~~~~~~~~~~~~^
        source_file=tmp_file, dest_file=dest_file, file_system=file_system
        ^^^^^^^^^^^^^^^^^^^^^^^^^^^^^^^^^^^^^^^^^^^^^^^^^^^^^^^^^^^^^^^^^^
    )
    ^
  File "C:\Users\sababaei\AppData\Roaming\Python\Python313\site-packages\napalm\ios\ios.py", line 735, in _scp_file
    return self._xfer_file(
           ~~~~~~~~~~~~~~~^
        source_file=source_file,
        ^^^^^^^^^^^^^^^^^^^^^^^^
    ...<2 lines>...
        TransferClass=FileTransfer,
        ^^^^^^^^^^^^^^^^^^^^^^^^^^^
    )
    ^
  File "C:\Users\sababaei\AppData\Roaming\Python\Python313\site-packages\napalm\ios\ios.py", line 785, in _xfer_file
    with TransferClass(**kwargs) as transfer:
         ~~~~~~~~~~~~~^^^^^^^^^^
  File "C:\Users\sababaei\AppData\Roaming\Python\Python313\site-packages\netmiko\scp_handler.py", line 121, in __enter__
    self.establish_scp_conn()
    ~~~~~~~~~~~~~~~~~~~~~~~^^
  File "C:\Users\sababaei\AppData\Roaming\Python\Python313\site-packages\netmiko\scp_handler.py", line 135, in establish_scp_conn
    self.scp_conn = SCPConn(
                    ~~~~~~~^
        self.ssh_ctl_chan,
        ^^^^^^^^^^^^^^^^^^
    ...<2 lines>...
        progress4=self.progress4,
        ^^^^^^^^^^^^^^^^^^^^^^^^^
    )
    ^
  File "C:\Users\sababaei\AppData\Roaming\Python\Python313\site-packages\netmiko\scp_handler.py", line 41, in __init__
    self.establish_scp_conn()
    ~~~~~~~~~~~~~~~~~~~~~~~^^
  File "C:\Users\sababaei\AppData\Roaming\Python\Python313\site-packages\netmiko\scp_handler.py", line 47, in establish_scp_conn
    self.scp_conn.connect(**ssh_connect_params)
    ~~~~~~~~~~~~~~~~~~~~~^^^^^^^^^^^^^^^^^^^^^^
  File "C:\Users\sababaei\AppData\Roaming\Python\Python313\site-packages\paramiko\client.py", line 407, in connect
    raise NoValidConnectionsError(errors)
paramiko.ssh_exception.NoValidConnectionsError: [Errno None] Unable to connect to port 22 on 192.168.199.30

2026-02-06 13:43:44,880 - nornir.core.task -    ERROR -      start() - Host 'router2': task 'napalm_configure' failed with traceback:
Traceback (most recent call last):
  File "C:\Users\sababaei\AppData\Roaming\Python\Python313\site-packages\nornir\core\task.py", line 98, in start
    r = self.task(self, **self.params)
  File "C:\Users\sababaei\AppData\Roaming\Python\Python313\site-packages\nornir_napalm\plugins\tasks\napalm_configure.py", line 36, in napalm_configure
    device.load_merge_candidate(filename=filename, config=configuration)
    ~~~~~~~~~~~~~~~~~~~~~~~~~~~^^^^^^^^^^^^^^^^^^^^^^^^^^^^^^^^^^^^^^^^^
  File "C:\Users\sababaei\AppData\Roaming\Python\Python313\site-packages\napalm\ios\ios.py", line 319, in load_merge_candidate
    return_status, msg = self._load_candidate_wrapper(
                         ~~~~~~~~~~~~~~~~~~~~~~~~~~~~^
        source_file=filename,
        ^^^^^^^^^^^^^^^^^^^^^
    ...<2 lines>...
        file_system=self.dest_file_system,
        ^^^^^^^^^^^^^^^^^^^^^^^^^^^^^^^^^^
    )
    ^
  File "C:\Users\sababaei\AppData\Roaming\Python\Python313\site-packages\napalm\ios\ios.py", line 273, in _load_candidate_wrapper
    (return_status, msg) = self._scp_file(
                           ~~~~~~~~~~~~~~^
        source_file=tmp_file, dest_file=dest_file, file_system=file_system
        ^^^^^^^^^^^^^^^^^^^^^^^^^^^^^^^^^^^^^^^^^^^^^^^^^^^^^^^^^^^^^^^^^^
    )
    ^
  File "C:\Users\sababaei\AppData\Roaming\Python\Python313\site-packages\napalm\ios\ios.py", line 735, in _scp_file
    return self._xfer_file(
           ~~~~~~~~~~~~~~~^
        source_file=source_file,
        ^^^^^^^^^^^^^^^^^^^^^^^^
    ...<2 lines>...
        TransferClass=FileTransfer,
        ^^^^^^^^^^^^^^^^^^^^^^^^^^^
    )
    ^
  File "C:\Users\sababaei\AppData\Roaming\Python\Python313\site-packages\napalm\ios\ios.py", line 785, in _xfer_file
    with TransferClass(**kwargs) as transfer:
         ~~~~~~~~~~~~~^^^^^^^^^^
  File "C:\Users\sababaei\AppData\Roaming\Python\Python313\site-packages\netmiko\scp_handler.py", line 121, in __enter__
    self.establish_scp_conn()
    ~~~~~~~~~~~~~~~~~~~~~~~^^
  File "C:\Users\sababaei\AppData\Roaming\Python\Python313\site-packages\netmiko\scp_handler.py", line 135, in establish_scp_conn
    self.scp_conn = SCPConn(
                    ~~~~~~~^
        self.ssh_ctl_chan,
        ^^^^^^^^^^^^^^^^^^
    ...<2 lines>...
        progress4=self.progress4,
        ^^^^^^^^^^^^^^^^^^^^^^^^^
    )
    ^
  File "C:\Users\sababaei\AppData\Roaming\Python\Python313\site-packages\netmiko\scp_handler.py", line 41, in __init__
    self.establish_scp_conn()
    ~~~~~~~~~~~~~~~~~~~~~~~^^
  File "C:\Users\sababaei\AppData\Roaming\Python\Python313\site-packages\netmiko\scp_handler.py", line 47, in establish_scp_conn
    self.scp_conn.connect(**ssh_connect_params)
    ~~~~~~~~~~~~~~~~~~~~~^^^^^^^^^^^^^^^^^^^^^^
  File "C:\Users\sababaei\AppData\Roaming\Python\Python313\site-packages\paramiko\client.py", line 407, in connect
    raise NoValidConnectionsError(errors)
paramiko.ssh_exception.NoValidConnectionsError: [Errno None] Unable to connect to port 22 on 192.168.199.30

2026-02-06 13:43:44,992 - nornir.core.task -    ERROR -      start() - Host 'router4': task 'napalm_configure' failed with traceback:
Traceback (most recent call last):
  File "C:\Users\sababaei\AppData\Roaming\Python\Python313\site-packages\nornir\core\task.py", line 98, in start
    r = self.task(self, **self.params)
  File "C:\Users\sababaei\AppData\Roaming\Python\Python313\site-packages\nornir_napalm\plugins\tasks\napalm_configure.py", line 36, in napalm_configure
    device.load_merge_candidate(filename=filename, config=configuration)
    ~~~~~~~~~~~~~~~~~~~~~~~~~~~^^^^^^^^^^^^^^^^^^^^^^^^^^^^^^^^^^^^^^^^^
  File "C:\Users\sababaei\AppData\Roaming\Python\Python313\site-packages\napalm\ios\ios.py", line 319, in load_merge_candidate
    return_status, msg = self._load_candidate_wrapper(
                         ~~~~~~~~~~~~~~~~~~~~~~~~~~~~^
        source_file=filename,
        ^^^^^^^^^^^^^^^^^^^^^
    ...<2 lines>...
        file_system=self.dest_file_system,
        ^^^^^^^^^^^^^^^^^^^^^^^^^^^^^^^^^^
    )
    ^
  File "C:\Users\sababaei\AppData\Roaming\Python\Python313\site-packages\napalm\ios\ios.py", line 273, in _load_candidate_wrapper
    (return_status, msg) = self._scp_file(
                           ~~~~~~~~~~~~~~^
        source_file=tmp_file, dest_file=dest_file, file_system=file_system
        ^^^^^^^^^^^^^^^^^^^^^^^^^^^^^^^^^^^^^^^^^^^^^^^^^^^^^^^^^^^^^^^^^^
    )
    ^
  File "C:\Users\sababaei\AppData\Roaming\Python\Python313\site-packages\napalm\ios\ios.py", line 735, in _scp_file
    return self._xfer_file(
           ~~~~~~~~~~~~~~~^
        source_file=source_file,
        ^^^^^^^^^^^^^^^^^^^^^^^^
    ...<2 lines>...
        TransferClass=FileTransfer,
        ^^^^^^^^^^^^^^^^^^^^^^^^^^^
    )
    ^
  File "C:\Users\sababaei\AppData\Roaming\Python\Python313\site-packages\napalm\ios\ios.py", line 785, in _xfer_file
    with TransferClass(**kwargs) as transfer:
         ~~~~~~~~~~~~~^^^^^^^^^^
  File "C:\Users\sababaei\AppData\Roaming\Python\Python313\site-packages\netmiko\scp_handler.py", line 121, in __enter__
    self.establish_scp_conn()
    ~~~~~~~~~~~~~~~~~~~~~~~^^
  File "C:\Users\sababaei\AppData\Roaming\Python\Python313\site-packages\netmiko\scp_handler.py", line 135, in establish_scp_conn
    self.scp_conn = SCPConn(
                    ~~~~~~~^
        self.ssh_ctl_chan,
        ^^^^^^^^^^^^^^^^^^
    ...<2 lines>...
        progress4=self.progress4,
        ^^^^^^^^^^^^^^^^^^^^^^^^^
    )
    ^
  File "C:\Users\sababaei\AppData\Roaming\Python\Python313\site-packages\netmiko\scp_handler.py", line 41, in __init__
    self.establish_scp_conn()
    ~~~~~~~~~~~~~~~~~~~~~~~^^
  File "C:\Users\sababaei\AppData\Roaming\Python\Python313\site-packages\netmiko\scp_handler.py", line 47, in establish_scp_conn
    self.scp_conn.connect(**ssh_connect_params)
    ~~~~~~~~~~~~~~~~~~~~~^^^^^^^^^^^^^^^^^^^^^^
  File "C:\Users\sababaei\AppData\Roaming\Python\Python313\site-packages\paramiko\client.py", line 407, in connect
    raise NoValidConnectionsError(errors)
paramiko.ssh_exception.NoValidConnectionsError: [Errno None] Unable to connect to port 22 on 192.168.199.30

2026-02-06 13:43:45,984 - nornir.core.task -    ERROR -      start() - Host 'router1': task 'napalm_configure' failed with traceback:
Traceback (most recent call last):
  File "C:\Users\sababaei\AppData\Roaming\Python\Python313\site-packages\nornir\core\task.py", line 98, in start
    r = self.task(self, **self.params)
  File "C:\Users\sababaei\AppData\Roaming\Python\Python313\site-packages\nornir_napalm\plugins\tasks\napalm_configure.py", line 36, in napalm_configure
    device.load_merge_candidate(filename=filename, config=configuration)
    ~~~~~~~~~~~~~~~~~~~~~~~~~~~^^^^^^^^^^^^^^^^^^^^^^^^^^^^^^^^^^^^^^^^^
  File "C:\Users\sababaei\AppData\Roaming\Python\Python313\site-packages\napalm\ios\ios.py", line 319, in load_merge_candidate
    return_status, msg = self._load_candidate_wrapper(
                         ~~~~~~~~~~~~~~~~~~~~~~~~~~~~^
        source_file=filename,
        ^^^^^^^^^^^^^^^^^^^^^
    ...<2 lines>...
        file_system=self.dest_file_system,
        ^^^^^^^^^^^^^^^^^^^^^^^^^^^^^^^^^^
    )
    ^
  File "C:\Users\sababaei\AppData\Roaming\Python\Python313\site-packages\napalm\ios\ios.py", line 273, in _load_candidate_wrapper
    (return_status, msg) = self._scp_file(
                           ~~~~~~~~~~~~~~^
        source_file=tmp_file, dest_file=dest_file, file_system=file_system
        ^^^^^^^^^^^^^^^^^^^^^^^^^^^^^^^^^^^^^^^^^^^^^^^^^^^^^^^^^^^^^^^^^^
    )
    ^
  File "C:\Users\sababaei\AppData\Roaming\Python\Python313\site-packages\napalm\ios\ios.py", line 735, in _scp_file
    return self._xfer_file(
           ~~~~~~~~~~~~~~~^
        source_file=source_file,
        ^^^^^^^^^^^^^^^^^^^^^^^^
    ...<2 lines>...
        TransferClass=FileTransfer,
        ^^^^^^^^^^^^^^^^^^^^^^^^^^^
    )
    ^
  File "C:\Users\sababaei\AppData\Roaming\Python\Python313\site-packages\napalm\ios\ios.py", line 803, in _xfer_file
    raise CommandErrorException(msg)
napalm.base.exceptions.CommandErrorException: SCP file transfers are not enabled. Configure 'ip scp server enable' on the device.

2026-02-06 13:46:23,087 -  nornir.core -     INFO -        run() - Running task 'napalm_configure' with args {'configuration': 'interface loo100'} on 4 hosts
2026-02-06 13:46:25,725 - nornir.core.task -    ERROR -      start() - Host 'router1': task 'napalm_configure' failed with traceback:
Traceback (most recent call last):
  File "C:\Users\sababaei\AppData\Roaming\Python\Python313\site-packages\paramiko\transport.py", line 2363, in _check_banner
    buf = self.packetizer.readline(timeout)
  File "C:\Users\sababaei\AppData\Roaming\Python\Python313\site-packages\paramiko\packet.py", line 395, in readline
    buf += self._read_timeout(timeout)
           ~~~~~~~~~~~~~~~~~~^^^^^^^^^
  File "C:\Users\sababaei\AppData\Roaming\Python\Python313\site-packages\paramiko\packet.py", line 665, in _read_timeout
    raise EOFError()
EOFError

During handling of the above exception, another exception occurred:

Traceback (most recent call last):
  File "C:\Users\sababaei\AppData\Roaming\Python\Python313\site-packages\nornir\core\task.py", line 98, in start
    r = self.task(self, **self.params)
  File "C:\Users\sababaei\AppData\Roaming\Python\Python313\site-packages\nornir_napalm\plugins\tasks\napalm_configure.py", line 36, in napalm_configure
    device.load_merge_candidate(filename=filename, config=configuration)
    ~~~~~~~~~~~~~~~~~~~~~~~~~~~^^^^^^^^^^^^^^^^^^^^^^^^^^^^^^^^^^^^^^^^^
  File "C:\Users\sababaei\AppData\Roaming\Python\Python313\site-packages\napalm\ios\ios.py", line 319, in load_merge_candidate
    return_status, msg = self._load_candidate_wrapper(
                         ~~~~~~~~~~~~~~~~~~~~~~~~~~~~^
        source_file=filename,
        ^^^^^^^^^^^^^^^^^^^^^
    ...<2 lines>...
        file_system=self.dest_file_system,
        ^^^^^^^^^^^^^^^^^^^^^^^^^^^^^^^^^^
    )
    ^
  File "C:\Users\sababaei\AppData\Roaming\Python\Python313\site-packages\napalm\ios\ios.py", line 273, in _load_candidate_wrapper
    (return_status, msg) = self._scp_file(
                           ~~~~~~~~~~~~~~^
        source_file=tmp_file, dest_file=dest_file, file_system=file_system
        ^^^^^^^^^^^^^^^^^^^^^^^^^^^^^^^^^^^^^^^^^^^^^^^^^^^^^^^^^^^^^^^^^^
    )
    ^
  File "C:\Users\sababaei\AppData\Roaming\Python\Python313\site-packages\napalm\ios\ios.py", line 735, in _scp_file
    return self._xfer_file(
           ~~~~~~~~~~~~~~~^
        source_file=source_file,
        ^^^^^^^^^^^^^^^^^^^^^^^^
    ...<2 lines>...
        TransferClass=FileTransfer,
        ^^^^^^^^^^^^^^^^^^^^^^^^^^^
    )
    ^
  File "C:\Users\sababaei\AppData\Roaming\Python\Python313\site-packages\napalm\ios\ios.py", line 785, in _xfer_file
    with TransferClass(**kwargs) as transfer:
         ~~~~~~~~~~~~~^^^^^^^^^^
  File "C:\Users\sababaei\AppData\Roaming\Python\Python313\site-packages\netmiko\scp_handler.py", line 121, in __enter__
    self.establish_scp_conn()
    ~~~~~~~~~~~~~~~~~~~~~~~^^
  File "C:\Users\sababaei\AppData\Roaming\Python\Python313\site-packages\netmiko\scp_handler.py", line 135, in establish_scp_conn
    self.scp_conn = SCPConn(
                    ~~~~~~~^
        self.ssh_ctl_chan,
        ^^^^^^^^^^^^^^^^^^
    ...<2 lines>...
        progress4=self.progress4,
        ^^^^^^^^^^^^^^^^^^^^^^^^^
    )
    ^
  File "C:\Users\sababaei\AppData\Roaming\Python\Python313\site-packages\netmiko\scp_handler.py", line 41, in __init__
    self.establish_scp_conn()
    ~~~~~~~~~~~~~~~~~~~~~~~^^
  File "C:\Users\sababaei\AppData\Roaming\Python\Python313\site-packages\netmiko\scp_handler.py", line 47, in establish_scp_conn
    self.scp_conn.connect(**ssh_connect_params)
    ~~~~~~~~~~~~~~~~~~~~~^^^^^^^^^^^^^^^^^^^^^^
  File "C:\Users\sababaei\AppData\Roaming\Python\Python313\site-packages\paramiko\client.py", line 449, in connect
    t.start_client(timeout=timeout)
    ~~~~~~~~~~~~~~^^^^^^^^^^^^^^^^^
  File "C:\Users\sababaei\AppData\Roaming\Python\Python313\site-packages\paramiko\transport.py", line 768, in start_client
    raise e
  File "C:\Users\sababaei\AppData\Roaming\Python\Python313\site-packages\paramiko\transport.py", line 2179, in run
    self._check_banner()
    ~~~~~~~~~~~~~~~~~~^^
  File "C:\Users\sababaei\AppData\Roaming\Python\Python313\site-packages\paramiko\transport.py", line 2367, in _check_banner
    raise SSHException(
        "Error reading SSH protocol banner" + str(e)
    )
paramiko.ssh_exception.SSHException: Error reading SSH protocol banner

2026-02-06 13:46:25,887 - nornir.core.task -    ERROR -      start() - Host 'router2': task 'napalm_configure' failed with traceback:
Traceback (most recent call last):
  File "C:\Users\sababaei\AppData\Roaming\Python\Python313\site-packages\paramiko\transport.py", line 2363, in _check_banner
    buf = self.packetizer.readline(timeout)
  File "C:\Users\sababaei\AppData\Roaming\Python\Python313\site-packages\paramiko\packet.py", line 395, in readline
    buf += self._read_timeout(timeout)
           ~~~~~~~~~~~~~~~~~~^^^^^^^^^
  File "C:\Users\sababaei\AppData\Roaming\Python\Python313\site-packages\paramiko\packet.py", line 665, in _read_timeout
    raise EOFError()
EOFError

During handling of the above exception, another exception occurred:

Traceback (most recent call last):
  File "C:\Users\sababaei\AppData\Roaming\Python\Python313\site-packages\nornir\core\task.py", line 98, in start
    r = self.task(self, **self.params)
  File "C:\Users\sababaei\AppData\Roaming\Python\Python313\site-packages\nornir_napalm\plugins\tasks\napalm_configure.py", line 36, in napalm_configure
    device.load_merge_candidate(filename=filename, config=configuration)
    ~~~~~~~~~~~~~~~~~~~~~~~~~~~^^^^^^^^^^^^^^^^^^^^^^^^^^^^^^^^^^^^^^^^^
  File "C:\Users\sababaei\AppData\Roaming\Python\Python313\site-packages\napalm\ios\ios.py", line 319, in load_merge_candidate
    return_status, msg = self._load_candidate_wrapper(
                         ~~~~~~~~~~~~~~~~~~~~~~~~~~~~^
        source_file=filename,
        ^^^^^^^^^^^^^^^^^^^^^
    ...<2 lines>...
        file_system=self.dest_file_system,
        ^^^^^^^^^^^^^^^^^^^^^^^^^^^^^^^^^^
    )
    ^
  File "C:\Users\sababaei\AppData\Roaming\Python\Python313\site-packages\napalm\ios\ios.py", line 273, in _load_candidate_wrapper
    (return_status, msg) = self._scp_file(
                           ~~~~~~~~~~~~~~^
        source_file=tmp_file, dest_file=dest_file, file_system=file_system
        ^^^^^^^^^^^^^^^^^^^^^^^^^^^^^^^^^^^^^^^^^^^^^^^^^^^^^^^^^^^^^^^^^^
    )
    ^
  File "C:\Users\sababaei\AppData\Roaming\Python\Python313\site-packages\napalm\ios\ios.py", line 735, in _scp_file
    return self._xfer_file(
           ~~~~~~~~~~~~~~~^
        source_file=source_file,
        ^^^^^^^^^^^^^^^^^^^^^^^^
    ...<2 lines>...
        TransferClass=FileTransfer,
        ^^^^^^^^^^^^^^^^^^^^^^^^^^^
    )
    ^
  File "C:\Users\sababaei\AppData\Roaming\Python\Python313\site-packages\napalm\ios\ios.py", line 785, in _xfer_file
    with TransferClass(**kwargs) as transfer:
         ~~~~~~~~~~~~~^^^^^^^^^^
  File "C:\Users\sababaei\AppData\Roaming\Python\Python313\site-packages\netmiko\scp_handler.py", line 121, in __enter__
    self.establish_scp_conn()
    ~~~~~~~~~~~~~~~~~~~~~~~^^
  File "C:\Users\sababaei\AppData\Roaming\Python\Python313\site-packages\netmiko\scp_handler.py", line 135, in establish_scp_conn
    self.scp_conn = SCPConn(
                    ~~~~~~~^
        self.ssh_ctl_chan,
        ^^^^^^^^^^^^^^^^^^
    ...<2 lines>...
        progress4=self.progress4,
        ^^^^^^^^^^^^^^^^^^^^^^^^^
    )
    ^
  File "C:\Users\sababaei\AppData\Roaming\Python\Python313\site-packages\netmiko\scp_handler.py", line 41, in __init__
    self.establish_scp_conn()
    ~~~~~~~~~~~~~~~~~~~~~~~^^
  File "C:\Users\sababaei\AppData\Roaming\Python\Python313\site-packages\netmiko\scp_handler.py", line 47, in establish_scp_conn
    self.scp_conn.connect(**ssh_connect_params)
    ~~~~~~~~~~~~~~~~~~~~~^^^^^^^^^^^^^^^^^^^^^^
  File "C:\Users\sababaei\AppData\Roaming\Python\Python313\site-packages\paramiko\client.py", line 449, in connect
    t.start_client(timeout=timeout)
    ~~~~~~~~~~~~~~^^^^^^^^^^^^^^^^^
  File "C:\Users\sababaei\AppData\Roaming\Python\Python313\site-packages\paramiko\transport.py", line 768, in start_client
    raise e
  File "C:\Users\sababaei\AppData\Roaming\Python\Python313\site-packages\paramiko\transport.py", line 2179, in run
    self._check_banner()
    ~~~~~~~~~~~~~~~~~~^^
  File "C:\Users\sababaei\AppData\Roaming\Python\Python313\site-packages\paramiko\transport.py", line 2367, in _check_banner
    raise SSHException(
        "Error reading SSH protocol banner" + str(e)
    )
paramiko.ssh_exception.SSHException: Error reading SSH protocol banner

2026-02-06 13:46:27,918 - nornir.core.task -    ERROR -      start() - Host 'router4': task 'napalm_configure' failed with traceback:
Traceback (most recent call last):
  File "C:\Users\sababaei\AppData\Roaming\Python\Python313\site-packages\nornir\core\task.py", line 98, in start
    r = self.task(self, **self.params)
  File "C:\Users\sababaei\AppData\Roaming\Python\Python313\site-packages\nornir_napalm\plugins\tasks\napalm_configure.py", line 36, in napalm_configure
    device.load_merge_candidate(filename=filename, config=configuration)
    ~~~~~~~~~~~~~~~~~~~~~~~~~~~^^^^^^^^^^^^^^^^^^^^^^^^^^^^^^^^^^^^^^^^^
  File "C:\Users\sababaei\AppData\Roaming\Python\Python313\site-packages\napalm\ios\ios.py", line 319, in load_merge_candidate
    return_status, msg = self._load_candidate_wrapper(
                         ~~~~~~~~~~~~~~~~~~~~~~~~~~~~^
        source_file=filename,
        ^^^^^^^^^^^^^^^^^^^^^
    ...<2 lines>...
        file_system=self.dest_file_system,
        ^^^^^^^^^^^^^^^^^^^^^^^^^^^^^^^^^^
    )
    ^
  File "C:\Users\sababaei\AppData\Roaming\Python\Python313\site-packages\napalm\ios\ios.py", line 273, in _load_candidate_wrapper
    (return_status, msg) = self._scp_file(
                           ~~~~~~~~~~~~~~^
        source_file=tmp_file, dest_file=dest_file, file_system=file_system
        ^^^^^^^^^^^^^^^^^^^^^^^^^^^^^^^^^^^^^^^^^^^^^^^^^^^^^^^^^^^^^^^^^^
    )
    ^
  File "C:\Users\sababaei\AppData\Roaming\Python\Python313\site-packages\napalm\ios\ios.py", line 735, in _scp_file
    return self._xfer_file(
           ~~~~~~~~~~~~~~~^
        source_file=source_file,
        ^^^^^^^^^^^^^^^^^^^^^^^^
    ...<2 lines>...
        TransferClass=FileTransfer,
        ^^^^^^^^^^^^^^^^^^^^^^^^^^^
    )
    ^
  File "C:\Users\sababaei\AppData\Roaming\Python\Python313\site-packages\napalm\ios\ios.py", line 785, in _xfer_file
    with TransferClass(**kwargs) as transfer:
         ~~~~~~~~~~~~~^^^^^^^^^^
  File "C:\Users\sababaei\AppData\Roaming\Python\Python313\site-packages\netmiko\scp_handler.py", line 121, in __enter__
    self.establish_scp_conn()
    ~~~~~~~~~~~~~~~~~~~~~~~^^
  File "C:\Users\sababaei\AppData\Roaming\Python\Python313\site-packages\netmiko\scp_handler.py", line 135, in establish_scp_conn
    self.scp_conn = SCPConn(
                    ~~~~~~~^
        self.ssh_ctl_chan,
        ^^^^^^^^^^^^^^^^^^
    ...<2 lines>...
        progress4=self.progress4,
        ^^^^^^^^^^^^^^^^^^^^^^^^^
    )
    ^
  File "C:\Users\sababaei\AppData\Roaming\Python\Python313\site-packages\netmiko\scp_handler.py", line 41, in __init__
    self.establish_scp_conn()
    ~~~~~~~~~~~~~~~~~~~~~~~^^
  File "C:\Users\sababaei\AppData\Roaming\Python\Python313\site-packages\netmiko\scp_handler.py", line 47, in establish_scp_conn
    self.scp_conn.connect(**ssh_connect_params)
    ~~~~~~~~~~~~~~~~~~~~~^^^^^^^^^^^^^^^^^^^^^^
  File "C:\Users\sababaei\AppData\Roaming\Python\Python313\site-packages\paramiko\client.py", line 407, in connect
    raise NoValidConnectionsError(errors)
paramiko.ssh_exception.NoValidConnectionsError: [Errno None] Unable to connect to port 22 on 192.168.199.30

2026-02-06 13:46:29,219 - nornir.core.task -    ERROR -      start() - Host 'router3': task 'napalm_configure' failed with traceback:
Traceback (most recent call last):
  File "C:\Users\sababaei\AppData\Roaming\Python\Python313\site-packages\nornir\core\task.py", line 98, in start
    r = self.task(self, **self.params)
  File "C:\Users\sababaei\AppData\Roaming\Python\Python313\site-packages\nornir_napalm\plugins\tasks\napalm_configure.py", line 36, in napalm_configure
    device.load_merge_candidate(filename=filename, config=configuration)
    ~~~~~~~~~~~~~~~~~~~~~~~~~~~^^^^^^^^^^^^^^^^^^^^^^^^^^^^^^^^^^^^^^^^^
  File "C:\Users\sababaei\AppData\Roaming\Python\Python313\site-packages\napalm\ios\ios.py", line 319, in load_merge_candidate
    return_status, msg = self._load_candidate_wrapper(
                         ~~~~~~~~~~~~~~~~~~~~~~~~~~~~^
        source_file=filename,
        ^^^^^^^^^^^^^^^^^^^^^
    ...<2 lines>...
        file_system=self.dest_file_system,
        ^^^^^^^^^^^^^^^^^^^^^^^^^^^^^^^^^^
    )
    ^
  File "C:\Users\sababaei\AppData\Roaming\Python\Python313\site-packages\napalm\ios\ios.py", line 273, in _load_candidate_wrapper
    (return_status, msg) = self._scp_file(
                           ~~~~~~~~~~~~~~^
        source_file=tmp_file, dest_file=dest_file, file_system=file_system
        ^^^^^^^^^^^^^^^^^^^^^^^^^^^^^^^^^^^^^^^^^^^^^^^^^^^^^^^^^^^^^^^^^^
    )
    ^
  File "C:\Users\sababaei\AppData\Roaming\Python\Python313\site-packages\napalm\ios\ios.py", line 735, in _scp_file
    return self._xfer_file(
           ~~~~~~~~~~~~~~~^
        source_file=source_file,
        ^^^^^^^^^^^^^^^^^^^^^^^^
    ...<2 lines>...
        TransferClass=FileTransfer,
        ^^^^^^^^^^^^^^^^^^^^^^^^^^^
    )
    ^
  File "C:\Users\sababaei\AppData\Roaming\Python\Python313\site-packages\napalm\ios\ios.py", line 803, in _xfer_file
    raise CommandErrorException(msg)
napalm.base.exceptions.CommandErrorException: SCP file transfers are not enabled. Configure 'ip scp server enable' on the device.

2026-02-06 13:47:26,013 -  nornir.core -     INFO -        run() - Running task 'napalm_configure' with args {'configuration': 'interface loo100'} on 4 hosts
2026-02-06 13:47:28,721 - nornir.core.task -    ERROR -      start() - Host 'router3': task 'napalm_configure' failed with traceback:
Traceback (most recent call last):
  File "C:\Users\sababaei\Desktop\Shakhsi\Automation\Nornir\.venv\Lib\site-packages\paramiko\transport.py", line 2363, in _check_banner
    buf = self.packetizer.readline(timeout)
  File "C:\Users\sababaei\Desktop\Shakhsi\Automation\Nornir\.venv\Lib\site-packages\paramiko\packet.py", line 395, in readline
    buf += self._read_timeout(timeout)
           ~~~~~~~~~~~~~~~~~~^^^^^^^^^
  File "C:\Users\sababaei\Desktop\Shakhsi\Automation\Nornir\.venv\Lib\site-packages\paramiko\packet.py", line 665, in _read_timeout
    raise EOFError()
EOFError

During handling of the above exception, another exception occurred:

Traceback (most recent call last):
  File "C:\Users\sababaei\Desktop\Shakhsi\Automation\Nornir\.venv\Lib\site-packages\nornir\core\task.py", line 98, in start
    r = self.task(self, **self.params)
  File "C:\Users\sababaei\Desktop\Shakhsi\Automation\Nornir\.venv\Lib\site-packages\nornir_napalm\plugins\tasks\napalm_configure.py", line 36, in napalm_configure
    device.load_merge_candidate(filename=filename, config=configuration)
    ~~~~~~~~~~~~~~~~~~~~~~~~~~~^^^^^^^^^^^^^^^^^^^^^^^^^^^^^^^^^^^^^^^^^
  File "C:\Users\sababaei\Desktop\Shakhsi\Automation\Nornir\.venv\Lib\site-packages\napalm\ios\ios.py", line 319, in load_merge_candidate
    return_status, msg = self._load_candidate_wrapper(
                         ~~~~~~~~~~~~~~~~~~~~~~~~~~~~^
        source_file=filename,
        ^^^^^^^^^^^^^^^^^^^^^
    ...<2 lines>...
        file_system=self.dest_file_system,
        ^^^^^^^^^^^^^^^^^^^^^^^^^^^^^^^^^^
    )
    ^
  File "C:\Users\sababaei\Desktop\Shakhsi\Automation\Nornir\.venv\Lib\site-packages\napalm\ios\ios.py", line 273, in _load_candidate_wrapper
    (return_status, msg) = self._scp_file(
                           ~~~~~~~~~~~~~~^
        source_file=tmp_file, dest_file=dest_file, file_system=file_system
        ^^^^^^^^^^^^^^^^^^^^^^^^^^^^^^^^^^^^^^^^^^^^^^^^^^^^^^^^^^^^^^^^^^
    )
    ^
  File "C:\Users\sababaei\Desktop\Shakhsi\Automation\Nornir\.venv\Lib\site-packages\napalm\ios\ios.py", line 735, in _scp_file
    return self._xfer_file(
           ~~~~~~~~~~~~~~~^
        source_file=source_file,
        ^^^^^^^^^^^^^^^^^^^^^^^^
    ...<2 lines>...
        TransferClass=FileTransfer,
        ^^^^^^^^^^^^^^^^^^^^^^^^^^^
    )
    ^
  File "C:\Users\sababaei\Desktop\Shakhsi\Automation\Nornir\.venv\Lib\site-packages\napalm\ios\ios.py", line 785, in _xfer_file
    with TransferClass(**kwargs) as transfer:
         ~~~~~~~~~~~~~^^^^^^^^^^
  File "C:\Users\sababaei\Desktop\Shakhsi\Automation\Nornir\.venv\Lib\site-packages\netmiko\scp_handler.py", line 121, in __enter__
    self.establish_scp_conn()
    ~~~~~~~~~~~~~~~~~~~~~~~^^
  File "C:\Users\sababaei\Desktop\Shakhsi\Automation\Nornir\.venv\Lib\site-packages\netmiko\scp_handler.py", line 135, in establish_scp_conn
    self.scp_conn = SCPConn(
                    ~~~~~~~^
        self.ssh_ctl_chan,
        ^^^^^^^^^^^^^^^^^^
    ...<2 lines>...
        progress4=self.progress4,
        ^^^^^^^^^^^^^^^^^^^^^^^^^
    )
    ^
  File "C:\Users\sababaei\Desktop\Shakhsi\Automation\Nornir\.venv\Lib\site-packages\netmiko\scp_handler.py", line 41, in __init__
    self.establish_scp_conn()
    ~~~~~~~~~~~~~~~~~~~~~~~^^
  File "C:\Users\sababaei\Desktop\Shakhsi\Automation\Nornir\.venv\Lib\site-packages\netmiko\scp_handler.py", line 47, in establish_scp_conn
    self.scp_conn.connect(**ssh_connect_params)
    ~~~~~~~~~~~~~~~~~~~~~^^^^^^^^^^^^^^^^^^^^^^
  File "C:\Users\sababaei\Desktop\Shakhsi\Automation\Nornir\.venv\Lib\site-packages\paramiko\client.py", line 449, in connect
    t.start_client(timeout=timeout)
    ~~~~~~~~~~~~~~^^^^^^^^^^^^^^^^^
  File "C:\Users\sababaei\Desktop\Shakhsi\Automation\Nornir\.venv\Lib\site-packages\paramiko\transport.py", line 768, in start_client
    raise e
  File "C:\Users\sababaei\Desktop\Shakhsi\Automation\Nornir\.venv\Lib\site-packages\paramiko\transport.py", line 2179, in run
    self._check_banner()
    ~~~~~~~~~~~~~~~~~~^^
  File "C:\Users\sababaei\Desktop\Shakhsi\Automation\Nornir\.venv\Lib\site-packages\paramiko\transport.py", line 2367, in _check_banner
    raise SSHException(
        "Error reading SSH protocol banner" + str(e)
    )
paramiko.ssh_exception.SSHException: Error reading SSH protocol banner

2026-02-06 13:47:28,721 - nornir.core.task -    ERROR -      start() - Host 'router1': task 'napalm_configure' failed with traceback:
Traceback (most recent call last):
  File "C:\Users\sababaei\Desktop\Shakhsi\Automation\Nornir\.venv\Lib\site-packages\paramiko\transport.py", line 2363, in _check_banner
    buf = self.packetizer.readline(timeout)
  File "C:\Users\sababaei\Desktop\Shakhsi\Automation\Nornir\.venv\Lib\site-packages\paramiko\packet.py", line 395, in readline
    buf += self._read_timeout(timeout)
           ~~~~~~~~~~~~~~~~~~^^^^^^^^^
  File "C:\Users\sababaei\Desktop\Shakhsi\Automation\Nornir\.venv\Lib\site-packages\paramiko\packet.py", line 665, in _read_timeout
    raise EOFError()
EOFError

During handling of the above exception, another exception occurred:

Traceback (most recent call last):
  File "C:\Users\sababaei\Desktop\Shakhsi\Automation\Nornir\.venv\Lib\site-packages\nornir\core\task.py", line 98, in start
    r = self.task(self, **self.params)
  File "C:\Users\sababaei\Desktop\Shakhsi\Automation\Nornir\.venv\Lib\site-packages\nornir_napalm\plugins\tasks\napalm_configure.py", line 36, in napalm_configure
    device.load_merge_candidate(filename=filename, config=configuration)
    ~~~~~~~~~~~~~~~~~~~~~~~~~~~^^^^^^^^^^^^^^^^^^^^^^^^^^^^^^^^^^^^^^^^^
  File "C:\Users\sababaei\Desktop\Shakhsi\Automation\Nornir\.venv\Lib\site-packages\napalm\ios\ios.py", line 319, in load_merge_candidate
    return_status, msg = self._load_candidate_wrapper(
                         ~~~~~~~~~~~~~~~~~~~~~~~~~~~~^
        source_file=filename,
        ^^^^^^^^^^^^^^^^^^^^^
    ...<2 lines>...
        file_system=self.dest_file_system,
        ^^^^^^^^^^^^^^^^^^^^^^^^^^^^^^^^^^
    )
    ^
  File "C:\Users\sababaei\Desktop\Shakhsi\Automation\Nornir\.venv\Lib\site-packages\napalm\ios\ios.py", line 273, in _load_candidate_wrapper
    (return_status, msg) = self._scp_file(
                           ~~~~~~~~~~~~~~^
        source_file=tmp_file, dest_file=dest_file, file_system=file_system
        ^^^^^^^^^^^^^^^^^^^^^^^^^^^^^^^^^^^^^^^^^^^^^^^^^^^^^^^^^^^^^^^^^^
    )
    ^
  File "C:\Users\sababaei\Desktop\Shakhsi\Automation\Nornir\.venv\Lib\site-packages\napalm\ios\ios.py", line 735, in _scp_file
    return self._xfer_file(
           ~~~~~~~~~~~~~~~^
        source_file=source_file,
        ^^^^^^^^^^^^^^^^^^^^^^^^
    ...<2 lines>...
        TransferClass=FileTransfer,
        ^^^^^^^^^^^^^^^^^^^^^^^^^^^
    )
    ^
  File "C:\Users\sababaei\Desktop\Shakhsi\Automation\Nornir\.venv\Lib\site-packages\napalm\ios\ios.py", line 785, in _xfer_file
    with TransferClass(**kwargs) as transfer:
         ~~~~~~~~~~~~~^^^^^^^^^^
  File "C:\Users\sababaei\Desktop\Shakhsi\Automation\Nornir\.venv\Lib\site-packages\netmiko\scp_handler.py", line 121, in __enter__
    self.establish_scp_conn()
    ~~~~~~~~~~~~~~~~~~~~~~~^^
  File "C:\Users\sababaei\Desktop\Shakhsi\Automation\Nornir\.venv\Lib\site-packages\netmiko\scp_handler.py", line 135, in establish_scp_conn
    self.scp_conn = SCPConn(
                    ~~~~~~~^
        self.ssh_ctl_chan,
        ^^^^^^^^^^^^^^^^^^
    ...<2 lines>...
        progress4=self.progress4,
        ^^^^^^^^^^^^^^^^^^^^^^^^^
    )
    ^
  File "C:\Users\sababaei\Desktop\Shakhsi\Automation\Nornir\.venv\Lib\site-packages\netmiko\scp_handler.py", line 41, in __init__
    self.establish_scp_conn()
    ~~~~~~~~~~~~~~~~~~~~~~~^^
  File "C:\Users\sababaei\Desktop\Shakhsi\Automation\Nornir\.venv\Lib\site-packages\netmiko\scp_handler.py", line 47, in establish_scp_conn
    self.scp_conn.connect(**ssh_connect_params)
    ~~~~~~~~~~~~~~~~~~~~~^^^^^^^^^^^^^^^^^^^^^^
  File "C:\Users\sababaei\Desktop\Shakhsi\Automation\Nornir\.venv\Lib\site-packages\paramiko\client.py", line 449, in connect
    t.start_client(timeout=timeout)
    ~~~~~~~~~~~~~~^^^^^^^^^^^^^^^^^
  File "C:\Users\sababaei\Desktop\Shakhsi\Automation\Nornir\.venv\Lib\site-packages\paramiko\transport.py", line 768, in start_client
    raise e
  File "C:\Users\sababaei\Desktop\Shakhsi\Automation\Nornir\.venv\Lib\site-packages\paramiko\transport.py", line 2179, in run
    self._check_banner()
    ~~~~~~~~~~~~~~~~~~^^
  File "C:\Users\sababaei\Desktop\Shakhsi\Automation\Nornir\.venv\Lib\site-packages\paramiko\transport.py", line 2367, in _check_banner
    raise SSHException(
        "Error reading SSH protocol banner" + str(e)
    )
paramiko.ssh_exception.SSHException: Error reading SSH protocol banner

2026-02-06 13:47:31,063 - nornir.core.task -    ERROR -      start() - Host 'router2': task 'napalm_configure' failed with traceback:
Traceback (most recent call last):
  File "C:\Users\sababaei\Desktop\Shakhsi\Automation\Nornir\.venv\Lib\site-packages\nornir\core\task.py", line 98, in start
    r = self.task(self, **self.params)
  File "C:\Users\sababaei\Desktop\Shakhsi\Automation\Nornir\.venv\Lib\site-packages\nornir_napalm\plugins\tasks\napalm_configure.py", line 36, in napalm_configure
    device.load_merge_candidate(filename=filename, config=configuration)
    ~~~~~~~~~~~~~~~~~~~~~~~~~~~^^^^^^^^^^^^^^^^^^^^^^^^^^^^^^^^^^^^^^^^^
  File "C:\Users\sababaei\Desktop\Shakhsi\Automation\Nornir\.venv\Lib\site-packages\napalm\ios\ios.py", line 319, in load_merge_candidate
    return_status, msg = self._load_candidate_wrapper(
                         ~~~~~~~~~~~~~~~~~~~~~~~~~~~~^
        source_file=filename,
        ^^^^^^^^^^^^^^^^^^^^^
    ...<2 lines>...
        file_system=self.dest_file_system,
        ^^^^^^^^^^^^^^^^^^^^^^^^^^^^^^^^^^
    )
    ^
  File "C:\Users\sababaei\Desktop\Shakhsi\Automation\Nornir\.venv\Lib\site-packages\napalm\ios\ios.py", line 273, in _load_candidate_wrapper
    (return_status, msg) = self._scp_file(
                           ~~~~~~~~~~~~~~^
        source_file=tmp_file, dest_file=dest_file, file_system=file_system
        ^^^^^^^^^^^^^^^^^^^^^^^^^^^^^^^^^^^^^^^^^^^^^^^^^^^^^^^^^^^^^^^^^^
    )
    ^
  File "C:\Users\sababaei\Desktop\Shakhsi\Automation\Nornir\.venv\Lib\site-packages\napalm\ios\ios.py", line 735, in _scp_file
    return self._xfer_file(
           ~~~~~~~~~~~~~~~^
        source_file=source_file,
        ^^^^^^^^^^^^^^^^^^^^^^^^
    ...<2 lines>...
        TransferClass=FileTransfer,
        ^^^^^^^^^^^^^^^^^^^^^^^^^^^
    )
    ^
  File "C:\Users\sababaei\Desktop\Shakhsi\Automation\Nornir\.venv\Lib\site-packages\napalm\ios\ios.py", line 785, in _xfer_file
    with TransferClass(**kwargs) as transfer:
         ~~~~~~~~~~~~~^^^^^^^^^^
  File "C:\Users\sababaei\Desktop\Shakhsi\Automation\Nornir\.venv\Lib\site-packages\netmiko\scp_handler.py", line 121, in __enter__
    self.establish_scp_conn()
    ~~~~~~~~~~~~~~~~~~~~~~~^^
  File "C:\Users\sababaei\Desktop\Shakhsi\Automation\Nornir\.venv\Lib\site-packages\netmiko\scp_handler.py", line 135, in establish_scp_conn
    self.scp_conn = SCPConn(
                    ~~~~~~~^
        self.ssh_ctl_chan,
        ^^^^^^^^^^^^^^^^^^
    ...<2 lines>...
        progress4=self.progress4,
        ^^^^^^^^^^^^^^^^^^^^^^^^^
    )
    ^
  File "C:\Users\sababaei\Desktop\Shakhsi\Automation\Nornir\.venv\Lib\site-packages\netmiko\scp_handler.py", line 41, in __init__
    self.establish_scp_conn()
    ~~~~~~~~~~~~~~~~~~~~~~~^^
  File "C:\Users\sababaei\Desktop\Shakhsi\Automation\Nornir\.venv\Lib\site-packages\netmiko\scp_handler.py", line 47, in establish_scp_conn
    self.scp_conn.connect(**ssh_connect_params)
    ~~~~~~~~~~~~~~~~~~~~~^^^^^^^^^^^^^^^^^^^^^^
  File "C:\Users\sababaei\Desktop\Shakhsi\Automation\Nornir\.venv\Lib\site-packages\paramiko\client.py", line 407, in connect
    raise NoValidConnectionsError(errors)
paramiko.ssh_exception.NoValidConnectionsError: [Errno None] Unable to connect to port 22 on 192.168.199.30

2026-02-06 13:47:32,166 - nornir.core.task -    ERROR -      start() - Host 'router4': task 'napalm_configure' failed with traceback:
Traceback (most recent call last):
  File "C:\Users\sababaei\Desktop\Shakhsi\Automation\Nornir\.venv\Lib\site-packages\nornir\core\task.py", line 98, in start
    r = self.task(self, **self.params)
  File "C:\Users\sababaei\Desktop\Shakhsi\Automation\Nornir\.venv\Lib\site-packages\nornir_napalm\plugins\tasks\napalm_configure.py", line 36, in napalm_configure
    device.load_merge_candidate(filename=filename, config=configuration)
    ~~~~~~~~~~~~~~~~~~~~~~~~~~~^^^^^^^^^^^^^^^^^^^^^^^^^^^^^^^^^^^^^^^^^
  File "C:\Users\sababaei\Desktop\Shakhsi\Automation\Nornir\.venv\Lib\site-packages\napalm\ios\ios.py", line 319, in load_merge_candidate
    return_status, msg = self._load_candidate_wrapper(
                         ~~~~~~~~~~~~~~~~~~~~~~~~~~~~^
        source_file=filename,
        ^^^^^^^^^^^^^^^^^^^^^
    ...<2 lines>...
        file_system=self.dest_file_system,
        ^^^^^^^^^^^^^^^^^^^^^^^^^^^^^^^^^^
    )
    ^
  File "C:\Users\sababaei\Desktop\Shakhsi\Automation\Nornir\.venv\Lib\site-packages\napalm\ios\ios.py", line 273, in _load_candidate_wrapper
    (return_status, msg) = self._scp_file(
                           ~~~~~~~~~~~~~~^
        source_file=tmp_file, dest_file=dest_file, file_system=file_system
        ^^^^^^^^^^^^^^^^^^^^^^^^^^^^^^^^^^^^^^^^^^^^^^^^^^^^^^^^^^^^^^^^^^
    )
    ^
  File "C:\Users\sababaei\Desktop\Shakhsi\Automation\Nornir\.venv\Lib\site-packages\napalm\ios\ios.py", line 735, in _scp_file
    return self._xfer_file(
           ~~~~~~~~~~~~~~~^
        source_file=source_file,
        ^^^^^^^^^^^^^^^^^^^^^^^^
    ...<2 lines>...
        TransferClass=FileTransfer,
        ^^^^^^^^^^^^^^^^^^^^^^^^^^^
    )
    ^
  File "C:\Users\sababaei\Desktop\Shakhsi\Automation\Nornir\.venv\Lib\site-packages\napalm\ios\ios.py", line 803, in _xfer_file
    raise CommandErrorException(msg)
napalm.base.exceptions.CommandErrorException: SCP file transfers are not enabled. Configure 'ip scp server enable' on the device.

2026-02-06 13:49:14,135 -  nornir.core -     INFO -        run() - Running task 'napalm_configure' with args {'configuration': 'interface loo100'} on 4 hosts
2026-02-06 13:49:18,955 - nornir.core.task -    ERROR -      start() - Host 'router1': task 'napalm_configure' failed with traceback:
Traceback (most recent call last):
  File "C:\Users\sababaei\Desktop\Shakhsi\Automation\Nornir\.venv\Lib\site-packages\nornir\core\task.py", line 98, in start
    r = self.task(self, **self.params)
  File "C:\Users\sababaei\Desktop\Shakhsi\Automation\Nornir\.venv\Lib\site-packages\nornir_napalm\plugins\tasks\napalm_configure.py", line 36, in napalm_configure
    device.load_merge_candidate(filename=filename, config=configuration)
    ~~~~~~~~~~~~~~~~~~~~~~~~~~~^^^^^^^^^^^^^^^^^^^^^^^^^^^^^^^^^^^^^^^^^
  File "C:\Users\sababaei\Desktop\Shakhsi\Automation\Nornir\.venv\Lib\site-packages\napalm\ios\ios.py", line 319, in load_merge_candidate
    return_status, msg = self._load_candidate_wrapper(
                         ~~~~~~~~~~~~~~~~~~~~~~~~~~~~^
        source_file=filename,
        ^^^^^^^^^^^^^^^^^^^^^
    ...<2 lines>...
        file_system=self.dest_file_system,
        ^^^^^^^^^^^^^^^^^^^^^^^^^^^^^^^^^^
    )
    ^
  File "C:\Users\sababaei\Desktop\Shakhsi\Automation\Nornir\.venv\Lib\site-packages\napalm\ios\ios.py", line 273, in _load_candidate_wrapper
    (return_status, msg) = self._scp_file(
                           ~~~~~~~~~~~~~~^
        source_file=tmp_file, dest_file=dest_file, file_system=file_system
        ^^^^^^^^^^^^^^^^^^^^^^^^^^^^^^^^^^^^^^^^^^^^^^^^^^^^^^^^^^^^^^^^^^
    )
    ^
  File "C:\Users\sababaei\Desktop\Shakhsi\Automation\Nornir\.venv\Lib\site-packages\napalm\ios\ios.py", line 735, in _scp_file
    return self._xfer_file(
           ~~~~~~~~~~~~~~~^
        source_file=source_file,
        ^^^^^^^^^^^^^^^^^^^^^^^^
    ...<2 lines>...
        TransferClass=FileTransfer,
        ^^^^^^^^^^^^^^^^^^^^^^^^^^^
    )
    ^
  File "C:\Users\sababaei\Desktop\Shakhsi\Automation\Nornir\.venv\Lib\site-packages\napalm\ios\ios.py", line 785, in _xfer_file
    with TransferClass(**kwargs) as transfer:
         ~~~~~~~~~~~~~^^^^^^^^^^
  File "C:\Users\sababaei\Desktop\Shakhsi\Automation\Nornir\.venv\Lib\site-packages\netmiko\scp_handler.py", line 121, in __enter__
    self.establish_scp_conn()
    ~~~~~~~~~~~~~~~~~~~~~~~^^
  File "C:\Users\sababaei\Desktop\Shakhsi\Automation\Nornir\.venv\Lib\site-packages\netmiko\scp_handler.py", line 135, in establish_scp_conn
    self.scp_conn = SCPConn(
                    ~~~~~~~^
        self.ssh_ctl_chan,
        ^^^^^^^^^^^^^^^^^^
    ...<2 lines>...
        progress4=self.progress4,
        ^^^^^^^^^^^^^^^^^^^^^^^^^
    )
    ^
  File "C:\Users\sababaei\Desktop\Shakhsi\Automation\Nornir\.venv\Lib\site-packages\netmiko\scp_handler.py", line 41, in __init__
    self.establish_scp_conn()
    ~~~~~~~~~~~~~~~~~~~~~~~^^
  File "C:\Users\sababaei\Desktop\Shakhsi\Automation\Nornir\.venv\Lib\site-packages\netmiko\scp_handler.py", line 47, in establish_scp_conn
    self.scp_conn.connect(**ssh_connect_params)
    ~~~~~~~~~~~~~~~~~~~~~^^^^^^^^^^^^^^^^^^^^^^
  File "C:\Users\sababaei\Desktop\Shakhsi\Automation\Nornir\.venv\Lib\site-packages\paramiko\client.py", line 407, in connect
    raise NoValidConnectionsError(errors)
paramiko.ssh_exception.NoValidConnectionsError: [Errno None] Unable to connect to port 22 on 192.168.199.30

2026-02-06 13:49:18,962 - nornir.core.task -    ERROR -      start() - Host 'router2': task 'napalm_configure' failed with traceback:
Traceback (most recent call last):
  File "C:\Users\sababaei\Desktop\Shakhsi\Automation\Nornir\.venv\Lib\site-packages\nornir\core\task.py", line 98, in start
    r = self.task(self, **self.params)
  File "C:\Users\sababaei\Desktop\Shakhsi\Automation\Nornir\.venv\Lib\site-packages\nornir_napalm\plugins\tasks\napalm_configure.py", line 36, in napalm_configure
    device.load_merge_candidate(filename=filename, config=configuration)
    ~~~~~~~~~~~~~~~~~~~~~~~~~~~^^^^^^^^^^^^^^^^^^^^^^^^^^^^^^^^^^^^^^^^^
  File "C:\Users\sababaei\Desktop\Shakhsi\Automation\Nornir\.venv\Lib\site-packages\napalm\ios\ios.py", line 319, in load_merge_candidate
    return_status, msg = self._load_candidate_wrapper(
                         ~~~~~~~~~~~~~~~~~~~~~~~~~~~~^
        source_file=filename,
        ^^^^^^^^^^^^^^^^^^^^^
    ...<2 lines>...
        file_system=self.dest_file_system,
        ^^^^^^^^^^^^^^^^^^^^^^^^^^^^^^^^^^
    )
    ^
  File "C:\Users\sababaei\Desktop\Shakhsi\Automation\Nornir\.venv\Lib\site-packages\napalm\ios\ios.py", line 273, in _load_candidate_wrapper
    (return_status, msg) = self._scp_file(
                           ~~~~~~~~~~~~~~^
        source_file=tmp_file, dest_file=dest_file, file_system=file_system
        ^^^^^^^^^^^^^^^^^^^^^^^^^^^^^^^^^^^^^^^^^^^^^^^^^^^^^^^^^^^^^^^^^^
    )
    ^
  File "C:\Users\sababaei\Desktop\Shakhsi\Automation\Nornir\.venv\Lib\site-packages\napalm\ios\ios.py", line 735, in _scp_file
    return self._xfer_file(
           ~~~~~~~~~~~~~~~^
        source_file=source_file,
        ^^^^^^^^^^^^^^^^^^^^^^^^
    ...<2 lines>...
        TransferClass=FileTransfer,
        ^^^^^^^^^^^^^^^^^^^^^^^^^^^
    )
    ^
  File "C:\Users\sababaei\Desktop\Shakhsi\Automation\Nornir\.venv\Lib\site-packages\napalm\ios\ios.py", line 785, in _xfer_file
    with TransferClass(**kwargs) as transfer:
         ~~~~~~~~~~~~~^^^^^^^^^^
  File "C:\Users\sababaei\Desktop\Shakhsi\Automation\Nornir\.venv\Lib\site-packages\netmiko\scp_handler.py", line 121, in __enter__
    self.establish_scp_conn()
    ~~~~~~~~~~~~~~~~~~~~~~~^^
  File "C:\Users\sababaei\Desktop\Shakhsi\Automation\Nornir\.venv\Lib\site-packages\netmiko\scp_handler.py", line 135, in establish_scp_conn
    self.scp_conn = SCPConn(
                    ~~~~~~~^
        self.ssh_ctl_chan,
        ^^^^^^^^^^^^^^^^^^
    ...<2 lines>...
        progress4=self.progress4,
        ^^^^^^^^^^^^^^^^^^^^^^^^^
    )
    ^
  File "C:\Users\sababaei\Desktop\Shakhsi\Automation\Nornir\.venv\Lib\site-packages\netmiko\scp_handler.py", line 41, in __init__
    self.establish_scp_conn()
    ~~~~~~~~~~~~~~~~~~~~~~~^^
  File "C:\Users\sababaei\Desktop\Shakhsi\Automation\Nornir\.venv\Lib\site-packages\netmiko\scp_handler.py", line 47, in establish_scp_conn
    self.scp_conn.connect(**ssh_connect_params)
    ~~~~~~~~~~~~~~~~~~~~~^^^^^^^^^^^^^^^^^^^^^^
  File "C:\Users\sababaei\Desktop\Shakhsi\Automation\Nornir\.venv\Lib\site-packages\paramiko\client.py", line 407, in connect
    raise NoValidConnectionsError(errors)
paramiko.ssh_exception.NoValidConnectionsError: [Errno None] Unable to connect to port 22 on 192.168.199.30

2026-02-06 13:49:19,101 - nornir.core.task -    ERROR -      start() - Host 'router4': task 'napalm_configure' failed with traceback:
Traceback (most recent call last):
  File "C:\Users\sababaei\Desktop\Shakhsi\Automation\Nornir\.venv\Lib\site-packages\nornir\core\task.py", line 98, in start
    r = self.task(self, **self.params)
  File "C:\Users\sababaei\Desktop\Shakhsi\Automation\Nornir\.venv\Lib\site-packages\nornir_napalm\plugins\tasks\napalm_configure.py", line 36, in napalm_configure
    device.load_merge_candidate(filename=filename, config=configuration)
    ~~~~~~~~~~~~~~~~~~~~~~~~~~~^^^^^^^^^^^^^^^^^^^^^^^^^^^^^^^^^^^^^^^^^
  File "C:\Users\sababaei\Desktop\Shakhsi\Automation\Nornir\.venv\Lib\site-packages\napalm\ios\ios.py", line 319, in load_merge_candidate
    return_status, msg = self._load_candidate_wrapper(
                         ~~~~~~~~~~~~~~~~~~~~~~~~~~~~^
        source_file=filename,
        ^^^^^^^^^^^^^^^^^^^^^
    ...<2 lines>...
        file_system=self.dest_file_system,
        ^^^^^^^^^^^^^^^^^^^^^^^^^^^^^^^^^^
    )
    ^
  File "C:\Users\sababaei\Desktop\Shakhsi\Automation\Nornir\.venv\Lib\site-packages\napalm\ios\ios.py", line 273, in _load_candidate_wrapper
    (return_status, msg) = self._scp_file(
                           ~~~~~~~~~~~~~~^
        source_file=tmp_file, dest_file=dest_file, file_system=file_system
        ^^^^^^^^^^^^^^^^^^^^^^^^^^^^^^^^^^^^^^^^^^^^^^^^^^^^^^^^^^^^^^^^^^
    )
    ^
  File "C:\Users\sababaei\Desktop\Shakhsi\Automation\Nornir\.venv\Lib\site-packages\napalm\ios\ios.py", line 735, in _scp_file
    return self._xfer_file(
           ~~~~~~~~~~~~~~~^
        source_file=source_file,
        ^^^^^^^^^^^^^^^^^^^^^^^^
    ...<2 lines>...
        TransferClass=FileTransfer,
        ^^^^^^^^^^^^^^^^^^^^^^^^^^^
    )
    ^
  File "C:\Users\sababaei\Desktop\Shakhsi\Automation\Nornir\.venv\Lib\site-packages\napalm\ios\ios.py", line 785, in _xfer_file
    with TransferClass(**kwargs) as transfer:
         ~~~~~~~~~~~~~^^^^^^^^^^
  File "C:\Users\sababaei\Desktop\Shakhsi\Automation\Nornir\.venv\Lib\site-packages\netmiko\scp_handler.py", line 121, in __enter__
    self.establish_scp_conn()
    ~~~~~~~~~~~~~~~~~~~~~~~^^
  File "C:\Users\sababaei\Desktop\Shakhsi\Automation\Nornir\.venv\Lib\site-packages\netmiko\scp_handler.py", line 135, in establish_scp_conn
    self.scp_conn = SCPConn(
                    ~~~~~~~^
        self.ssh_ctl_chan,
        ^^^^^^^^^^^^^^^^^^
    ...<2 lines>...
        progress4=self.progress4,
        ^^^^^^^^^^^^^^^^^^^^^^^^^
    )
    ^
  File "C:\Users\sababaei\Desktop\Shakhsi\Automation\Nornir\.venv\Lib\site-packages\netmiko\scp_handler.py", line 41, in __init__
    self.establish_scp_conn()
    ~~~~~~~~~~~~~~~~~~~~~~~^^
  File "C:\Users\sababaei\Desktop\Shakhsi\Automation\Nornir\.venv\Lib\site-packages\netmiko\scp_handler.py", line 47, in establish_scp_conn
    self.scp_conn.connect(**ssh_connect_params)
    ~~~~~~~~~~~~~~~~~~~~~^^^^^^^^^^^^^^^^^^^^^^
  File "C:\Users\sababaei\Desktop\Shakhsi\Automation\Nornir\.venv\Lib\site-packages\paramiko\client.py", line 407, in connect
    raise NoValidConnectionsError(errors)
paramiko.ssh_exception.NoValidConnectionsError: [Errno None] Unable to connect to port 22 on 192.168.199.30

2026-02-06 13:49:20,328 - nornir.core.task -    ERROR -      start() - Host 'router3': task 'napalm_configure' failed with traceback:
Traceback (most recent call last):
  File "C:\Users\sababaei\Desktop\Shakhsi\Automation\Nornir\.venv\Lib\site-packages\nornir\core\task.py", line 98, in start
    r = self.task(self, **self.params)
  File "C:\Users\sababaei\Desktop\Shakhsi\Automation\Nornir\.venv\Lib\site-packages\nornir_napalm\plugins\tasks\napalm_configure.py", line 36, in napalm_configure
    device.load_merge_candidate(filename=filename, config=configuration)
    ~~~~~~~~~~~~~~~~~~~~~~~~~~~^^^^^^^^^^^^^^^^^^^^^^^^^^^^^^^^^^^^^^^^^
  File "C:\Users\sababaei\Desktop\Shakhsi\Automation\Nornir\.venv\Lib\site-packages\napalm\ios\ios.py", line 319, in load_merge_candidate
    return_status, msg = self._load_candidate_wrapper(
                         ~~~~~~~~~~~~~~~~~~~~~~~~~~~~^
        source_file=filename,
        ^^^^^^^^^^^^^^^^^^^^^
    ...<2 lines>...
        file_system=self.dest_file_system,
        ^^^^^^^^^^^^^^^^^^^^^^^^^^^^^^^^^^
    )
    ^
  File "C:\Users\sababaei\Desktop\Shakhsi\Automation\Nornir\.venv\Lib\site-packages\napalm\ios\ios.py", line 273, in _load_candidate_wrapper
    (return_status, msg) = self._scp_file(
                           ~~~~~~~~~~~~~~^
        source_file=tmp_file, dest_file=dest_file, file_system=file_system
        ^^^^^^^^^^^^^^^^^^^^^^^^^^^^^^^^^^^^^^^^^^^^^^^^^^^^^^^^^^^^^^^^^^
    )
    ^
  File "C:\Users\sababaei\Desktop\Shakhsi\Automation\Nornir\.venv\Lib\site-packages\napalm\ios\ios.py", line 735, in _scp_file
    return self._xfer_file(
           ~~~~~~~~~~~~~~~^
        source_file=source_file,
        ^^^^^^^^^^^^^^^^^^^^^^^^
    ...<2 lines>...
        TransferClass=FileTransfer,
        ^^^^^^^^^^^^^^^^^^^^^^^^^^^
    )
    ^
  File "C:\Users\sababaei\Desktop\Shakhsi\Automation\Nornir\.venv\Lib\site-packages\napalm\ios\ios.py", line 803, in _xfer_file
    raise CommandErrorException(msg)
napalm.base.exceptions.CommandErrorException: SCP file transfers are not enabled. Configure 'ip scp server enable' on the device.

2026-02-06 13:50:15,642 -  nornir.core -     INFO -        run() - Running task 'napalm_configure' with args {'configuration': 'interface loo100'} on 4 hosts
2026-02-06 13:50:20,312 - nornir.core.task -    ERROR -      start() - Host 'router3': task 'napalm_configure' failed with traceback:
Traceback (most recent call last):
  File "C:\Users\sababaei\Desktop\Shakhsi\Automation\Nornir\.venv\Lib\site-packages\nornir\core\task.py", line 98, in start
    r = self.task(self, **self.params)
  File "C:\Users\sababaei\Desktop\Shakhsi\Automation\Nornir\.venv\Lib\site-packages\nornir_napalm\plugins\tasks\napalm_configure.py", line 36, in napalm_configure
    device.load_merge_candidate(filename=filename, config=configuration)
    ~~~~~~~~~~~~~~~~~~~~~~~~~~~^^^^^^^^^^^^^^^^^^^^^^^^^^^^^^^^^^^^^^^^^
  File "C:\Users\sababaei\Desktop\Shakhsi\Automation\Nornir\.venv\Lib\site-packages\napalm\ios\ios.py", line 319, in load_merge_candidate
    return_status, msg = self._load_candidate_wrapper(
                         ~~~~~~~~~~~~~~~~~~~~~~~~~~~~^
        source_file=filename,
        ^^^^^^^^^^^^^^^^^^^^^
    ...<2 lines>...
        file_system=self.dest_file_system,
        ^^^^^^^^^^^^^^^^^^^^^^^^^^^^^^^^^^
    )
    ^
  File "C:\Users\sababaei\Desktop\Shakhsi\Automation\Nornir\.venv\Lib\site-packages\napalm\ios\ios.py", line 273, in _load_candidate_wrapper
    (return_status, msg) = self._scp_file(
                           ~~~~~~~~~~~~~~^
        source_file=tmp_file, dest_file=dest_file, file_system=file_system
        ^^^^^^^^^^^^^^^^^^^^^^^^^^^^^^^^^^^^^^^^^^^^^^^^^^^^^^^^^^^^^^^^^^
    )
    ^
  File "C:\Users\sababaei\Desktop\Shakhsi\Automation\Nornir\.venv\Lib\site-packages\napalm\ios\ios.py", line 735, in _scp_file
    return self._xfer_file(
           ~~~~~~~~~~~~~~~^
        source_file=source_file,
        ^^^^^^^^^^^^^^^^^^^^^^^^
    ...<2 lines>...
        TransferClass=FileTransfer,
        ^^^^^^^^^^^^^^^^^^^^^^^^^^^
    )
    ^
  File "C:\Users\sababaei\Desktop\Shakhsi\Automation\Nornir\.venv\Lib\site-packages\napalm\ios\ios.py", line 785, in _xfer_file
    with TransferClass(**kwargs) as transfer:
         ~~~~~~~~~~~~~^^^^^^^^^^
  File "C:\Users\sababaei\Desktop\Shakhsi\Automation\Nornir\.venv\Lib\site-packages\netmiko\scp_handler.py", line 121, in __enter__
    self.establish_scp_conn()
    ~~~~~~~~~~~~~~~~~~~~~~~^^
  File "C:\Users\sababaei\Desktop\Shakhsi\Automation\Nornir\.venv\Lib\site-packages\netmiko\scp_handler.py", line 135, in establish_scp_conn
    self.scp_conn = SCPConn(
                    ~~~~~~~^
        self.ssh_ctl_chan,
        ^^^^^^^^^^^^^^^^^^
    ...<2 lines>...
        progress4=self.progress4,
        ^^^^^^^^^^^^^^^^^^^^^^^^^
    )
    ^
  File "C:\Users\sababaei\Desktop\Shakhsi\Automation\Nornir\.venv\Lib\site-packages\netmiko\scp_handler.py", line 41, in __init__
    self.establish_scp_conn()
    ~~~~~~~~~~~~~~~~~~~~~~~^^
  File "C:\Users\sababaei\Desktop\Shakhsi\Automation\Nornir\.venv\Lib\site-packages\netmiko\scp_handler.py", line 47, in establish_scp_conn
    self.scp_conn.connect(**ssh_connect_params)
    ~~~~~~~~~~~~~~~~~~~~~^^^^^^^^^^^^^^^^^^^^^^
  File "C:\Users\sababaei\Desktop\Shakhsi\Automation\Nornir\.venv\Lib\site-packages\paramiko\client.py", line 407, in connect
    raise NoValidConnectionsError(errors)
paramiko.ssh_exception.NoValidConnectionsError: [Errno None] Unable to connect to port 22 on 192.168.199.30

2026-02-06 13:50:20,583 - nornir.core.task -    ERROR -      start() - Host 'router4': task 'napalm_configure' failed with traceback:
Traceback (most recent call last):
  File "C:\Users\sababaei\Desktop\Shakhsi\Automation\Nornir\.venv\Lib\site-packages\nornir\core\task.py", line 98, in start
    r = self.task(self, **self.params)
  File "C:\Users\sababaei\Desktop\Shakhsi\Automation\Nornir\.venv\Lib\site-packages\nornir_napalm\plugins\tasks\napalm_configure.py", line 36, in napalm_configure
    device.load_merge_candidate(filename=filename, config=configuration)
    ~~~~~~~~~~~~~~~~~~~~~~~~~~~^^^^^^^^^^^^^^^^^^^^^^^^^^^^^^^^^^^^^^^^^
  File "C:\Users\sababaei\Desktop\Shakhsi\Automation\Nornir\.venv\Lib\site-packages\napalm\ios\ios.py", line 319, in load_merge_candidate
    return_status, msg = self._load_candidate_wrapper(
                         ~~~~~~~~~~~~~~~~~~~~~~~~~~~~^
        source_file=filename,
        ^^^^^^^^^^^^^^^^^^^^^
    ...<2 lines>...
        file_system=self.dest_file_system,
        ^^^^^^^^^^^^^^^^^^^^^^^^^^^^^^^^^^
    )
    ^
  File "C:\Users\sababaei\Desktop\Shakhsi\Automation\Nornir\.venv\Lib\site-packages\napalm\ios\ios.py", line 273, in _load_candidate_wrapper
    (return_status, msg) = self._scp_file(
                           ~~~~~~~~~~~~~~^
        source_file=tmp_file, dest_file=dest_file, file_system=file_system
        ^^^^^^^^^^^^^^^^^^^^^^^^^^^^^^^^^^^^^^^^^^^^^^^^^^^^^^^^^^^^^^^^^^
    )
    ^
  File "C:\Users\sababaei\Desktop\Shakhsi\Automation\Nornir\.venv\Lib\site-packages\napalm\ios\ios.py", line 735, in _scp_file
    return self._xfer_file(
           ~~~~~~~~~~~~~~~^
        source_file=source_file,
        ^^^^^^^^^^^^^^^^^^^^^^^^
    ...<2 lines>...
        TransferClass=FileTransfer,
        ^^^^^^^^^^^^^^^^^^^^^^^^^^^
    )
    ^
  File "C:\Users\sababaei\Desktop\Shakhsi\Automation\Nornir\.venv\Lib\site-packages\napalm\ios\ios.py", line 785, in _xfer_file
    with TransferClass(**kwargs) as transfer:
         ~~~~~~~~~~~~~^^^^^^^^^^
  File "C:\Users\sababaei\Desktop\Shakhsi\Automation\Nornir\.venv\Lib\site-packages\netmiko\scp_handler.py", line 121, in __enter__
    self.establish_scp_conn()
    ~~~~~~~~~~~~~~~~~~~~~~~^^
  File "C:\Users\sababaei\Desktop\Shakhsi\Automation\Nornir\.venv\Lib\site-packages\netmiko\scp_handler.py", line 135, in establish_scp_conn
    self.scp_conn = SCPConn(
                    ~~~~~~~^
        self.ssh_ctl_chan,
        ^^^^^^^^^^^^^^^^^^
    ...<2 lines>...
        progress4=self.progress4,
        ^^^^^^^^^^^^^^^^^^^^^^^^^
    )
    ^
  File "C:\Users\sababaei\Desktop\Shakhsi\Automation\Nornir\.venv\Lib\site-packages\netmiko\scp_handler.py", line 41, in __init__
    self.establish_scp_conn()
    ~~~~~~~~~~~~~~~~~~~~~~~^^
  File "C:\Users\sababaei\Desktop\Shakhsi\Automation\Nornir\.venv\Lib\site-packages\netmiko\scp_handler.py", line 47, in establish_scp_conn
    self.scp_conn.connect(**ssh_connect_params)
    ~~~~~~~~~~~~~~~~~~~~~^^^^^^^^^^^^^^^^^^^^^^
  File "C:\Users\sababaei\Desktop\Shakhsi\Automation\Nornir\.venv\Lib\site-packages\paramiko\client.py", line 407, in connect
    raise NoValidConnectionsError(errors)
paramiko.ssh_exception.NoValidConnectionsError: [Errno None] Unable to connect to port 22 on 192.168.199.30

2026-02-06 13:50:20,628 - nornir.core.task -    ERROR -      start() - Host 'router2': task 'napalm_configure' failed with traceback:
Traceback (most recent call last):
  File "C:\Users\sababaei\Desktop\Shakhsi\Automation\Nornir\.venv\Lib\site-packages\nornir\core\task.py", line 98, in start
    r = self.task(self, **self.params)
  File "C:\Users\sababaei\Desktop\Shakhsi\Automation\Nornir\.venv\Lib\site-packages\nornir_napalm\plugins\tasks\napalm_configure.py", line 36, in napalm_configure
    device.load_merge_candidate(filename=filename, config=configuration)
    ~~~~~~~~~~~~~~~~~~~~~~~~~~~^^^^^^^^^^^^^^^^^^^^^^^^^^^^^^^^^^^^^^^^^
  File "C:\Users\sababaei\Desktop\Shakhsi\Automation\Nornir\.venv\Lib\site-packages\napalm\ios\ios.py", line 319, in load_merge_candidate
    return_status, msg = self._load_candidate_wrapper(
                         ~~~~~~~~~~~~~~~~~~~~~~~~~~~~^
        source_file=filename,
        ^^^^^^^^^^^^^^^^^^^^^
    ...<2 lines>...
        file_system=self.dest_file_system,
        ^^^^^^^^^^^^^^^^^^^^^^^^^^^^^^^^^^
    )
    ^
  File "C:\Users\sababaei\Desktop\Shakhsi\Automation\Nornir\.venv\Lib\site-packages\napalm\ios\ios.py", line 273, in _load_candidate_wrapper
    (return_status, msg) = self._scp_file(
                           ~~~~~~~~~~~~~~^
        source_file=tmp_file, dest_file=dest_file, file_system=file_system
        ^^^^^^^^^^^^^^^^^^^^^^^^^^^^^^^^^^^^^^^^^^^^^^^^^^^^^^^^^^^^^^^^^^
    )
    ^
  File "C:\Users\sababaei\Desktop\Shakhsi\Automation\Nornir\.venv\Lib\site-packages\napalm\ios\ios.py", line 735, in _scp_file
    return self._xfer_file(
           ~~~~~~~~~~~~~~~^
        source_file=source_file,
        ^^^^^^^^^^^^^^^^^^^^^^^^
    ...<2 lines>...
        TransferClass=FileTransfer,
        ^^^^^^^^^^^^^^^^^^^^^^^^^^^
    )
    ^
  File "C:\Users\sababaei\Desktop\Shakhsi\Automation\Nornir\.venv\Lib\site-packages\napalm\ios\ios.py", line 785, in _xfer_file
    with TransferClass(**kwargs) as transfer:
         ~~~~~~~~~~~~~^^^^^^^^^^
  File "C:\Users\sababaei\Desktop\Shakhsi\Automation\Nornir\.venv\Lib\site-packages\netmiko\scp_handler.py", line 121, in __enter__
    self.establish_scp_conn()
    ~~~~~~~~~~~~~~~~~~~~~~~^^
  File "C:\Users\sababaei\Desktop\Shakhsi\Automation\Nornir\.venv\Lib\site-packages\netmiko\scp_handler.py", line 135, in establish_scp_conn
    self.scp_conn = SCPConn(
                    ~~~~~~~^
        self.ssh_ctl_chan,
        ^^^^^^^^^^^^^^^^^^
    ...<2 lines>...
        progress4=self.progress4,
        ^^^^^^^^^^^^^^^^^^^^^^^^^
    )
    ^
  File "C:\Users\sababaei\Desktop\Shakhsi\Automation\Nornir\.venv\Lib\site-packages\netmiko\scp_handler.py", line 41, in __init__
    self.establish_scp_conn()
    ~~~~~~~~~~~~~~~~~~~~~~~^^
  File "C:\Users\sababaei\Desktop\Shakhsi\Automation\Nornir\.venv\Lib\site-packages\netmiko\scp_handler.py", line 47, in establish_scp_conn
    self.scp_conn.connect(**ssh_connect_params)
    ~~~~~~~~~~~~~~~~~~~~~^^^^^^^^^^^^^^^^^^^^^^
  File "C:\Users\sababaei\Desktop\Shakhsi\Automation\Nornir\.venv\Lib\site-packages\paramiko\client.py", line 407, in connect
    raise NoValidConnectionsError(errors)
paramiko.ssh_exception.NoValidConnectionsError: [Errno None] Unable to connect to port 22 on 192.168.199.30

2026-02-06 13:50:21,698 - nornir.core.task -    ERROR -      start() - Host 'router1': task 'napalm_configure' failed with traceback:
Traceback (most recent call last):
  File "C:\Users\sababaei\Desktop\Shakhsi\Automation\Nornir\.venv\Lib\site-packages\nornir\core\task.py", line 98, in start
    r = self.task(self, **self.params)
  File "C:\Users\sababaei\Desktop\Shakhsi\Automation\Nornir\.venv\Lib\site-packages\nornir_napalm\plugins\tasks\napalm_configure.py", line 36, in napalm_configure
    device.load_merge_candidate(filename=filename, config=configuration)
    ~~~~~~~~~~~~~~~~~~~~~~~~~~~^^^^^^^^^^^^^^^^^^^^^^^^^^^^^^^^^^^^^^^^^
  File "C:\Users\sababaei\Desktop\Shakhsi\Automation\Nornir\.venv\Lib\site-packages\napalm\ios\ios.py", line 319, in load_merge_candidate
    return_status, msg = self._load_candidate_wrapper(
                         ~~~~~~~~~~~~~~~~~~~~~~~~~~~~^
        source_file=filename,
        ^^^^^^^^^^^^^^^^^^^^^
    ...<2 lines>...
        file_system=self.dest_file_system,
        ^^^^^^^^^^^^^^^^^^^^^^^^^^^^^^^^^^
    )
    ^
  File "C:\Users\sababaei\Desktop\Shakhsi\Automation\Nornir\.venv\Lib\site-packages\napalm\ios\ios.py", line 273, in _load_candidate_wrapper
    (return_status, msg) = self._scp_file(
                           ~~~~~~~~~~~~~~^
        source_file=tmp_file, dest_file=dest_file, file_system=file_system
        ^^^^^^^^^^^^^^^^^^^^^^^^^^^^^^^^^^^^^^^^^^^^^^^^^^^^^^^^^^^^^^^^^^
    )
    ^
  File "C:\Users\sababaei\Desktop\Shakhsi\Automation\Nornir\.venv\Lib\site-packages\napalm\ios\ios.py", line 735, in _scp_file
    return self._xfer_file(
           ~~~~~~~~~~~~~~~^
        source_file=source_file,
        ^^^^^^^^^^^^^^^^^^^^^^^^
    ...<2 lines>...
        TransferClass=FileTransfer,
        ^^^^^^^^^^^^^^^^^^^^^^^^^^^
    )
    ^
  File "C:\Users\sababaei\Desktop\Shakhsi\Automation\Nornir\.venv\Lib\site-packages\napalm\ios\ios.py", line 803, in _xfer_file
    raise CommandErrorException(msg)
napalm.base.exceptions.CommandErrorException: SCP file transfers are not enabled. Configure 'ip scp server enable' on the device.

2026-02-06 13:51:51,966 -  nornir.core -     INFO -        run() - Running task 'napalm_configure' with args {'configuration': 'interface loo100'} on 4 hosts
2026-02-06 13:51:56,566 - nornir.core.task -    ERROR -      start() - Host 'router1': task 'napalm_configure' failed with traceback:
Traceback (most recent call last):
  File "C:\Users\sababaei\Desktop\Shakhsi\Automation\Nornir\.venv\Lib\site-packages\nornir\core\task.py", line 98, in start
    r = self.task(self, **self.params)
  File "C:\Users\sababaei\Desktop\Shakhsi\Automation\Nornir\.venv\Lib\site-packages\nornir_napalm\plugins\tasks\napalm_configure.py", line 36, in napalm_configure
    device.load_merge_candidate(filename=filename, config=configuration)
    ~~~~~~~~~~~~~~~~~~~~~~~~~~~^^^^^^^^^^^^^^^^^^^^^^^^^^^^^^^^^^^^^^^^^
  File "C:\Users\sababaei\Desktop\Shakhsi\Automation\Nornir\.venv\Lib\site-packages\napalm\ios\ios.py", line 319, in load_merge_candidate
    return_status, msg = self._load_candidate_wrapper(
                         ~~~~~~~~~~~~~~~~~~~~~~~~~~~~^
        source_file=filename,
        ^^^^^^^^^^^^^^^^^^^^^
    ...<2 lines>...
        file_system=self.dest_file_system,
        ^^^^^^^^^^^^^^^^^^^^^^^^^^^^^^^^^^
    )
    ^
  File "C:\Users\sababaei\Desktop\Shakhsi\Automation\Nornir\.venv\Lib\site-packages\napalm\ios\ios.py", line 273, in _load_candidate_wrapper
    (return_status, msg) = self._scp_file(
                           ~~~~~~~~~~~~~~^
        source_file=tmp_file, dest_file=dest_file, file_system=file_system
        ^^^^^^^^^^^^^^^^^^^^^^^^^^^^^^^^^^^^^^^^^^^^^^^^^^^^^^^^^^^^^^^^^^
    )
    ^
  File "C:\Users\sababaei\Desktop\Shakhsi\Automation\Nornir\.venv\Lib\site-packages\napalm\ios\ios.py", line 735, in _scp_file
    return self._xfer_file(
           ~~~~~~~~~~~~~~~^
        source_file=source_file,
        ^^^^^^^^^^^^^^^^^^^^^^^^
    ...<2 lines>...
        TransferClass=FileTransfer,
        ^^^^^^^^^^^^^^^^^^^^^^^^^^^
    )
    ^
  File "C:\Users\sababaei\Desktop\Shakhsi\Automation\Nornir\.venv\Lib\site-packages\napalm\ios\ios.py", line 785, in _xfer_file
    with TransferClass(**kwargs) as transfer:
         ~~~~~~~~~~~~~^^^^^^^^^^
  File "C:\Users\sababaei\Desktop\Shakhsi\Automation\Nornir\.venv\Lib\site-packages\netmiko\scp_handler.py", line 121, in __enter__
    self.establish_scp_conn()
    ~~~~~~~~~~~~~~~~~~~~~~~^^
  File "C:\Users\sababaei\Desktop\Shakhsi\Automation\Nornir\.venv\Lib\site-packages\netmiko\scp_handler.py", line 135, in establish_scp_conn
    self.scp_conn = SCPConn(
                    ~~~~~~~^
        self.ssh_ctl_chan,
        ^^^^^^^^^^^^^^^^^^
    ...<2 lines>...
        progress4=self.progress4,
        ^^^^^^^^^^^^^^^^^^^^^^^^^
    )
    ^
  File "C:\Users\sababaei\Desktop\Shakhsi\Automation\Nornir\.venv\Lib\site-packages\netmiko\scp_handler.py", line 41, in __init__
    self.establish_scp_conn()
    ~~~~~~~~~~~~~~~~~~~~~~~^^
  File "C:\Users\sababaei\Desktop\Shakhsi\Automation\Nornir\.venv\Lib\site-packages\netmiko\scp_handler.py", line 47, in establish_scp_conn
    self.scp_conn.connect(**ssh_connect_params)
    ~~~~~~~~~~~~~~~~~~~~~^^^^^^^^^^^^^^^^^^^^^^
  File "C:\Users\sababaei\Desktop\Shakhsi\Automation\Nornir\.venv\Lib\site-packages\paramiko\client.py", line 407, in connect
    raise NoValidConnectionsError(errors)
paramiko.ssh_exception.NoValidConnectionsError: [Errno None] Unable to connect to port 22 on 192.168.199.30

2026-02-06 13:51:56,891 - nornir.core.task -    ERROR -      start() - Host 'router4': task 'napalm_configure' failed with traceback:
Traceback (most recent call last):
  File "C:\Users\sababaei\Desktop\Shakhsi\Automation\Nornir\.venv\Lib\site-packages\nornir\core\task.py", line 98, in start
    r = self.task(self, **self.params)
  File "C:\Users\sababaei\Desktop\Shakhsi\Automation\Nornir\.venv\Lib\site-packages\nornir_napalm\plugins\tasks\napalm_configure.py", line 36, in napalm_configure
    device.load_merge_candidate(filename=filename, config=configuration)
    ~~~~~~~~~~~~~~~~~~~~~~~~~~~^^^^^^^^^^^^^^^^^^^^^^^^^^^^^^^^^^^^^^^^^
  File "C:\Users\sababaei\Desktop\Shakhsi\Automation\Nornir\.venv\Lib\site-packages\napalm\ios\ios.py", line 319, in load_merge_candidate
    return_status, msg = self._load_candidate_wrapper(
                         ~~~~~~~~~~~~~~~~~~~~~~~~~~~~^
        source_file=filename,
        ^^^^^^^^^^^^^^^^^^^^^
    ...<2 lines>...
        file_system=self.dest_file_system,
        ^^^^^^^^^^^^^^^^^^^^^^^^^^^^^^^^^^
    )
    ^
  File "C:\Users\sababaei\Desktop\Shakhsi\Automation\Nornir\.venv\Lib\site-packages\napalm\ios\ios.py", line 273, in _load_candidate_wrapper
    (return_status, msg) = self._scp_file(
                           ~~~~~~~~~~~~~~^
        source_file=tmp_file, dest_file=dest_file, file_system=file_system
        ^^^^^^^^^^^^^^^^^^^^^^^^^^^^^^^^^^^^^^^^^^^^^^^^^^^^^^^^^^^^^^^^^^
    )
    ^
  File "C:\Users\sababaei\Desktop\Shakhsi\Automation\Nornir\.venv\Lib\site-packages\napalm\ios\ios.py", line 735, in _scp_file
    return self._xfer_file(
           ~~~~~~~~~~~~~~~^
        source_file=source_file,
        ^^^^^^^^^^^^^^^^^^^^^^^^
    ...<2 lines>...
        TransferClass=FileTransfer,
        ^^^^^^^^^^^^^^^^^^^^^^^^^^^
    )
    ^
  File "C:\Users\sababaei\Desktop\Shakhsi\Automation\Nornir\.venv\Lib\site-packages\napalm\ios\ios.py", line 785, in _xfer_file
    with TransferClass(**kwargs) as transfer:
         ~~~~~~~~~~~~~^^^^^^^^^^
  File "C:\Users\sababaei\Desktop\Shakhsi\Automation\Nornir\.venv\Lib\site-packages\netmiko\scp_handler.py", line 121, in __enter__
    self.establish_scp_conn()
    ~~~~~~~~~~~~~~~~~~~~~~~^^
  File "C:\Users\sababaei\Desktop\Shakhsi\Automation\Nornir\.venv\Lib\site-packages\netmiko\scp_handler.py", line 135, in establish_scp_conn
    self.scp_conn = SCPConn(
                    ~~~~~~~^
        self.ssh_ctl_chan,
        ^^^^^^^^^^^^^^^^^^
    ...<2 lines>...
        progress4=self.progress4,
        ^^^^^^^^^^^^^^^^^^^^^^^^^
    )
    ^
  File "C:\Users\sababaei\Desktop\Shakhsi\Automation\Nornir\.venv\Lib\site-packages\netmiko\scp_handler.py", line 41, in __init__
    self.establish_scp_conn()
    ~~~~~~~~~~~~~~~~~~~~~~~^^
  File "C:\Users\sababaei\Desktop\Shakhsi\Automation\Nornir\.venv\Lib\site-packages\netmiko\scp_handler.py", line 47, in establish_scp_conn
    self.scp_conn.connect(**ssh_connect_params)
    ~~~~~~~~~~~~~~~~~~~~~^^^^^^^^^^^^^^^^^^^^^^
  File "C:\Users\sababaei\Desktop\Shakhsi\Automation\Nornir\.venv\Lib\site-packages\paramiko\client.py", line 407, in connect
    raise NoValidConnectionsError(errors)
paramiko.ssh_exception.NoValidConnectionsError: [Errno None] Unable to connect to port 22 on 192.168.199.30

2026-02-06 13:51:56,897 - nornir.core.task -    ERROR -      start() - Host 'router3': task 'napalm_configure' failed with traceback:
Traceback (most recent call last):
  File "C:\Users\sababaei\Desktop\Shakhsi\Automation\Nornir\.venv\Lib\site-packages\nornir\core\task.py", line 98, in start
    r = self.task(self, **self.params)
  File "C:\Users\sababaei\Desktop\Shakhsi\Automation\Nornir\.venv\Lib\site-packages\nornir_napalm\plugins\tasks\napalm_configure.py", line 36, in napalm_configure
    device.load_merge_candidate(filename=filename, config=configuration)
    ~~~~~~~~~~~~~~~~~~~~~~~~~~~^^^^^^^^^^^^^^^^^^^^^^^^^^^^^^^^^^^^^^^^^
  File "C:\Users\sababaei\Desktop\Shakhsi\Automation\Nornir\.venv\Lib\site-packages\napalm\ios\ios.py", line 319, in load_merge_candidate
    return_status, msg = self._load_candidate_wrapper(
                         ~~~~~~~~~~~~~~~~~~~~~~~~~~~~^
        source_file=filename,
        ^^^^^^^^^^^^^^^^^^^^^
    ...<2 lines>...
        file_system=self.dest_file_system,
        ^^^^^^^^^^^^^^^^^^^^^^^^^^^^^^^^^^
    )
    ^
  File "C:\Users\sababaei\Desktop\Shakhsi\Automation\Nornir\.venv\Lib\site-packages\napalm\ios\ios.py", line 273, in _load_candidate_wrapper
    (return_status, msg) = self._scp_file(
                           ~~~~~~~~~~~~~~^
        source_file=tmp_file, dest_file=dest_file, file_system=file_system
        ^^^^^^^^^^^^^^^^^^^^^^^^^^^^^^^^^^^^^^^^^^^^^^^^^^^^^^^^^^^^^^^^^^
    )
    ^
  File "C:\Users\sababaei\Desktop\Shakhsi\Automation\Nornir\.venv\Lib\site-packages\napalm\ios\ios.py", line 735, in _scp_file
    return self._xfer_file(
           ~~~~~~~~~~~~~~~^
        source_file=source_file,
        ^^^^^^^^^^^^^^^^^^^^^^^^
    ...<2 lines>...
        TransferClass=FileTransfer,
        ^^^^^^^^^^^^^^^^^^^^^^^^^^^
    )
    ^
  File "C:\Users\sababaei\Desktop\Shakhsi\Automation\Nornir\.venv\Lib\site-packages\napalm\ios\ios.py", line 785, in _xfer_file
    with TransferClass(**kwargs) as transfer:
         ~~~~~~~~~~~~~^^^^^^^^^^
  File "C:\Users\sababaei\Desktop\Shakhsi\Automation\Nornir\.venv\Lib\site-packages\netmiko\scp_handler.py", line 121, in __enter__
    self.establish_scp_conn()
    ~~~~~~~~~~~~~~~~~~~~~~~^^
  File "C:\Users\sababaei\Desktop\Shakhsi\Automation\Nornir\.venv\Lib\site-packages\netmiko\scp_handler.py", line 135, in establish_scp_conn
    self.scp_conn = SCPConn(
                    ~~~~~~~^
        self.ssh_ctl_chan,
        ^^^^^^^^^^^^^^^^^^
    ...<2 lines>...
        progress4=self.progress4,
        ^^^^^^^^^^^^^^^^^^^^^^^^^
    )
    ^
  File "C:\Users\sababaei\Desktop\Shakhsi\Automation\Nornir\.venv\Lib\site-packages\netmiko\scp_handler.py", line 41, in __init__
    self.establish_scp_conn()
    ~~~~~~~~~~~~~~~~~~~~~~~^^
  File "C:\Users\sababaei\Desktop\Shakhsi\Automation\Nornir\.venv\Lib\site-packages\netmiko\scp_handler.py", line 47, in establish_scp_conn
    self.scp_conn.connect(**ssh_connect_params)
    ~~~~~~~~~~~~~~~~~~~~~^^^^^^^^^^^^^^^^^^^^^^
  File "C:\Users\sababaei\Desktop\Shakhsi\Automation\Nornir\.venv\Lib\site-packages\paramiko\client.py", line 407, in connect
    raise NoValidConnectionsError(errors)
paramiko.ssh_exception.NoValidConnectionsError: [Errno None] Unable to connect to port 22 on 192.168.199.30

2026-02-06 13:51:58,085 - nornir.core.task -    ERROR -      start() - Host 'router2': task 'napalm_configure' failed with traceback:
Traceback (most recent call last):
  File "C:\Users\sababaei\Desktop\Shakhsi\Automation\Nornir\.venv\Lib\site-packages\nornir\core\task.py", line 98, in start
    r = self.task(self, **self.params)
  File "C:\Users\sababaei\Desktop\Shakhsi\Automation\Nornir\.venv\Lib\site-packages\nornir_napalm\plugins\tasks\napalm_configure.py", line 36, in napalm_configure
    device.load_merge_candidate(filename=filename, config=configuration)
    ~~~~~~~~~~~~~~~~~~~~~~~~~~~^^^^^^^^^^^^^^^^^^^^^^^^^^^^^^^^^^^^^^^^^
  File "C:\Users\sababaei\Desktop\Shakhsi\Automation\Nornir\.venv\Lib\site-packages\napalm\ios\ios.py", line 319, in load_merge_candidate
    return_status, msg = self._load_candidate_wrapper(
                         ~~~~~~~~~~~~~~~~~~~~~~~~~~~~^
        source_file=filename,
        ^^^^^^^^^^^^^^^^^^^^^
    ...<2 lines>...
        file_system=self.dest_file_system,
        ^^^^^^^^^^^^^^^^^^^^^^^^^^^^^^^^^^
    )
    ^
  File "C:\Users\sababaei\Desktop\Shakhsi\Automation\Nornir\.venv\Lib\site-packages\napalm\ios\ios.py", line 273, in _load_candidate_wrapper
    (return_status, msg) = self._scp_file(
                           ~~~~~~~~~~~~~~^
        source_file=tmp_file, dest_file=dest_file, file_system=file_system
        ^^^^^^^^^^^^^^^^^^^^^^^^^^^^^^^^^^^^^^^^^^^^^^^^^^^^^^^^^^^^^^^^^^
    )
    ^
  File "C:\Users\sababaei\Desktop\Shakhsi\Automation\Nornir\.venv\Lib\site-packages\napalm\ios\ios.py", line 735, in _scp_file
    return self._xfer_file(
           ~~~~~~~~~~~~~~~^
        source_file=source_file,
        ^^^^^^^^^^^^^^^^^^^^^^^^
    ...<2 lines>...
        TransferClass=FileTransfer,
        ^^^^^^^^^^^^^^^^^^^^^^^^^^^
    )
    ^
  File "C:\Users\sababaei\Desktop\Shakhsi\Automation\Nornir\.venv\Lib\site-packages\napalm\ios\ios.py", line 803, in _xfer_file
    raise CommandErrorException(msg)
napalm.base.exceptions.CommandErrorException: SCP file transfers are not enabled. Configure 'ip scp server enable' on the device.

2026-02-06 13:54:10,306 -  nornir.core -     INFO -        run() - Running task 'napalm_configure' with args {'configuration': 'interface loo100'} on 4 hosts
2026-02-06 13:54:13,082 - nornir.core.task -    ERROR -      start() - Host 'router2': task 'napalm_configure' failed with traceback:
Traceback (most recent call last):
  File "C:\Users\sababaei\Desktop\Shakhsi\Automation\Nornir\.venv\Lib\site-packages\paramiko\transport.py", line 2363, in _check_banner
    buf = self.packetizer.readline(timeout)
  File "C:\Users\sababaei\Desktop\Shakhsi\Automation\Nornir\.venv\Lib\site-packages\paramiko\packet.py", line 395, in readline
    buf += self._read_timeout(timeout)
           ~~~~~~~~~~~~~~~~~~^^^^^^^^^
  File "C:\Users\sababaei\Desktop\Shakhsi\Automation\Nornir\.venv\Lib\site-packages\paramiko\packet.py", line 665, in _read_timeout
    raise EOFError()
EOFError

During handling of the above exception, another exception occurred:

Traceback (most recent call last):
  File "C:\Users\sababaei\Desktop\Shakhsi\Automation\Nornir\.venv\Lib\site-packages\nornir\core\task.py", line 98, in start
    r = self.task(self, **self.params)
  File "C:\Users\sababaei\Desktop\Shakhsi\Automation\Nornir\.venv\Lib\site-packages\nornir_napalm\plugins\tasks\napalm_configure.py", line 36, in napalm_configure
    device.load_merge_candidate(filename=filename, config=configuration)
    ~~~~~~~~~~~~~~~~~~~~~~~~~~~^^^^^^^^^^^^^^^^^^^^^^^^^^^^^^^^^^^^^^^^^
  File "C:\Users\sababaei\Desktop\Shakhsi\Automation\Nornir\.venv\Lib\site-packages\napalm\ios\ios.py", line 319, in load_merge_candidate
    return_status, msg = self._load_candidate_wrapper(
                         ~~~~~~~~~~~~~~~~~~~~~~~~~~~~^
        source_file=filename,
        ^^^^^^^^^^^^^^^^^^^^^
    ...<2 lines>...
        file_system=self.dest_file_system,
        ^^^^^^^^^^^^^^^^^^^^^^^^^^^^^^^^^^
    )
    ^
  File "C:\Users\sababaei\Desktop\Shakhsi\Automation\Nornir\.venv\Lib\site-packages\napalm\ios\ios.py", line 273, in _load_candidate_wrapper
    (return_status, msg) = self._scp_file(
                           ~~~~~~~~~~~~~~^
        source_file=tmp_file, dest_file=dest_file, file_system=file_system
        ^^^^^^^^^^^^^^^^^^^^^^^^^^^^^^^^^^^^^^^^^^^^^^^^^^^^^^^^^^^^^^^^^^
    )
    ^
  File "C:\Users\sababaei\Desktop\Shakhsi\Automation\Nornir\.venv\Lib\site-packages\napalm\ios\ios.py", line 735, in _scp_file
    return self._xfer_file(
           ~~~~~~~~~~~~~~~^
        source_file=source_file,
        ^^^^^^^^^^^^^^^^^^^^^^^^
    ...<2 lines>...
        TransferClass=FileTransfer,
        ^^^^^^^^^^^^^^^^^^^^^^^^^^^
    )
    ^
  File "C:\Users\sababaei\Desktop\Shakhsi\Automation\Nornir\.venv\Lib\site-packages\napalm\ios\ios.py", line 785, in _xfer_file
    with TransferClass(**kwargs) as transfer:
         ~~~~~~~~~~~~~^^^^^^^^^^
  File "C:\Users\sababaei\Desktop\Shakhsi\Automation\Nornir\.venv\Lib\site-packages\netmiko\scp_handler.py", line 121, in __enter__
    self.establish_scp_conn()
    ~~~~~~~~~~~~~~~~~~~~~~~^^
  File "C:\Users\sababaei\Desktop\Shakhsi\Automation\Nornir\.venv\Lib\site-packages\netmiko\scp_handler.py", line 135, in establish_scp_conn
    self.scp_conn = SCPConn(
                    ~~~~~~~^
        self.ssh_ctl_chan,
        ^^^^^^^^^^^^^^^^^^
    ...<2 lines>...
        progress4=self.progress4,
        ^^^^^^^^^^^^^^^^^^^^^^^^^
    )
    ^
  File "C:\Users\sababaei\Desktop\Shakhsi\Automation\Nornir\.venv\Lib\site-packages\netmiko\scp_handler.py", line 41, in __init__
    self.establish_scp_conn()
    ~~~~~~~~~~~~~~~~~~~~~~~^^
  File "C:\Users\sababaei\Desktop\Shakhsi\Automation\Nornir\.venv\Lib\site-packages\netmiko\scp_handler.py", line 47, in establish_scp_conn
    self.scp_conn.connect(**ssh_connect_params)
    ~~~~~~~~~~~~~~~~~~~~~^^^^^^^^^^^^^^^^^^^^^^
  File "C:\Users\sababaei\Desktop\Shakhsi\Automation\Nornir\.venv\Lib\site-packages\paramiko\client.py", line 449, in connect
    t.start_client(timeout=timeout)
    ~~~~~~~~~~~~~~^^^^^^^^^^^^^^^^^
  File "C:\Users\sababaei\Desktop\Shakhsi\Automation\Nornir\.venv\Lib\site-packages\paramiko\transport.py", line 768, in start_client
    raise e
  File "C:\Users\sababaei\Desktop\Shakhsi\Automation\Nornir\.venv\Lib\site-packages\paramiko\transport.py", line 2179, in run
    self._check_banner()
    ~~~~~~~~~~~~~~~~~~^^
  File "C:\Users\sababaei\Desktop\Shakhsi\Automation\Nornir\.venv\Lib\site-packages\paramiko\transport.py", line 2367, in _check_banner
    raise SSHException(
        "Error reading SSH protocol banner" + str(e)
    )
paramiko.ssh_exception.SSHException: Error reading SSH protocol banner

2026-02-06 13:54:13,086 - nornir.core.task -    ERROR -      start() - Host 'router1': task 'napalm_configure' failed with traceback:
Traceback (most recent call last):
  File "C:\Users\sababaei\Desktop\Shakhsi\Automation\Nornir\.venv\Lib\site-packages\paramiko\transport.py", line 2363, in _check_banner
    buf = self.packetizer.readline(timeout)
  File "C:\Users\sababaei\Desktop\Shakhsi\Automation\Nornir\.venv\Lib\site-packages\paramiko\packet.py", line 395, in readline
    buf += self._read_timeout(timeout)
           ~~~~~~~~~~~~~~~~~~^^^^^^^^^
  File "C:\Users\sababaei\Desktop\Shakhsi\Automation\Nornir\.venv\Lib\site-packages\paramiko\packet.py", line 665, in _read_timeout
    raise EOFError()
EOFError

During handling of the above exception, another exception occurred:

Traceback (most recent call last):
  File "C:\Users\sababaei\Desktop\Shakhsi\Automation\Nornir\.venv\Lib\site-packages\nornir\core\task.py", line 98, in start
    r = self.task(self, **self.params)
  File "C:\Users\sababaei\Desktop\Shakhsi\Automation\Nornir\.venv\Lib\site-packages\nornir_napalm\plugins\tasks\napalm_configure.py", line 36, in napalm_configure
    device.load_merge_candidate(filename=filename, config=configuration)
    ~~~~~~~~~~~~~~~~~~~~~~~~~~~^^^^^^^^^^^^^^^^^^^^^^^^^^^^^^^^^^^^^^^^^
  File "C:\Users\sababaei\Desktop\Shakhsi\Automation\Nornir\.venv\Lib\site-packages\napalm\ios\ios.py", line 319, in load_merge_candidate
    return_status, msg = self._load_candidate_wrapper(
                         ~~~~~~~~~~~~~~~~~~~~~~~~~~~~^
        source_file=filename,
        ^^^^^^^^^^^^^^^^^^^^^
    ...<2 lines>...
        file_system=self.dest_file_system,
        ^^^^^^^^^^^^^^^^^^^^^^^^^^^^^^^^^^
    )
    ^
  File "C:\Users\sababaei\Desktop\Shakhsi\Automation\Nornir\.venv\Lib\site-packages\napalm\ios\ios.py", line 273, in _load_candidate_wrapper
    (return_status, msg) = self._scp_file(
                           ~~~~~~~~~~~~~~^
        source_file=tmp_file, dest_file=dest_file, file_system=file_system
        ^^^^^^^^^^^^^^^^^^^^^^^^^^^^^^^^^^^^^^^^^^^^^^^^^^^^^^^^^^^^^^^^^^
    )
    ^
  File "C:\Users\sababaei\Desktop\Shakhsi\Automation\Nornir\.venv\Lib\site-packages\napalm\ios\ios.py", line 735, in _scp_file
    return self._xfer_file(
           ~~~~~~~~~~~~~~~^
        source_file=source_file,
        ^^^^^^^^^^^^^^^^^^^^^^^^
    ...<2 lines>...
        TransferClass=FileTransfer,
        ^^^^^^^^^^^^^^^^^^^^^^^^^^^
    )
    ^
  File "C:\Users\sababaei\Desktop\Shakhsi\Automation\Nornir\.venv\Lib\site-packages\napalm\ios\ios.py", line 785, in _xfer_file
    with TransferClass(**kwargs) as transfer:
         ~~~~~~~~~~~~~^^^^^^^^^^
  File "C:\Users\sababaei\Desktop\Shakhsi\Automation\Nornir\.venv\Lib\site-packages\netmiko\scp_handler.py", line 121, in __enter__
    self.establish_scp_conn()
    ~~~~~~~~~~~~~~~~~~~~~~~^^
  File "C:\Users\sababaei\Desktop\Shakhsi\Automation\Nornir\.venv\Lib\site-packages\netmiko\scp_handler.py", line 135, in establish_scp_conn
    self.scp_conn = SCPConn(
                    ~~~~~~~^
        self.ssh_ctl_chan,
        ^^^^^^^^^^^^^^^^^^
    ...<2 lines>...
        progress4=self.progress4,
        ^^^^^^^^^^^^^^^^^^^^^^^^^
    )
    ^
  File "C:\Users\sababaei\Desktop\Shakhsi\Automation\Nornir\.venv\Lib\site-packages\netmiko\scp_handler.py", line 41, in __init__
    self.establish_scp_conn()
    ~~~~~~~~~~~~~~~~~~~~~~~^^
  File "C:\Users\sababaei\Desktop\Shakhsi\Automation\Nornir\.venv\Lib\site-packages\netmiko\scp_handler.py", line 47, in establish_scp_conn
    self.scp_conn.connect(**ssh_connect_params)
    ~~~~~~~~~~~~~~~~~~~~~^^^^^^^^^^^^^^^^^^^^^^
  File "C:\Users\sababaei\Desktop\Shakhsi\Automation\Nornir\.venv\Lib\site-packages\paramiko\client.py", line 449, in connect
    t.start_client(timeout=timeout)
    ~~~~~~~~~~~~~~^^^^^^^^^^^^^^^^^
  File "C:\Users\sababaei\Desktop\Shakhsi\Automation\Nornir\.venv\Lib\site-packages\paramiko\transport.py", line 768, in start_client
    raise e
  File "C:\Users\sababaei\Desktop\Shakhsi\Automation\Nornir\.venv\Lib\site-packages\paramiko\transport.py", line 2179, in run
    self._check_banner()
    ~~~~~~~~~~~~~~~~~~^^
  File "C:\Users\sababaei\Desktop\Shakhsi\Automation\Nornir\.venv\Lib\site-packages\paramiko\transport.py", line 2367, in _check_banner
    raise SSHException(
        "Error reading SSH protocol banner" + str(e)
    )
paramiko.ssh_exception.SSHException: Error reading SSH protocol banner

2026-02-06 13:54:15,273 - nornir.core.task -    ERROR -      start() - Host 'router4': task 'napalm_configure' failed with traceback:
Traceback (most recent call last):
  File "C:\Users\sababaei\Desktop\Shakhsi\Automation\Nornir\.venv\Lib\site-packages\nornir\core\task.py", line 98, in start
    r = self.task(self, **self.params)
  File "C:\Users\sababaei\Desktop\Shakhsi\Automation\Nornir\.venv\Lib\site-packages\nornir_napalm\plugins\tasks\napalm_configure.py", line 36, in napalm_configure
    device.load_merge_candidate(filename=filename, config=configuration)
    ~~~~~~~~~~~~~~~~~~~~~~~~~~~^^^^^^^^^^^^^^^^^^^^^^^^^^^^^^^^^^^^^^^^^
  File "C:\Users\sababaei\Desktop\Shakhsi\Automation\Nornir\.venv\Lib\site-packages\napalm\ios\ios.py", line 319, in load_merge_candidate
    return_status, msg = self._load_candidate_wrapper(
                         ~~~~~~~~~~~~~~~~~~~~~~~~~~~~^
        source_file=filename,
        ^^^^^^^^^^^^^^^^^^^^^
    ...<2 lines>...
        file_system=self.dest_file_system,
        ^^^^^^^^^^^^^^^^^^^^^^^^^^^^^^^^^^
    )
    ^
  File "C:\Users\sababaei\Desktop\Shakhsi\Automation\Nornir\.venv\Lib\site-packages\napalm\ios\ios.py", line 273, in _load_candidate_wrapper
    (return_status, msg) = self._scp_file(
                           ~~~~~~~~~~~~~~^
        source_file=tmp_file, dest_file=dest_file, file_system=file_system
        ^^^^^^^^^^^^^^^^^^^^^^^^^^^^^^^^^^^^^^^^^^^^^^^^^^^^^^^^^^^^^^^^^^
    )
    ^
  File "C:\Users\sababaei\Desktop\Shakhsi\Automation\Nornir\.venv\Lib\site-packages\napalm\ios\ios.py", line 735, in _scp_file
    return self._xfer_file(
           ~~~~~~~~~~~~~~~^
        source_file=source_file,
        ^^^^^^^^^^^^^^^^^^^^^^^^
    ...<2 lines>...
        TransferClass=FileTransfer,
        ^^^^^^^^^^^^^^^^^^^^^^^^^^^
    )
    ^
  File "C:\Users\sababaei\Desktop\Shakhsi\Automation\Nornir\.venv\Lib\site-packages\napalm\ios\ios.py", line 785, in _xfer_file
    with TransferClass(**kwargs) as transfer:
         ~~~~~~~~~~~~~^^^^^^^^^^
  File "C:\Users\sababaei\Desktop\Shakhsi\Automation\Nornir\.venv\Lib\site-packages\netmiko\scp_handler.py", line 121, in __enter__
    self.establish_scp_conn()
    ~~~~~~~~~~~~~~~~~~~~~~~^^
  File "C:\Users\sababaei\Desktop\Shakhsi\Automation\Nornir\.venv\Lib\site-packages\netmiko\scp_handler.py", line 135, in establish_scp_conn
    self.scp_conn = SCPConn(
                    ~~~~~~~^
        self.ssh_ctl_chan,
        ^^^^^^^^^^^^^^^^^^
    ...<2 lines>...
        progress4=self.progress4,
        ^^^^^^^^^^^^^^^^^^^^^^^^^
    )
    ^
  File "C:\Users\sababaei\Desktop\Shakhsi\Automation\Nornir\.venv\Lib\site-packages\netmiko\scp_handler.py", line 41, in __init__
    self.establish_scp_conn()
    ~~~~~~~~~~~~~~~~~~~~~~~^^
  File "C:\Users\sababaei\Desktop\Shakhsi\Automation\Nornir\.venv\Lib\site-packages\netmiko\scp_handler.py", line 47, in establish_scp_conn
    self.scp_conn.connect(**ssh_connect_params)
    ~~~~~~~~~~~~~~~~~~~~~^^^^^^^^^^^^^^^^^^^^^^
  File "C:\Users\sababaei\Desktop\Shakhsi\Automation\Nornir\.venv\Lib\site-packages\paramiko\client.py", line 407, in connect
    raise NoValidConnectionsError(errors)
paramiko.ssh_exception.NoValidConnectionsError: [Errno None] Unable to connect to port 22 on 192.168.199.30

2026-02-06 13:56:35,218 -  nornir.core -     INFO -        run() - Running task 'napalm_configure' with args {'configuration': 'interface loo100'} on 4 hosts
2026-02-06 13:56:37,902 - nornir.core.task -    ERROR -      start() - Host 'router3': task 'napalm_configure' failed with traceback:
Traceback (most recent call last):
  File "C:\Users\sababaei\Desktop\Shakhsi\Automation\Nornir\.venv\Lib\site-packages\paramiko\transport.py", line 2363, in _check_banner
    buf = self.packetizer.readline(timeout)
  File "C:\Users\sababaei\Desktop\Shakhsi\Automation\Nornir\.venv\Lib\site-packages\paramiko\packet.py", line 395, in readline
    buf += self._read_timeout(timeout)
           ~~~~~~~~~~~~~~~~~~^^^^^^^^^
  File "C:\Users\sababaei\Desktop\Shakhsi\Automation\Nornir\.venv\Lib\site-packages\paramiko\packet.py", line 665, in _read_timeout
    raise EOFError()
EOFError

During handling of the above exception, another exception occurred:

Traceback (most recent call last):
  File "C:\Users\sababaei\Desktop\Shakhsi\Automation\Nornir\.venv\Lib\site-packages\nornir\core\task.py", line 98, in start
    r = self.task(self, **self.params)
  File "C:\Users\sababaei\Desktop\Shakhsi\Automation\Nornir\.venv\Lib\site-packages\nornir_napalm\plugins\tasks\napalm_configure.py", line 36, in napalm_configure
    device.load_merge_candidate(filename=filename, config=configuration)
    ~~~~~~~~~~~~~~~~~~~~~~~~~~~^^^^^^^^^^^^^^^^^^^^^^^^^^^^^^^^^^^^^^^^^
  File "C:\Users\sababaei\Desktop\Shakhsi\Automation\Nornir\.venv\Lib\site-packages\napalm\ios\ios.py", line 319, in load_merge_candidate
    return_status, msg = self._load_candidate_wrapper(
                         ~~~~~~~~~~~~~~~~~~~~~~~~~~~~^
        source_file=filename,
        ^^^^^^^^^^^^^^^^^^^^^
    ...<2 lines>...
        file_system=self.dest_file_system,
        ^^^^^^^^^^^^^^^^^^^^^^^^^^^^^^^^^^
    )
    ^
  File "C:\Users\sababaei\Desktop\Shakhsi\Automation\Nornir\.venv\Lib\site-packages\napalm\ios\ios.py", line 273, in _load_candidate_wrapper
    (return_status, msg) = self._scp_file(
                           ~~~~~~~~~~~~~~^
        source_file=tmp_file, dest_file=dest_file, file_system=file_system
        ^^^^^^^^^^^^^^^^^^^^^^^^^^^^^^^^^^^^^^^^^^^^^^^^^^^^^^^^^^^^^^^^^^
    )
    ^
  File "C:\Users\sababaei\Desktop\Shakhsi\Automation\Nornir\.venv\Lib\site-packages\napalm\ios\ios.py", line 735, in _scp_file
    return self._xfer_file(
           ~~~~~~~~~~~~~~~^
        source_file=source_file,
        ^^^^^^^^^^^^^^^^^^^^^^^^
    ...<2 lines>...
        TransferClass=FileTransfer,
        ^^^^^^^^^^^^^^^^^^^^^^^^^^^
    )
    ^
  File "C:\Users\sababaei\Desktop\Shakhsi\Automation\Nornir\.venv\Lib\site-packages\napalm\ios\ios.py", line 785, in _xfer_file
    with TransferClass(**kwargs) as transfer:
         ~~~~~~~~~~~~~^^^^^^^^^^
  File "C:\Users\sababaei\Desktop\Shakhsi\Automation\Nornir\.venv\Lib\site-packages\netmiko\scp_handler.py", line 121, in __enter__
    self.establish_scp_conn()
    ~~~~~~~~~~~~~~~~~~~~~~~^^
  File "C:\Users\sababaei\Desktop\Shakhsi\Automation\Nornir\.venv\Lib\site-packages\netmiko\scp_handler.py", line 135, in establish_scp_conn
    self.scp_conn = SCPConn(
                    ~~~~~~~^
        self.ssh_ctl_chan,
        ^^^^^^^^^^^^^^^^^^
    ...<2 lines>...
        progress4=self.progress4,
        ^^^^^^^^^^^^^^^^^^^^^^^^^
    )
    ^
  File "C:\Users\sababaei\Desktop\Shakhsi\Automation\Nornir\.venv\Lib\site-packages\netmiko\scp_handler.py", line 41, in __init__
    self.establish_scp_conn()
    ~~~~~~~~~~~~~~~~~~~~~~~^^
  File "C:\Users\sababaei\Desktop\Shakhsi\Automation\Nornir\.venv\Lib\site-packages\netmiko\scp_handler.py", line 47, in establish_scp_conn
    self.scp_conn.connect(**ssh_connect_params)
    ~~~~~~~~~~~~~~~~~~~~~^^^^^^^^^^^^^^^^^^^^^^
  File "C:\Users\sababaei\Desktop\Shakhsi\Automation\Nornir\.venv\Lib\site-packages\paramiko\client.py", line 449, in connect
    t.start_client(timeout=timeout)
    ~~~~~~~~~~~~~~^^^^^^^^^^^^^^^^^
  File "C:\Users\sababaei\Desktop\Shakhsi\Automation\Nornir\.venv\Lib\site-packages\paramiko\transport.py", line 768, in start_client
    raise e
  File "C:\Users\sababaei\Desktop\Shakhsi\Automation\Nornir\.venv\Lib\site-packages\paramiko\transport.py", line 2179, in run
    self._check_banner()
    ~~~~~~~~~~~~~~~~~~^^
  File "C:\Users\sababaei\Desktop\Shakhsi\Automation\Nornir\.venv\Lib\site-packages\paramiko\transport.py", line 2367, in _check_banner
    raise SSHException(
        "Error reading SSH protocol banner" + str(e)
    )
paramiko.ssh_exception.SSHException: Error reading SSH protocol banner

2026-02-06 13:56:40,305 - nornir.core.task -    ERROR -      start() - Host 'router4': task 'napalm_configure' failed with traceback:
Traceback (most recent call last):
  File "C:\Users\sababaei\Desktop\Shakhsi\Automation\Nornir\.venv\Lib\site-packages\nornir\core\task.py", line 98, in start
    r = self.task(self, **self.params)
  File "C:\Users\sababaei\Desktop\Shakhsi\Automation\Nornir\.venv\Lib\site-packages\nornir_napalm\plugins\tasks\napalm_configure.py", line 36, in napalm_configure
    device.load_merge_candidate(filename=filename, config=configuration)
    ~~~~~~~~~~~~~~~~~~~~~~~~~~~^^^^^^^^^^^^^^^^^^^^^^^^^^^^^^^^^^^^^^^^^
  File "C:\Users\sababaei\Desktop\Shakhsi\Automation\Nornir\.venv\Lib\site-packages\napalm\ios\ios.py", line 319, in load_merge_candidate
    return_status, msg = self._load_candidate_wrapper(
                         ~~~~~~~~~~~~~~~~~~~~~~~~~~~~^
        source_file=filename,
        ^^^^^^^^^^^^^^^^^^^^^
    ...<2 lines>...
        file_system=self.dest_file_system,
        ^^^^^^^^^^^^^^^^^^^^^^^^^^^^^^^^^^
    )
    ^
  File "C:\Users\sababaei\Desktop\Shakhsi\Automation\Nornir\.venv\Lib\site-packages\napalm\ios\ios.py", line 273, in _load_candidate_wrapper
    (return_status, msg) = self._scp_file(
                           ~~~~~~~~~~~~~~^
        source_file=tmp_file, dest_file=dest_file, file_system=file_system
        ^^^^^^^^^^^^^^^^^^^^^^^^^^^^^^^^^^^^^^^^^^^^^^^^^^^^^^^^^^^^^^^^^^
    )
    ^
  File "C:\Users\sababaei\Desktop\Shakhsi\Automation\Nornir\.venv\Lib\site-packages\napalm\ios\ios.py", line 735, in _scp_file
    return self._xfer_file(
           ~~~~~~~~~~~~~~~^
        source_file=source_file,
        ^^^^^^^^^^^^^^^^^^^^^^^^
    ...<2 lines>...
        TransferClass=FileTransfer,
        ^^^^^^^^^^^^^^^^^^^^^^^^^^^
    )
    ^
  File "C:\Users\sababaei\Desktop\Shakhsi\Automation\Nornir\.venv\Lib\site-packages\napalm\ios\ios.py", line 785, in _xfer_file
    with TransferClass(**kwargs) as transfer:
         ~~~~~~~~~~~~~^^^^^^^^^^
  File "C:\Users\sababaei\Desktop\Shakhsi\Automation\Nornir\.venv\Lib\site-packages\netmiko\scp_handler.py", line 121, in __enter__
    self.establish_scp_conn()
    ~~~~~~~~~~~~~~~~~~~~~~~^^
  File "C:\Users\sababaei\Desktop\Shakhsi\Automation\Nornir\.venv\Lib\site-packages\netmiko\scp_handler.py", line 135, in establish_scp_conn
    self.scp_conn = SCPConn(
                    ~~~~~~~^
        self.ssh_ctl_chan,
        ^^^^^^^^^^^^^^^^^^
    ...<2 lines>...
        progress4=self.progress4,
        ^^^^^^^^^^^^^^^^^^^^^^^^^
    )
    ^
  File "C:\Users\sababaei\Desktop\Shakhsi\Automation\Nornir\.venv\Lib\site-packages\netmiko\scp_handler.py", line 41, in __init__
    self.establish_scp_conn()
    ~~~~~~~~~~~~~~~~~~~~~~~^^
  File "C:\Users\sababaei\Desktop\Shakhsi\Automation\Nornir\.venv\Lib\site-packages\netmiko\scp_handler.py", line 47, in establish_scp_conn
    self.scp_conn.connect(**ssh_connect_params)
    ~~~~~~~~~~~~~~~~~~~~~^^^^^^^^^^^^^^^^^^^^^^
  File "C:\Users\sababaei\Desktop\Shakhsi\Automation\Nornir\.venv\Lib\site-packages\paramiko\client.py", line 407, in connect
    raise NoValidConnectionsError(errors)
paramiko.ssh_exception.NoValidConnectionsError: [Errno None] Unable to connect to port 22 on 192.168.199.30

2026-02-06 13:56:40,310 - nornir.core.task -    ERROR -      start() - Host 'router2': task 'napalm_configure' failed with traceback:
Traceback (most recent call last):
  File "C:\Users\sababaei\Desktop\Shakhsi\Automation\Nornir\.venv\Lib\site-packages\nornir\core\task.py", line 98, in start
    r = self.task(self, **self.params)
  File "C:\Users\sababaei\Desktop\Shakhsi\Automation\Nornir\.venv\Lib\site-packages\nornir_napalm\plugins\tasks\napalm_configure.py", line 36, in napalm_configure
    device.load_merge_candidate(filename=filename, config=configuration)
    ~~~~~~~~~~~~~~~~~~~~~~~~~~~^^^^^^^^^^^^^^^^^^^^^^^^^^^^^^^^^^^^^^^^^
  File "C:\Users\sababaei\Desktop\Shakhsi\Automation\Nornir\.venv\Lib\site-packages\napalm\ios\ios.py", line 319, in load_merge_candidate
    return_status, msg = self._load_candidate_wrapper(
                         ~~~~~~~~~~~~~~~~~~~~~~~~~~~~^
        source_file=filename,
        ^^^^^^^^^^^^^^^^^^^^^
    ...<2 lines>...
        file_system=self.dest_file_system,
        ^^^^^^^^^^^^^^^^^^^^^^^^^^^^^^^^^^
    )
    ^
  File "C:\Users\sababaei\Desktop\Shakhsi\Automation\Nornir\.venv\Lib\site-packages\napalm\ios\ios.py", line 273, in _load_candidate_wrapper
    (return_status, msg) = self._scp_file(
                           ~~~~~~~~~~~~~~^
        source_file=tmp_file, dest_file=dest_file, file_system=file_system
        ^^^^^^^^^^^^^^^^^^^^^^^^^^^^^^^^^^^^^^^^^^^^^^^^^^^^^^^^^^^^^^^^^^
    )
    ^
  File "C:\Users\sababaei\Desktop\Shakhsi\Automation\Nornir\.venv\Lib\site-packages\napalm\ios\ios.py", line 735, in _scp_file
    return self._xfer_file(
           ~~~~~~~~~~~~~~~^
        source_file=source_file,
        ^^^^^^^^^^^^^^^^^^^^^^^^
    ...<2 lines>...
        TransferClass=FileTransfer,
        ^^^^^^^^^^^^^^^^^^^^^^^^^^^
    )
    ^
  File "C:\Users\sababaei\Desktop\Shakhsi\Automation\Nornir\.venv\Lib\site-packages\napalm\ios\ios.py", line 785, in _xfer_file
    with TransferClass(**kwargs) as transfer:
         ~~~~~~~~~~~~~^^^^^^^^^^
  File "C:\Users\sababaei\Desktop\Shakhsi\Automation\Nornir\.venv\Lib\site-packages\netmiko\scp_handler.py", line 121, in __enter__
    self.establish_scp_conn()
    ~~~~~~~~~~~~~~~~~~~~~~~^^
  File "C:\Users\sababaei\Desktop\Shakhsi\Automation\Nornir\.venv\Lib\site-packages\netmiko\scp_handler.py", line 135, in establish_scp_conn
    self.scp_conn = SCPConn(
                    ~~~~~~~^
        self.ssh_ctl_chan,
        ^^^^^^^^^^^^^^^^^^
    ...<2 lines>...
        progress4=self.progress4,
        ^^^^^^^^^^^^^^^^^^^^^^^^^
    )
    ^
  File "C:\Users\sababaei\Desktop\Shakhsi\Automation\Nornir\.venv\Lib\site-packages\netmiko\scp_handler.py", line 41, in __init__
    self.establish_scp_conn()
    ~~~~~~~~~~~~~~~~~~~~~~~^^
  File "C:\Users\sababaei\Desktop\Shakhsi\Automation\Nornir\.venv\Lib\site-packages\netmiko\scp_handler.py", line 47, in establish_scp_conn
    self.scp_conn.connect(**ssh_connect_params)
    ~~~~~~~~~~~~~~~~~~~~~^^^^^^^^^^^^^^^^^^^^^^
  File "C:\Users\sababaei\Desktop\Shakhsi\Automation\Nornir\.venv\Lib\site-packages\paramiko\client.py", line 407, in connect
    raise NoValidConnectionsError(errors)
paramiko.ssh_exception.NoValidConnectionsError: [Errno None] Unable to connect to port 22 on 192.168.199.30

2026-02-06 13:58:13,290 -  nornir.core -     INFO -        run() - Running task 'napalm_configure' with args {'configuration': 'interface loo100'} on 4 hosts
2026-02-06 13:58:17,765 - nornir.core.task -    ERROR -      start() - Host 'router3': task 'napalm_configure' failed with traceback:
Traceback (most recent call last):
  File "C:\Users\sababaei\Desktop\Shakhsi\Automation\Nornir\.venv\Lib\site-packages\nornir\core\task.py", line 98, in start
    r = self.task(self, **self.params)
  File "C:\Users\sababaei\Desktop\Shakhsi\Automation\Nornir\.venv\Lib\site-packages\nornir_napalm\plugins\tasks\napalm_configure.py", line 36, in napalm_configure
    device.load_merge_candidate(filename=filename, config=configuration)
    ~~~~~~~~~~~~~~~~~~~~~~~~~~~^^^^^^^^^^^^^^^^^^^^^^^^^^^^^^^^^^^^^^^^^
  File "C:\Users\sababaei\Desktop\Shakhsi\Automation\Nornir\.venv\Lib\site-packages\napalm\ios\ios.py", line 319, in load_merge_candidate
    return_status, msg = self._load_candidate_wrapper(
                         ~~~~~~~~~~~~~~~~~~~~~~~~~~~~^
        source_file=filename,
        ^^^^^^^^^^^^^^^^^^^^^
    ...<2 lines>...
        file_system=self.dest_file_system,
        ^^^^^^^^^^^^^^^^^^^^^^^^^^^^^^^^^^
    )
    ^
  File "C:\Users\sababaei\Desktop\Shakhsi\Automation\Nornir\.venv\Lib\site-packages\napalm\ios\ios.py", line 273, in _load_candidate_wrapper
    (return_status, msg) = self._scp_file(
                           ~~~~~~~~~~~~~~^
        source_file=tmp_file, dest_file=dest_file, file_system=file_system
        ^^^^^^^^^^^^^^^^^^^^^^^^^^^^^^^^^^^^^^^^^^^^^^^^^^^^^^^^^^^^^^^^^^
    )
    ^
  File "C:\Users\sababaei\Desktop\Shakhsi\Automation\Nornir\.venv\Lib\site-packages\napalm\ios\ios.py", line 735, in _scp_file
    return self._xfer_file(
           ~~~~~~~~~~~~~~~^
        source_file=source_file,
        ^^^^^^^^^^^^^^^^^^^^^^^^
    ...<2 lines>...
        TransferClass=FileTransfer,
        ^^^^^^^^^^^^^^^^^^^^^^^^^^^
    )
    ^
  File "C:\Users\sababaei\Desktop\Shakhsi\Automation\Nornir\.venv\Lib\site-packages\napalm\ios\ios.py", line 803, in _xfer_file
    raise CommandErrorException(msg)
napalm.base.exceptions.CommandErrorException: SCP file transfers are not enabled. Configure 'ip scp server enable' on the device.

2026-02-06 13:58:17,782 - nornir.core.task -    ERROR -      start() - Host 'router2': task 'napalm_configure' failed with traceback:
Traceback (most recent call last):
  File "C:\Users\sababaei\Desktop\Shakhsi\Automation\Nornir\.venv\Lib\site-packages\nornir\core\task.py", line 98, in start
    r = self.task(self, **self.params)
  File "C:\Users\sababaei\Desktop\Shakhsi\Automation\Nornir\.venv\Lib\site-packages\nornir_napalm\plugins\tasks\napalm_configure.py", line 36, in napalm_configure
    device.load_merge_candidate(filename=filename, config=configuration)
    ~~~~~~~~~~~~~~~~~~~~~~~~~~~^^^^^^^^^^^^^^^^^^^^^^^^^^^^^^^^^^^^^^^^^
  File "C:\Users\sababaei\Desktop\Shakhsi\Automation\Nornir\.venv\Lib\site-packages\napalm\ios\ios.py", line 319, in load_merge_candidate
    return_status, msg = self._load_candidate_wrapper(
                         ~~~~~~~~~~~~~~~~~~~~~~~~~~~~^
        source_file=filename,
        ^^^^^^^^^^^^^^^^^^^^^
    ...<2 lines>...
        file_system=self.dest_file_system,
        ^^^^^^^^^^^^^^^^^^^^^^^^^^^^^^^^^^
    )
    ^
  File "C:\Users\sababaei\Desktop\Shakhsi\Automation\Nornir\.venv\Lib\site-packages\napalm\ios\ios.py", line 273, in _load_candidate_wrapper
    (return_status, msg) = self._scp_file(
                           ~~~~~~~~~~~~~~^
        source_file=tmp_file, dest_file=dest_file, file_system=file_system
        ^^^^^^^^^^^^^^^^^^^^^^^^^^^^^^^^^^^^^^^^^^^^^^^^^^^^^^^^^^^^^^^^^^
    )
    ^
  File "C:\Users\sababaei\Desktop\Shakhsi\Automation\Nornir\.venv\Lib\site-packages\napalm\ios\ios.py", line 735, in _scp_file
    return self._xfer_file(
           ~~~~~~~~~~~~~~~^
        source_file=source_file,
        ^^^^^^^^^^^^^^^^^^^^^^^^
    ...<2 lines>...
        TransferClass=FileTransfer,
        ^^^^^^^^^^^^^^^^^^^^^^^^^^^
    )
    ^
  File "C:\Users\sababaei\Desktop\Shakhsi\Automation\Nornir\.venv\Lib\site-packages\napalm\ios\ios.py", line 803, in _xfer_file
    raise CommandErrorException(msg)
napalm.base.exceptions.CommandErrorException: SCP file transfers are not enabled. Configure 'ip scp server enable' on the device.

2026-02-06 13:58:17,825 - nornir.core.task -    ERROR -      start() - Host 'router4': task 'napalm_configure' failed with traceback:
Traceback (most recent call last):
  File "C:\Users\sababaei\Desktop\Shakhsi\Automation\Nornir\.venv\Lib\site-packages\nornir\core\task.py", line 98, in start
    r = self.task(self, **self.params)
  File "C:\Users\sababaei\Desktop\Shakhsi\Automation\Nornir\.venv\Lib\site-packages\nornir_napalm\plugins\tasks\napalm_configure.py", line 36, in napalm_configure
    device.load_merge_candidate(filename=filename, config=configuration)
    ~~~~~~~~~~~~~~~~~~~~~~~~~~~^^^^^^^^^^^^^^^^^^^^^^^^^^^^^^^^^^^^^^^^^
  File "C:\Users\sababaei\Desktop\Shakhsi\Automation\Nornir\.venv\Lib\site-packages\napalm\ios\ios.py", line 319, in load_merge_candidate
    return_status, msg = self._load_candidate_wrapper(
                         ~~~~~~~~~~~~~~~~~~~~~~~~~~~~^
        source_file=filename,
        ^^^^^^^^^^^^^^^^^^^^^
    ...<2 lines>...
        file_system=self.dest_file_system,
        ^^^^^^^^^^^^^^^^^^^^^^^^^^^^^^^^^^
    )
    ^
  File "C:\Users\sababaei\Desktop\Shakhsi\Automation\Nornir\.venv\Lib\site-packages\napalm\ios\ios.py", line 273, in _load_candidate_wrapper
    (return_status, msg) = self._scp_file(
                           ~~~~~~~~~~~~~~^
        source_file=tmp_file, dest_file=dest_file, file_system=file_system
        ^^^^^^^^^^^^^^^^^^^^^^^^^^^^^^^^^^^^^^^^^^^^^^^^^^^^^^^^^^^^^^^^^^
    )
    ^
  File "C:\Users\sababaei\Desktop\Shakhsi\Automation\Nornir\.venv\Lib\site-packages\napalm\ios\ios.py", line 735, in _scp_file
    return self._xfer_file(
           ~~~~~~~~~~~~~~~^
        source_file=source_file,
        ^^^^^^^^^^^^^^^^^^^^^^^^
    ...<2 lines>...
        TransferClass=FileTransfer,
        ^^^^^^^^^^^^^^^^^^^^^^^^^^^
    )
    ^
  File "C:\Users\sababaei\Desktop\Shakhsi\Automation\Nornir\.venv\Lib\site-packages\napalm\ios\ios.py", line 803, in _xfer_file
    raise CommandErrorException(msg)
napalm.base.exceptions.CommandErrorException: SCP file transfers are not enabled. Configure 'ip scp server enable' on the device.

2026-02-06 13:59:41,582 -  nornir.core -     INFO -        run() - Running task 'napalm_configure' with args {'configuration': 'interface loo100'} on 4 hosts
2026-02-06 13:59:46,009 - nornir.core.task -    ERROR -      start() - Host 'router3': task 'napalm_configure' failed with traceback:
Traceback (most recent call last):
  File "C:\Users\sababaei\Desktop\Shakhsi\Automation\Nornir\.venv\Lib\site-packages\nornir\core\task.py", line 98, in start
    r = self.task(self, **self.params)
  File "C:\Users\sababaei\Desktop\Shakhsi\Automation\Nornir\.venv\Lib\site-packages\nornir_napalm\plugins\tasks\napalm_configure.py", line 36, in napalm_configure
    device.load_merge_candidate(filename=filename, config=configuration)
    ~~~~~~~~~~~~~~~~~~~~~~~~~~~^^^^^^^^^^^^^^^^^^^^^^^^^^^^^^^^^^^^^^^^^
  File "C:\Users\sababaei\Desktop\Shakhsi\Automation\Nornir\.venv\Lib\site-packages\napalm\ios\ios.py", line 319, in load_merge_candidate
    return_status, msg = self._load_candidate_wrapper(
                         ~~~~~~~~~~~~~~~~~~~~~~~~~~~~^
        source_file=filename,
        ^^^^^^^^^^^^^^^^^^^^^
    ...<2 lines>...
        file_system=self.dest_file_system,
        ^^^^^^^^^^^^^^^^^^^^^^^^^^^^^^^^^^
    )
    ^
  File "C:\Users\sababaei\Desktop\Shakhsi\Automation\Nornir\.venv\Lib\site-packages\napalm\ios\ios.py", line 273, in _load_candidate_wrapper
    (return_status, msg) = self._scp_file(
                           ~~~~~~~~~~~~~~^
        source_file=tmp_file, dest_file=dest_file, file_system=file_system
        ^^^^^^^^^^^^^^^^^^^^^^^^^^^^^^^^^^^^^^^^^^^^^^^^^^^^^^^^^^^^^^^^^^
    )
    ^
  File "C:\Users\sababaei\Desktop\Shakhsi\Automation\Nornir\.venv\Lib\site-packages\napalm\ios\ios.py", line 735, in _scp_file
    return self._xfer_file(
           ~~~~~~~~~~~~~~~^
        source_file=source_file,
        ^^^^^^^^^^^^^^^^^^^^^^^^
    ...<2 lines>...
        TransferClass=FileTransfer,
        ^^^^^^^^^^^^^^^^^^^^^^^^^^^
    )
    ^
  File "C:\Users\sababaei\Desktop\Shakhsi\Automation\Nornir\.venv\Lib\site-packages\napalm\ios\ios.py", line 803, in _xfer_file
    raise CommandErrorException(msg)
napalm.base.exceptions.CommandErrorException: SCP file transfers are not enabled. Configure 'ip scp server enable' on the device.

2026-02-06 13:59:46,115 - nornir.core.task -    ERROR -      start() - Host 'router2': task 'napalm_configure' failed with traceback:
Traceback (most recent call last):
  File "C:\Users\sababaei\Desktop\Shakhsi\Automation\Nornir\.venv\Lib\site-packages\nornir\core\task.py", line 98, in start
    r = self.task(self, **self.params)
  File "C:\Users\sababaei\Desktop\Shakhsi\Automation\Nornir\.venv\Lib\site-packages\nornir_napalm\plugins\tasks\napalm_configure.py", line 36, in napalm_configure
    device.load_merge_candidate(filename=filename, config=configuration)
    ~~~~~~~~~~~~~~~~~~~~~~~~~~~^^^^^^^^^^^^^^^^^^^^^^^^^^^^^^^^^^^^^^^^^
  File "C:\Users\sababaei\Desktop\Shakhsi\Automation\Nornir\.venv\Lib\site-packages\napalm\ios\ios.py", line 319, in load_merge_candidate
    return_status, msg = self._load_candidate_wrapper(
                         ~~~~~~~~~~~~~~~~~~~~~~~~~~~~^
        source_file=filename,
        ^^^^^^^^^^^^^^^^^^^^^
    ...<2 lines>...
        file_system=self.dest_file_system,
        ^^^^^^^^^^^^^^^^^^^^^^^^^^^^^^^^^^
    )
    ^
  File "C:\Users\sababaei\Desktop\Shakhsi\Automation\Nornir\.venv\Lib\site-packages\napalm\ios\ios.py", line 273, in _load_candidate_wrapper
    (return_status, msg) = self._scp_file(
                           ~~~~~~~~~~~~~~^
        source_file=tmp_file, dest_file=dest_file, file_system=file_system
        ^^^^^^^^^^^^^^^^^^^^^^^^^^^^^^^^^^^^^^^^^^^^^^^^^^^^^^^^^^^^^^^^^^
    )
    ^
  File "C:\Users\sababaei\Desktop\Shakhsi\Automation\Nornir\.venv\Lib\site-packages\napalm\ios\ios.py", line 735, in _scp_file
    return self._xfer_file(
           ~~~~~~~~~~~~~~~^
        source_file=source_file,
        ^^^^^^^^^^^^^^^^^^^^^^^^
    ...<2 lines>...
        TransferClass=FileTransfer,
        ^^^^^^^^^^^^^^^^^^^^^^^^^^^
    )
    ^
  File "C:\Users\sababaei\Desktop\Shakhsi\Automation\Nornir\.venv\Lib\site-packages\napalm\ios\ios.py", line 803, in _xfer_file
    raise CommandErrorException(msg)
napalm.base.exceptions.CommandErrorException: SCP file transfers are not enabled. Configure 'ip scp server enable' on the device.

2026-02-06 13:59:46,153 - nornir.core.task -    ERROR -      start() - Host 'router4': task 'napalm_configure' failed with traceback:
Traceback (most recent call last):
  File "C:\Users\sababaei\Desktop\Shakhsi\Automation\Nornir\.venv\Lib\site-packages\nornir\core\task.py", line 98, in start
    r = self.task(self, **self.params)
  File "C:\Users\sababaei\Desktop\Shakhsi\Automation\Nornir\.venv\Lib\site-packages\nornir_napalm\plugins\tasks\napalm_configure.py", line 36, in napalm_configure
    device.load_merge_candidate(filename=filename, config=configuration)
    ~~~~~~~~~~~~~~~~~~~~~~~~~~~^^^^^^^^^^^^^^^^^^^^^^^^^^^^^^^^^^^^^^^^^
  File "C:\Users\sababaei\Desktop\Shakhsi\Automation\Nornir\.venv\Lib\site-packages\napalm\ios\ios.py", line 319, in load_merge_candidate
    return_status, msg = self._load_candidate_wrapper(
                         ~~~~~~~~~~~~~~~~~~~~~~~~~~~~^
        source_file=filename,
        ^^^^^^^^^^^^^^^^^^^^^
    ...<2 lines>...
        file_system=self.dest_file_system,
        ^^^^^^^^^^^^^^^^^^^^^^^^^^^^^^^^^^
    )
    ^
  File "C:\Users\sababaei\Desktop\Shakhsi\Automation\Nornir\.venv\Lib\site-packages\napalm\ios\ios.py", line 273, in _load_candidate_wrapper
    (return_status, msg) = self._scp_file(
                           ~~~~~~~~~~~~~~^
        source_file=tmp_file, dest_file=dest_file, file_system=file_system
        ^^^^^^^^^^^^^^^^^^^^^^^^^^^^^^^^^^^^^^^^^^^^^^^^^^^^^^^^^^^^^^^^^^
    )
    ^
  File "C:\Users\sababaei\Desktop\Shakhsi\Automation\Nornir\.venv\Lib\site-packages\napalm\ios\ios.py", line 735, in _scp_file
    return self._xfer_file(
           ~~~~~~~~~~~~~~~^
        source_file=source_file,
        ^^^^^^^^^^^^^^^^^^^^^^^^
    ...<2 lines>...
        TransferClass=FileTransfer,
        ^^^^^^^^^^^^^^^^^^^^^^^^^^^
    )
    ^
  File "C:\Users\sababaei\Desktop\Shakhsi\Automation\Nornir\.venv\Lib\site-packages\napalm\ios\ios.py", line 803, in _xfer_file
    raise CommandErrorException(msg)
napalm.base.exceptions.CommandErrorException: SCP file transfers are not enabled. Configure 'ip scp server enable' on the device.

2026-02-06 14:03:02,018 -  nornir.core -     INFO -        run() - Running task 'napalm_configure' with args {'configuration': 'interface loo100'} on 4 hosts
2026-02-06 14:03:06,531 - nornir.core.task -    ERROR -      start() - Host 'router3': task 'napalm_configure' failed with traceback:
Traceback (most recent call last):
  File "C:\Users\sababaei\Desktop\Shakhsi\Automation\Nornir\.venv\Lib\site-packages\nornir\core\task.py", line 98, in start
    r = self.task(self, **self.params)
  File "C:\Users\sababaei\Desktop\Shakhsi\Automation\Nornir\.venv\Lib\site-packages\nornir_napalm\plugins\tasks\napalm_configure.py", line 36, in napalm_configure
    device.load_merge_candidate(filename=filename, config=configuration)
    ~~~~~~~~~~~~~~~~~~~~~~~~~~~^^^^^^^^^^^^^^^^^^^^^^^^^^^^^^^^^^^^^^^^^
  File "C:\Users\sababaei\Desktop\Shakhsi\Automation\Nornir\.venv\Lib\site-packages\napalm\ios\ios.py", line 319, in load_merge_candidate
    return_status, msg = self._load_candidate_wrapper(
                         ~~~~~~~~~~~~~~~~~~~~~~~~~~~~^
        source_file=filename,
        ^^^^^^^^^^^^^^^^^^^^^
    ...<2 lines>...
        file_system=self.dest_file_system,
        ^^^^^^^^^^^^^^^^^^^^^^^^^^^^^^^^^^
    )
    ^
  File "C:\Users\sababaei\Desktop\Shakhsi\Automation\Nornir\.venv\Lib\site-packages\napalm\ios\ios.py", line 273, in _load_candidate_wrapper
    (return_status, msg) = self._scp_file(
                           ~~~~~~~~~~~~~~^
        source_file=tmp_file, dest_file=dest_file, file_system=file_system
        ^^^^^^^^^^^^^^^^^^^^^^^^^^^^^^^^^^^^^^^^^^^^^^^^^^^^^^^^^^^^^^^^^^
    )
    ^
  File "C:\Users\sababaei\Desktop\Shakhsi\Automation\Nornir\.venv\Lib\site-packages\napalm\ios\ios.py", line 735, in _scp_file
    return self._xfer_file(
           ~~~~~~~~~~~~~~~^
        source_file=source_file,
        ^^^^^^^^^^^^^^^^^^^^^^^^
    ...<2 lines>...
        TransferClass=FileTransfer,
        ^^^^^^^^^^^^^^^^^^^^^^^^^^^
    )
    ^
  File "C:\Users\sababaei\Desktop\Shakhsi\Automation\Nornir\.venv\Lib\site-packages\napalm\ios\ios.py", line 803, in _xfer_file
    raise CommandErrorException(msg)
napalm.base.exceptions.CommandErrorException: SCP file transfers are not enabled. Configure 'ip scp server enable' on the device.

2026-02-06 14:03:06,552 - nornir.core.task -    ERROR -      start() - Host 'router2': task 'napalm_configure' failed with traceback:
Traceback (most recent call last):
  File "C:\Users\sababaei\Desktop\Shakhsi\Automation\Nornir\.venv\Lib\site-packages\nornir\core\task.py", line 98, in start
    r = self.task(self, **self.params)
  File "C:\Users\sababaei\Desktop\Shakhsi\Automation\Nornir\.venv\Lib\site-packages\nornir_napalm\plugins\tasks\napalm_configure.py", line 36, in napalm_configure
    device.load_merge_candidate(filename=filename, config=configuration)
    ~~~~~~~~~~~~~~~~~~~~~~~~~~~^^^^^^^^^^^^^^^^^^^^^^^^^^^^^^^^^^^^^^^^^
  File "C:\Users\sababaei\Desktop\Shakhsi\Automation\Nornir\.venv\Lib\site-packages\napalm\ios\ios.py", line 319, in load_merge_candidate
    return_status, msg = self._load_candidate_wrapper(
                         ~~~~~~~~~~~~~~~~~~~~~~~~~~~~^
        source_file=filename,
        ^^^^^^^^^^^^^^^^^^^^^
    ...<2 lines>...
        file_system=self.dest_file_system,
        ^^^^^^^^^^^^^^^^^^^^^^^^^^^^^^^^^^
    )
    ^
  File "C:\Users\sababaei\Desktop\Shakhsi\Automation\Nornir\.venv\Lib\site-packages\napalm\ios\ios.py", line 273, in _load_candidate_wrapper
    (return_status, msg) = self._scp_file(
                           ~~~~~~~~~~~~~~^
        source_file=tmp_file, dest_file=dest_file, file_system=file_system
        ^^^^^^^^^^^^^^^^^^^^^^^^^^^^^^^^^^^^^^^^^^^^^^^^^^^^^^^^^^^^^^^^^^
    )
    ^
  File "C:\Users\sababaei\Desktop\Shakhsi\Automation\Nornir\.venv\Lib\site-packages\napalm\ios\ios.py", line 735, in _scp_file
    return self._xfer_file(
           ~~~~~~~~~~~~~~~^
        source_file=source_file,
        ^^^^^^^^^^^^^^^^^^^^^^^^
    ...<2 lines>...
        TransferClass=FileTransfer,
        ^^^^^^^^^^^^^^^^^^^^^^^^^^^
    )
    ^
  File "C:\Users\sababaei\Desktop\Shakhsi\Automation\Nornir\.venv\Lib\site-packages\napalm\ios\ios.py", line 803, in _xfer_file
    raise CommandErrorException(msg)
napalm.base.exceptions.CommandErrorException: SCP file transfers are not enabled. Configure 'ip scp server enable' on the device.

2026-02-06 14:03:06,580 - nornir.core.task -    ERROR -      start() - Host 'router4': task 'napalm_configure' failed with traceback:
Traceback (most recent call last):
  File "C:\Users\sababaei\Desktop\Shakhsi\Automation\Nornir\.venv\Lib\site-packages\nornir\core\task.py", line 98, in start
    r = self.task(self, **self.params)
  File "C:\Users\sababaei\Desktop\Shakhsi\Automation\Nornir\.venv\Lib\site-packages\nornir_napalm\plugins\tasks\napalm_configure.py", line 36, in napalm_configure
    device.load_merge_candidate(filename=filename, config=configuration)
    ~~~~~~~~~~~~~~~~~~~~~~~~~~~^^^^^^^^^^^^^^^^^^^^^^^^^^^^^^^^^^^^^^^^^
  File "C:\Users\sababaei\Desktop\Shakhsi\Automation\Nornir\.venv\Lib\site-packages\napalm\ios\ios.py", line 319, in load_merge_candidate
    return_status, msg = self._load_candidate_wrapper(
                         ~~~~~~~~~~~~~~~~~~~~~~~~~~~~^
        source_file=filename,
        ^^^^^^^^^^^^^^^^^^^^^
    ...<2 lines>...
        file_system=self.dest_file_system,
        ^^^^^^^^^^^^^^^^^^^^^^^^^^^^^^^^^^
    )
    ^
  File "C:\Users\sababaei\Desktop\Shakhsi\Automation\Nornir\.venv\Lib\site-packages\napalm\ios\ios.py", line 273, in _load_candidate_wrapper
    (return_status, msg) = self._scp_file(
                           ~~~~~~~~~~~~~~^
        source_file=tmp_file, dest_file=dest_file, file_system=file_system
        ^^^^^^^^^^^^^^^^^^^^^^^^^^^^^^^^^^^^^^^^^^^^^^^^^^^^^^^^^^^^^^^^^^
    )
    ^
  File "C:\Users\sababaei\Desktop\Shakhsi\Automation\Nornir\.venv\Lib\site-packages\napalm\ios\ios.py", line 735, in _scp_file
    return self._xfer_file(
           ~~~~~~~~~~~~~~~^
        source_file=source_file,
        ^^^^^^^^^^^^^^^^^^^^^^^^
    ...<2 lines>...
        TransferClass=FileTransfer,
        ^^^^^^^^^^^^^^^^^^^^^^^^^^^
    )
    ^
  File "C:\Users\sababaei\Desktop\Shakhsi\Automation\Nornir\.venv\Lib\site-packages\napalm\ios\ios.py", line 803, in _xfer_file
    raise CommandErrorException(msg)
napalm.base.exceptions.CommandErrorException: SCP file transfers are not enabled. Configure 'ip scp server enable' on the device.

2026-02-06 14:05:26,441 -  nornir.core -     INFO -        run() - Running task 'multiple_task' with args {} on 4 hosts
2026-02-06 14:07:06,412 -  nornir.core -     INFO -        run() - Running task 'napalm_configure' with args {'configuration': 'interface loo100'} on 4 hosts
2026-02-06 14:15:55,899 -  nornir.core -     INFO -        run() - Running task 'napalm_get' with args {'getters': ['confing']} on 4 hosts
2026-02-06 14:15:56,695 - nornir.core.task -    ERROR -      start() - Host 'router3': task 'napalm_get' failed with traceback:
Traceback (most recent call last):
  File "C:\Users\sababaei\Desktop\Shakhsi\Automation\Nornir\.venv\Lib\site-packages\nornir\core\task.py", line 98, in start
    r = self.task(self, **self.params)
  File "C:\Users\sababaei\Desktop\Shakhsi\Automation\Nornir\.venv\Lib\site-packages\nornir_napalm\plugins\tasks\napalm_get.py", line 43, in napalm_get
    method = getattr(device, getter)
AttributeError: 'IOSDriver' object has no attribute 'get_confing'. Did you mean: 'get_config'?

2026-02-06 14:15:56,697 - nornir.core.task -    ERROR -      start() - Host 'router2': task 'napalm_get' failed with traceback:
Traceback (most recent call last):
  File "C:\Users\sababaei\Desktop\Shakhsi\Automation\Nornir\.venv\Lib\site-packages\nornir\core\task.py", line 98, in start
    r = self.task(self, **self.params)
  File "C:\Users\sababaei\Desktop\Shakhsi\Automation\Nornir\.venv\Lib\site-packages\nornir_napalm\plugins\tasks\napalm_get.py", line 43, in napalm_get
    method = getattr(device, getter)
AttributeError: 'IOSDriver' object has no attribute 'get_confing'. Did you mean: 'get_config'?

2026-02-06 14:15:56,742 - nornir.core.task -    ERROR -      start() - Host 'router4': task 'napalm_get' failed with traceback:
Traceback (most recent call last):
  File "C:\Users\sababaei\Desktop\Shakhsi\Automation\Nornir\.venv\Lib\site-packages\nornir\core\task.py", line 98, in start
    r = self.task(self, **self.params)
  File "C:\Users\sababaei\Desktop\Shakhsi\Automation\Nornir\.venv\Lib\site-packages\nornir_napalm\plugins\tasks\napalm_get.py", line 43, in napalm_get
    method = getattr(device, getter)
AttributeError: 'IOSDriver' object has no attribute 'get_confing'. Did you mean: 'get_config'?

2026-02-06 14:15:56,745 - nornir.core.task -    ERROR -      start() - Host 'router1': task 'napalm_get' failed with traceback:
Traceback (most recent call last):
  File "C:\Users\sababaei\Desktop\Shakhsi\Automation\Nornir\.venv\Lib\site-packages\nornir\core\task.py", line 98, in start
    r = self.task(self, **self.params)
  File "C:\Users\sababaei\Desktop\Shakhsi\Automation\Nornir\.venv\Lib\site-packages\nornir_napalm\plugins\tasks\napalm_get.py", line 43, in napalm_get
    method = getattr(device, getter)
AttributeError: 'IOSDriver' object has no attribute 'get_confing'. Did you mean: 'get_config'?

2026-02-06 14:16:29,536 -  nornir.core -     INFO -        run() - Running task 'napalm_get' with args {'getters': ['confing']} on 4 hosts
2026-02-06 14:16:30,283 - nornir.core.task -    ERROR -      start() - Host 'router3': task 'napalm_get' failed with traceback:
Traceback (most recent call last):
  File "C:\Users\sababaei\Desktop\Shakhsi\Automation\Nornir\.venv\Lib\site-packages\nornir\core\task.py", line 98, in start
    r = self.task(self, **self.params)
  File "C:\Users\sababaei\Desktop\Shakhsi\Automation\Nornir\.venv\Lib\site-packages\nornir_napalm\plugins\tasks\napalm_get.py", line 43, in napalm_get
    method = getattr(device, getter)
AttributeError: 'IOSDriver' object has no attribute 'get_confing'. Did you mean: 'get_config'?

2026-02-06 14:16:30,361 - nornir.core.task -    ERROR -      start() - Host 'router4': task 'napalm_get' failed with traceback:
Traceback (most recent call last):
  File "C:\Users\sababaei\Desktop\Shakhsi\Automation\Nornir\.venv\Lib\site-packages\nornir\core\task.py", line 98, in start
    r = self.task(self, **self.params)
  File "C:\Users\sababaei\Desktop\Shakhsi\Automation\Nornir\.venv\Lib\site-packages\nornir_napalm\plugins\tasks\napalm_get.py", line 43, in napalm_get
    method = getattr(device, getter)
AttributeError: 'IOSDriver' object has no attribute 'get_confing'. Did you mean: 'get_config'?

2026-02-06 14:16:30,394 - nornir.core.task -    ERROR -      start() - Host 'router2': task 'napalm_get' failed with traceback:
Traceback (most recent call last):
  File "C:\Users\sababaei\Desktop\Shakhsi\Automation\Nornir\.venv\Lib\site-packages\nornir\core\task.py", line 98, in start
    r = self.task(self, **self.params)
  File "C:\Users\sababaei\Desktop\Shakhsi\Automation\Nornir\.venv\Lib\site-packages\nornir_napalm\plugins\tasks\napalm_get.py", line 43, in napalm_get
    method = getattr(device, getter)
AttributeError: 'IOSDriver' object has no attribute 'get_confing'. Did you mean: 'get_config'?

2026-02-06 14:16:30,398 - nornir.core.task -    ERROR -      start() - Host 'router1': task 'napalm_get' failed with traceback:
Traceback (most recent call last):
  File "C:\Users\sababaei\Desktop\Shakhsi\Automation\Nornir\.venv\Lib\site-packages\nornir\core\task.py", line 98, in start
    r = self.task(self, **self.params)
  File "C:\Users\sababaei\Desktop\Shakhsi\Automation\Nornir\.venv\Lib\site-packages\nornir_napalm\plugins\tasks\napalm_get.py", line 43, in napalm_get
    method = getattr(device, getter)
AttributeError: 'IOSDriver' object has no attribute 'get_confing'. Did you mean: 'get_config'?

2026-02-06 14:17:44,996 -  nornir.core -     INFO -        run() - Running task 'napalm_get' with args {'getters': ['config']} on 4 hosts
2026-02-06 14:54:49,654 -  nornir.core -     INFO -        run() - Running task 'backup' with args {} on 4 hosts
2026-02-06 14:54:49,657 - nornir.core.task -    ERROR -      start() - Host 'router1': task 'napalm_get' failed with traceback:
Traceback (most recent call last):
  File "C:\Users\sababaei\Desktop\Shakhsi\Automation\Nornir\.venv\Lib\site-packages\nornir\core\task.py", line 98, in start
    r = self.task(self, **self.params)
TypeError: napalm_get() missing 1 required positional argument: 'getters'

2026-02-06 14:54:49,658 - nornir.core.task -    ERROR -      start() - Host 'router2': task 'napalm_get' failed with traceback:
Traceback (most recent call last):
  File "C:\Users\sababaei\Desktop\Shakhsi\Automation\Nornir\.venv\Lib\site-packages\nornir\core\task.py", line 98, in start
    r = self.task(self, **self.params)
TypeError: napalm_get() missing 1 required positional argument: 'getters'

2026-02-06 14:54:49,658 - nornir.core.task -    ERROR -      start() - Host 'router4': task 'napalm_get' failed with traceback:
Traceback (most recent call last):
  File "C:\Users\sababaei\Desktop\Shakhsi\Automation\Nornir\.venv\Lib\site-packages\nornir\core\task.py", line 98, in start
    r = self.task(self, **self.params)
TypeError: napalm_get() missing 1 required positional argument: 'getters'

2026-02-06 14:54:49,659 - nornir.core.task -    ERROR -      start() - Host 'router3': task 'napalm_get' failed with traceback:
Traceback (most recent call last):
  File "C:\Users\sababaei\Desktop\Shakhsi\Automation\Nornir\.venv\Lib\site-packages\nornir\core\task.py", line 98, in start
    r = self.task(self, **self.params)
TypeError: napalm_get() missing 1 required positional argument: 'getters'

2026-02-06 14:54:49,660 - nornir.core.task -    ERROR -      start() - Host 'router4': task 'backup' failed with traceback:
Traceback (most recent call last):
  File "C:\Users\sababaei\Desktop\Shakhsi\Automation\Nornir\.venv\Lib\site-packages\nornir\core\task.py", line 98, in start
    r = self.task(self, **self.params)
  File "C:\Users\sababaei\Desktop\Shakhsi\Automation\Nornir\Backup_router.py", line 13, in backup
    get_config = task.run(task=napalm_get, getattrs=['config'])
  File "C:\Users\sababaei\Desktop\Shakhsi\Automation\Nornir\.venv\Lib\site-packages\nornir\core\task.py", line 173, in run
    raise NornirSubTaskError(task=run_task, result=r)
nornir.core.exceptions.NornirSubTaskError: Subtask: napalm_get (failed)


2026-02-06 14:54:49,660 - nornir.core.task -    ERROR -      start() - Host 'router1': task 'backup' failed with traceback:
Traceback (most recent call last):
  File "C:\Users\sababaei\Desktop\Shakhsi\Automation\Nornir\.venv\Lib\site-packages\nornir\core\task.py", line 98, in start
    r = self.task(self, **self.params)
  File "C:\Users\sababaei\Desktop\Shakhsi\Automation\Nornir\Backup_router.py", line 13, in backup
    get_config = task.run(task=napalm_get, getattrs=['config'])
  File "C:\Users\sababaei\Desktop\Shakhsi\Automation\Nornir\.venv\Lib\site-packages\nornir\core\task.py", line 173, in run
    raise NornirSubTaskError(task=run_task, result=r)
nornir.core.exceptions.NornirSubTaskError: Subtask: napalm_get (failed)


2026-02-06 14:54:49,661 - nornir.core.task -    ERROR -      start() - Host 'router2': task 'backup' failed with traceback:
Traceback (most recent call last):
  File "C:\Users\sababaei\Desktop\Shakhsi\Automation\Nornir\.venv\Lib\site-packages\nornir\core\task.py", line 98, in start
    r = self.task(self, **self.params)
  File "C:\Users\sababaei\Desktop\Shakhsi\Automation\Nornir\Backup_router.py", line 13, in backup
    get_config = task.run(task=napalm_get, getattrs=['config'])
  File "C:\Users\sababaei\Desktop\Shakhsi\Automation\Nornir\.venv\Lib\site-packages\nornir\core\task.py", line 173, in run
    raise NornirSubTaskError(task=run_task, result=r)
nornir.core.exceptions.NornirSubTaskError: Subtask: napalm_get (failed)


2026-02-06 14:54:49,661 - nornir.core.task -    ERROR -      start() - Host 'router3': task 'backup' failed with traceback:
Traceback (most recent call last):
  File "C:\Users\sababaei\Desktop\Shakhsi\Automation\Nornir\.venv\Lib\site-packages\nornir\core\task.py", line 98, in start
    r = self.task(self, **self.params)
  File "C:\Users\sababaei\Desktop\Shakhsi\Automation\Nornir\Backup_router.py", line 13, in backup
    get_config = task.run(task=napalm_get, getattrs=['config'])
  File "C:\Users\sababaei\Desktop\Shakhsi\Automation\Nornir\.venv\Lib\site-packages\nornir\core\task.py", line 173, in run
    raise NornirSubTaskError(task=run_task, result=r)
nornir.core.exceptions.NornirSubTaskError: Subtask: napalm_get (failed)


2026-02-06 14:56:14,948 -  nornir.core -     INFO -        run() - Running task 'backup' with args {} on 4 hosts
2026-02-06 15:26:29,074 -  nornir.core -     INFO -        run() - Running task 'napalm_configure' with args {'filename': 'running.txt', 'replace': True} on 4 hosts
2026-02-06 15:26:44,891 - nornir.core.task -    ERROR -      start() - Host 'router3': task 'napalm_configure' failed with traceback:
Traceback (most recent call last):
  File "C:\Users\sababaei\Desktop\Shakhsi\Automation\Nornir\.venv\Lib\site-packages\nornir\core\task.py", line 98, in start
    r = self.task(self, **self.params)
  File "C:\Users\sababaei\Desktop\Shakhsi\Automation\Nornir\.venv\Lib\site-packages\nornir_napalm\plugins\tasks\napalm_configure.py", line 48, in napalm_configure
    device.commit_config(**commit_kwargs)
    ~~~~~~~~~~~~~~~~~~~~^^^^^^^^^^^^^^^^^
  File "C:\Users\sababaei\Desktop\Shakhsi\Automation\Nornir\.venv\Lib\site-packages\napalm\ios\ios.py", line 575, in commit_config
    raise ReplaceConfigException(msg)
napalm.base.exceptions.ReplaceConfigException: napalm-ios replace() requires Cisco 'archive' feature to be enabled

2026-02-06 15:26:44,995 - nornir.core.task -    ERROR -      start() - Host 'router2': task 'napalm_configure' failed with traceback:
Traceback (most recent call last):
  File "C:\Users\sababaei\Desktop\Shakhsi\Automation\Nornir\.venv\Lib\site-packages\nornir\core\task.py", line 98, in start
    r = self.task(self, **self.params)
  File "C:\Users\sababaei\Desktop\Shakhsi\Automation\Nornir\.venv\Lib\site-packages\nornir_napalm\plugins\tasks\napalm_configure.py", line 48, in napalm_configure
    device.commit_config(**commit_kwargs)
    ~~~~~~~~~~~~~~~~~~~~^^^^^^^^^^^^^^^^^
  File "C:\Users\sababaei\Desktop\Shakhsi\Automation\Nornir\.venv\Lib\site-packages\napalm\ios\ios.py", line 575, in commit_config
    raise ReplaceConfigException(msg)
napalm.base.exceptions.ReplaceConfigException: napalm-ios replace() requires Cisco 'archive' feature to be enabled

2026-02-06 15:26:45,010 - nornir.core.task -    ERROR -      start() - Host 'router1': task 'napalm_configure' failed with traceback:
Traceback (most recent call last):
  File "C:\Users\sababaei\Desktop\Shakhsi\Automation\Nornir\.venv\Lib\site-packages\nornir\core\task.py", line 98, in start
    r = self.task(self, **self.params)
  File "C:\Users\sababaei\Desktop\Shakhsi\Automation\Nornir\.venv\Lib\site-packages\nornir_napalm\plugins\tasks\napalm_configure.py", line 48, in napalm_configure
    device.commit_config(**commit_kwargs)
    ~~~~~~~~~~~~~~~~~~~~^^^^^^^^^^^^^^^^^
  File "C:\Users\sababaei\Desktop\Shakhsi\Automation\Nornir\.venv\Lib\site-packages\napalm\ios\ios.py", line 575, in commit_config
    raise ReplaceConfigException(msg)
napalm.base.exceptions.ReplaceConfigException: napalm-ios replace() requires Cisco 'archive' feature to be enabled

2026-02-06 15:26:45,012 - nornir.core.task -    ERROR -      start() - Host 'router4': task 'napalm_configure' failed with traceback:
Traceback (most recent call last):
  File "C:\Users\sababaei\Desktop\Shakhsi\Automation\Nornir\.venv\Lib\site-packages\nornir\core\task.py", line 98, in start
    r = self.task(self, **self.params)
  File "C:\Users\sababaei\Desktop\Shakhsi\Automation\Nornir\.venv\Lib\site-packages\nornir_napalm\plugins\tasks\napalm_configure.py", line 48, in napalm_configure
    device.commit_config(**commit_kwargs)
    ~~~~~~~~~~~~~~~~~~~~^^^^^^^^^^^^^^^^^
  File "C:\Users\sababaei\Desktop\Shakhsi\Automation\Nornir\.venv\Lib\site-packages\napalm\ios\ios.py", line 575, in commit_config
    raise ReplaceConfigException(msg)
napalm.base.exceptions.ReplaceConfigException: napalm-ios replace() requires Cisco 'archive' feature to be enabled

2026-02-06 15:30:25,102 -  nornir.core -     INFO -        run() - Running task 'napalm_configure' with args {'filename': 'running.txt', 'replace': True} on 4 hosts
2026-02-06 15:30:39,646 - nornir.core.task -    ERROR -      start() - Host 'router3': task 'napalm_configure' failed with traceback:
Traceback (most recent call last):
  File "C:\Users\sababaei\Desktop\Shakhsi\Automation\Nornir\.venv\Lib\site-packages\nornir\core\task.py", line 98, in start
    r = self.task(self, **self.params)
  File "C:\Users\sababaei\Desktop\Shakhsi\Automation\Nornir\.venv\Lib\site-packages\nornir_napalm\plugins\tasks\napalm_configure.py", line 48, in napalm_configure
    device.commit_config(**commit_kwargs)
    ~~~~~~~~~~~~~~~~~~~~^^^^^^^^^^^^^^^^^
  File "C:\Users\sababaei\Desktop\Shakhsi\Automation\Nornir\.venv\Lib\site-packages\napalm\ios\ios.py", line 575, in commit_config
    raise ReplaceConfigException(msg)
napalm.base.exceptions.ReplaceConfigException: napalm-ios replace() requires Cisco 'archive' feature to be enabled

2026-02-06 15:30:39,731 - nornir.core.task -    ERROR -      start() - Host 'router2': task 'napalm_configure' failed with traceback:
Traceback (most recent call last):
  File "C:\Users\sababaei\Desktop\Shakhsi\Automation\Nornir\.venv\Lib\site-packages\nornir\core\task.py", line 98, in start
    r = self.task(self, **self.params)
  File "C:\Users\sababaei\Desktop\Shakhsi\Automation\Nornir\.venv\Lib\site-packages\nornir_napalm\plugins\tasks\napalm_configure.py", line 48, in napalm_configure
    device.commit_config(**commit_kwargs)
    ~~~~~~~~~~~~~~~~~~~~^^^^^^^^^^^^^^^^^
  File "C:\Users\sababaei\Desktop\Shakhsi\Automation\Nornir\.venv\Lib\site-packages\napalm\ios\ios.py", line 575, in commit_config
    raise ReplaceConfigException(msg)
napalm.base.exceptions.ReplaceConfigException: napalm-ios replace() requires Cisco 'archive' feature to be enabled

2026-02-06 15:30:39,733 - nornir.core.task -    ERROR -      start() - Host 'router4': task 'napalm_configure' failed with traceback:
Traceback (most recent call last):
  File "C:\Users\sababaei\Desktop\Shakhsi\Automation\Nornir\.venv\Lib\site-packages\nornir\core\task.py", line 98, in start
    r = self.task(self, **self.params)
  File "C:\Users\sababaei\Desktop\Shakhsi\Automation\Nornir\.venv\Lib\site-packages\nornir_napalm\plugins\tasks\napalm_configure.py", line 48, in napalm_configure
    device.commit_config(**commit_kwargs)
    ~~~~~~~~~~~~~~~~~~~~^^^^^^^^^^^^^^^^^
  File "C:\Users\sababaei\Desktop\Shakhsi\Automation\Nornir\.venv\Lib\site-packages\napalm\ios\ios.py", line 575, in commit_config
    raise ReplaceConfigException(msg)
napalm.base.exceptions.ReplaceConfigException: napalm-ios replace() requires Cisco 'archive' feature to be enabled

2026-02-06 15:30:39,982 - nornir.core.task -    ERROR -      start() - Host 'router1': task 'napalm_configure' failed with traceback:
Traceback (most recent call last):
  File "C:\Users\sababaei\Desktop\Shakhsi\Automation\Nornir\.venv\Lib\site-packages\nornir\core\task.py", line 98, in start
    r = self.task(self, **self.params)
  File "C:\Users\sababaei\Desktop\Shakhsi\Automation\Nornir\.venv\Lib\site-packages\nornir_napalm\plugins\tasks\napalm_configure.py", line 48, in napalm_configure
    device.commit_config(**commit_kwargs)
    ~~~~~~~~~~~~~~~~~~~~^^^^^^^^^^^^^^^^^
  File "C:\Users\sababaei\Desktop\Shakhsi\Automation\Nornir\.venv\Lib\site-packages\napalm\ios\ios.py", line 575, in commit_config
    raise ReplaceConfigException(msg)
napalm.base.exceptions.ReplaceConfigException: napalm-ios replace() requires Cisco 'archive' feature to be enabled

2026-02-06 15:31:47,490 -  nornir.core -     INFO -        run() - Running task 'napalm_configure' with args {'filename': 'running.txt', 'replace': True} on 4 hosts
2026-02-06 15:31:59,309 - nornir.core.task -    ERROR -      start() - Host 'router4': task 'napalm_configure' failed with traceback:
Traceback (most recent call last):
  File "C:\Users\sababaei\Desktop\Shakhsi\Automation\Nornir\.venv\Lib\site-packages\nornir\core\task.py", line 98, in start
    r = self.task(self, **self.params)
  File "C:\Users\sababaei\Desktop\Shakhsi\Automation\Nornir\.venv\Lib\site-packages\nornir_napalm\plugins\tasks\napalm_configure.py", line 48, in napalm_configure
    device.commit_config(**commit_kwargs)
    ~~~~~~~~~~~~~~~~~~~~^^^^^^^^^^^^^^^^^
  File "C:\Users\sababaei\Desktop\Shakhsi\Automation\Nornir\.venv\Lib\site-packages\napalm\ios\ios.py", line 575, in commit_config
    raise ReplaceConfigException(msg)
napalm.base.exceptions.ReplaceConfigException: napalm-ios replace() requires Cisco 'archive' feature to be enabled

2026-02-06 15:31:59,343 - nornir.core.task -    ERROR -      start() - Host 'router3': task 'napalm_configure' failed with traceback:
Traceback (most recent call last):
  File "C:\Users\sababaei\Desktop\Shakhsi\Automation\Nornir\.venv\Lib\site-packages\nornir\core\task.py", line 98, in start
    r = self.task(self, **self.params)
  File "C:\Users\sababaei\Desktop\Shakhsi\Automation\Nornir\.venv\Lib\site-packages\nornir_napalm\plugins\tasks\napalm_configure.py", line 48, in napalm_configure
    device.commit_config(**commit_kwargs)
    ~~~~~~~~~~~~~~~~~~~~^^^^^^^^^^^^^^^^^
  File "C:\Users\sababaei\Desktop\Shakhsi\Automation\Nornir\.venv\Lib\site-packages\napalm\ios\ios.py", line 575, in commit_config
    raise ReplaceConfigException(msg)
napalm.base.exceptions.ReplaceConfigException: napalm-ios replace() requires Cisco 'archive' feature to be enabled

2026-02-06 15:31:59,390 - nornir.core.task -    ERROR -      start() - Host 'router1': task 'napalm_configure' failed with traceback:
Traceback (most recent call last):
  File "C:\Users\sababaei\Desktop\Shakhsi\Automation\Nornir\.venv\Lib\site-packages\nornir\core\task.py", line 98, in start
    r = self.task(self, **self.params)
  File "C:\Users\sababaei\Desktop\Shakhsi\Automation\Nornir\.venv\Lib\site-packages\nornir_napalm\plugins\tasks\napalm_configure.py", line 48, in napalm_configure
    device.commit_config(**commit_kwargs)
    ~~~~~~~~~~~~~~~~~~~~^^^^^^^^^^^^^^^^^
  File "C:\Users\sababaei\Desktop\Shakhsi\Automation\Nornir\.venv\Lib\site-packages\napalm\ios\ios.py", line 575, in commit_config
    raise ReplaceConfigException(msg)
napalm.base.exceptions.ReplaceConfigException: napalm-ios replace() requires Cisco 'archive' feature to be enabled

2026-02-06 15:31:59,479 - nornir.core.task -    ERROR -      start() - Host 'router2': task 'napalm_configure' failed with traceback:
Traceback (most recent call last):
  File "C:\Users\sababaei\Desktop\Shakhsi\Automation\Nornir\.venv\Lib\site-packages\nornir\core\task.py", line 98, in start
    r = self.task(self, **self.params)
  File "C:\Users\sababaei\Desktop\Shakhsi\Automation\Nornir\.venv\Lib\site-packages\nornir_napalm\plugins\tasks\napalm_configure.py", line 48, in napalm_configure
    device.commit_config(**commit_kwargs)
    ~~~~~~~~~~~~~~~~~~~~^^^^^^^^^^^^^^^^^
  File "C:\Users\sababaei\Desktop\Shakhsi\Automation\Nornir\.venv\Lib\site-packages\napalm\ios\ios.py", line 575, in commit_config
    raise ReplaceConfigException(msg)
napalm.base.exceptions.ReplaceConfigException: napalm-ios replace() requires Cisco 'archive' feature to be enabled

2026-02-06 15:35:40,653 -  nornir.core -     INFO -        run() - Running task 'napalm_configure' with args {'filename': 'running.txt', 'replace': True} on 4 hosts
2026-02-06 15:36:08,932 - nornir.core.task -    ERROR -      start() - Host 'router3': task 'napalm_configure' failed with traceback:
Traceback (most recent call last):
  File "C:\Users\sababaei\Desktop\Shakhsi\Automation\Nornir\.venv\Lib\site-packages\nornir\core\task.py", line 98, in start
    r = self.task(self, **self.params)
  File "C:\Users\sababaei\Desktop\Shakhsi\Automation\Nornir\.venv\Lib\site-packages\nornir_napalm\plugins\tasks\napalm_configure.py", line 48, in napalm_configure
    device.commit_config(**commit_kwargs)
    ~~~~~~~~~~~~~~~~~~~~^^^^^^^^^^^^^^^^^
  File "C:\Users\sababaei\Desktop\Shakhsi\Automation\Nornir\.venv\Lib\site-packages\napalm\ios\ios.py", line 569, in commit_config
    raise ReplaceConfigException(msg)
napalm.base.exceptions.ReplaceConfigException: Candidate config could not be applied
Failed to apply command **************************************************************************
Aborting Rollback.

Rollback failed.Reverting back to the original configuration: flash:archive-Feb--6-14-34-51.145-0 ...

Total number of passes: 1
Rollback Done

The original configuration has been successfully restored.


2026-02-06 15:36:09,018 - nornir.core.task -    ERROR -      start() - Host 'router4': task 'napalm_configure' failed with traceback:
Traceback (most recent call last):
  File "C:\Users\sababaei\Desktop\Shakhsi\Automation\Nornir\.venv\Lib\site-packages\nornir\core\task.py", line 98, in start
    r = self.task(self, **self.params)
  File "C:\Users\sababaei\Desktop\Shakhsi\Automation\Nornir\.venv\Lib\site-packages\nornir_napalm\plugins\tasks\napalm_configure.py", line 48, in napalm_configure
    device.commit_config(**commit_kwargs)
    ~~~~~~~~~~~~~~~~~~~~^^^^^^^^^^^^^^^^^
  File "C:\Users\sababaei\Desktop\Shakhsi\Automation\Nornir\.venv\Lib\site-packages\napalm\ios\ios.py", line 569, in commit_config
    raise ReplaceConfigException(msg)
napalm.base.exceptions.ReplaceConfigException: Candidate config could not be applied
  
  
Failed to apply command **************************************************************************
Aborting Rollback.

Rollback failed.Reverting back to the original configuration: flash:archive-Feb--6-14-34-51.330-0 ...

  
  
  
  
Total number of passes: 1
Rollback Done

The original configuration has been successfully restored.


2026-02-06 15:36:11,973 - nornir.core.task -    ERROR -      start() - Host 'router2': task 'napalm_configure' failed with traceback:
Traceback (most recent call last):
  File "C:\Users\sababaei\Desktop\Shakhsi\Automation\Nornir\.venv\Lib\site-packages\nornir\core\task.py", line 98, in start
    r = self.task(self, **self.params)
  File "C:\Users\sababaei\Desktop\Shakhsi\Automation\Nornir\.venv\Lib\site-packages\nornir_napalm\plugins\tasks\napalm_configure.py", line 48, in napalm_configure
    device.commit_config(**commit_kwargs)
    ~~~~~~~~~~~~~~~~~~~~^^^^^^^^^^^^^^^^^
  File "C:\Users\sababaei\Desktop\Shakhsi\Automation\Nornir\.venv\Lib\site-packages\napalm\ios\ios.py", line 569, in commit_config
    raise ReplaceConfigException(msg)
napalm.base.exceptions.ReplaceConfigException: Candidate config could not be applied
  
  
Failed to apply command **************************************************************************
Aborting Rollback.

Rollback failed.Reverting back to the original configuration: flash:archive-Feb--6-14-34-53.535-0 ...

  
  
  
  
Total number of passes: 1
Rollback Done

The original configuration has been successfully restored.


2026-02-06 15:37:25,214 - nornir.core.task -    ERROR -      start() - Host 'router1': task 'napalm_configure' failed with traceback:
Traceback (most recent call last):
  File "C:\Users\sababaei\Desktop\Shakhsi\Automation\Nornir\.venv\Lib\site-packages\nornir\core\task.py", line 98, in start
    r = self.task(self, **self.params)
  File "C:\Users\sababaei\Desktop\Shakhsi\Automation\Nornir\.venv\Lib\site-packages\nornir_napalm\plugins\tasks\napalm_configure.py", line 48, in napalm_configure
    device.commit_config(**commit_kwargs)
    ~~~~~~~~~~~~~~~~~~~~^^^^^^^^^^^^^^^^^
  File "C:\Users\sababaei\Desktop\Shakhsi\Automation\Nornir\.venv\Lib\site-packages\napalm\ios\ios.py", line 561, in commit_config
    output = self._commit_handler(cmd)
  File "C:\Users\sababaei\Desktop\Shakhsi\Automation\Nornir\.venv\Lib\site-packages\napalm\ios\ios.py", line 469, in wrapper
    return f(self, *args, **kwargs)
  File "C:\Users\sababaei\Desktop\Shakhsi\Automation\Nornir\.venv\Lib\site-packages\napalm\ios\ios.py", line 486, in _commit_handler
    output = self.device.send_command(cmd, expect_string=patterns, read_timeout=90)
  File "C:\Users\sababaei\Desktop\Shakhsi\Automation\Nornir\.venv\Lib\site-packages\netmiko\base_connection.py", line 111, in wrapper_decorator
    return_val = func(self, *args, **kwargs)
  File "C:\Users\sababaei\Desktop\Shakhsi\Automation\Nornir\.venv\Lib\site-packages\netmiko\utilities.py", line 667, in wrapper_decorator
    return func(self, *args, **kwargs)
  File "C:\Users\sababaei\Desktop\Shakhsi\Automation\Nornir\.venv\Lib\site-packages\netmiko\base_connection.py", line 1841, in send_command
    raise ReadTimeout(msg)
netmiko.exceptions.ReadTimeout: 
Pattern not detected: '(?:[>##]\\s*$|.*all username.*confirm)' in output.

Things you might try to fix this:
1. Explicitly set your pattern using the expect_string argument.
2. Increase the read_timeout to a larger value.

You can also look at the Netmiko session_log or debug log for more information.



2026-02-06 15:38:10,431 -  nornir.core -     INFO -        run() - Running task 'napalm_configure' with args {'filename': 'running.txt', 'replace': True} on 4 hosts
2026-02-06 15:38:39,713 - nornir.core.task -    ERROR -      start() - Host 'router4': task 'napalm_configure' failed with traceback:
Traceback (most recent call last):
  File "C:\Users\sababaei\Desktop\Shakhsi\Automation\Nornir\.venv\Lib\site-packages\nornir\core\task.py", line 98, in start
    r = self.task(self, **self.params)
  File "C:\Users\sababaei\Desktop\Shakhsi\Automation\Nornir\.venv\Lib\site-packages\nornir_napalm\plugins\tasks\napalm_configure.py", line 48, in napalm_configure
    device.commit_config(**commit_kwargs)
    ~~~~~~~~~~~~~~~~~~~~^^^^^^^^^^^^^^^^^
  File "C:\Users\sababaei\Desktop\Shakhsi\Automation\Nornir\.venv\Lib\site-packages\napalm\ios\ios.py", line 569, in commit_config
    raise ReplaceConfigException(msg)
napalm.base.exceptions.ReplaceConfigException: Candidate config could not be applied
  
  
Failed to apply command **************************************************************************
Aborting Rollback.

Rollback failed.Reverting back to the original configuration: flash:archive-Feb--6-14-37-20.824-0 ...

  
  
  
  
Total number of passes: 1
Rollback Done

The original configuration has been successfully restored.


2026-02-06 15:38:39,729 - nornir.core.task -    ERROR -      start() - Host 'router2': task 'napalm_configure' failed with traceback:
Traceback (most recent call last):
  File "C:\Users\sababaei\Desktop\Shakhsi\Automation\Nornir\.venv\Lib\site-packages\nornir\core\task.py", line 98, in start
    r = self.task(self, **self.params)
  File "C:\Users\sababaei\Desktop\Shakhsi\Automation\Nornir\.venv\Lib\site-packages\nornir_napalm\plugins\tasks\napalm_configure.py", line 48, in napalm_configure
    device.commit_config(**commit_kwargs)
    ~~~~~~~~~~~~~~~~~~~~^^^^^^^^^^^^^^^^^
  File "C:\Users\sababaei\Desktop\Shakhsi\Automation\Nornir\.venv\Lib\site-packages\napalm\ios\ios.py", line 569, in commit_config
    raise ReplaceConfigException(msg)
napalm.base.exceptions.ReplaceConfigException: Candidate config could not be applied
  
  
Failed to apply command **************************************************************************
Aborting Rollback.

Rollback failed.Reverting back to the original configuration: flash:archive-Feb--6-14-37-20.543-0 ...

  
  
  
  
Total number of passes: 1
Rollback Done

The original configuration has been successfully restored.


2026-02-06 15:38:39,790 - nornir.core.task -    ERROR -      start() - Host 'router3': task 'napalm_configure' failed with traceback:
Traceback (most recent call last):
  File "C:\Users\sababaei\Desktop\Shakhsi\Automation\Nornir\.venv\Lib\site-packages\nornir\core\task.py", line 98, in start
    r = self.task(self, **self.params)
  File "C:\Users\sababaei\Desktop\Shakhsi\Automation\Nornir\.venv\Lib\site-packages\nornir_napalm\plugins\tasks\napalm_configure.py", line 48, in napalm_configure
    device.commit_config(**commit_kwargs)
    ~~~~~~~~~~~~~~~~~~~~^^^^^^^^^^^^^^^^^
  File "C:\Users\sababaei\Desktop\Shakhsi\Automation\Nornir\.venv\Lib\site-packages\napalm\ios\ios.py", line 569, in commit_config
    raise ReplaceConfigException(msg)
napalm.base.exceptions.ReplaceConfigException: Candidate config could not be applied
Failed to apply command **************************************************************************
Aborting Rollback.

Rollback failed.Reverting back to the original configuration: flash:archive-Feb--6-14-37-20.627-0 ...

Total number of passes: 1
Rollback Done

The original configuration has been successfully restored.


2026-02-06 15:39:52,461 - nornir.core.task -    ERROR -      start() - Host 'router1': task 'napalm_configure' failed with traceback:
Traceback (most recent call last):
  File "C:\Users\sababaei\Desktop\Shakhsi\Automation\Nornir\.venv\Lib\site-packages\nornir\core\task.py", line 98, in start
    r = self.task(self, **self.params)
  File "C:\Users\sababaei\Desktop\Shakhsi\Automation\Nornir\.venv\Lib\site-packages\nornir_napalm\plugins\tasks\napalm_configure.py", line 48, in napalm_configure
    device.commit_config(**commit_kwargs)
    ~~~~~~~~~~~~~~~~~~~~^^^^^^^^^^^^^^^^^
  File "C:\Users\sababaei\Desktop\Shakhsi\Automation\Nornir\.venv\Lib\site-packages\napalm\ios\ios.py", line 561, in commit_config
    output = self._commit_handler(cmd)
  File "C:\Users\sababaei\Desktop\Shakhsi\Automation\Nornir\.venv\Lib\site-packages\napalm\ios\ios.py", line 469, in wrapper
    return f(self, *args, **kwargs)
  File "C:\Users\sababaei\Desktop\Shakhsi\Automation\Nornir\.venv\Lib\site-packages\napalm\ios\ios.py", line 486, in _commit_handler
    output = self.device.send_command(cmd, expect_string=patterns, read_timeout=90)
  File "C:\Users\sababaei\Desktop\Shakhsi\Automation\Nornir\.venv\Lib\site-packages\netmiko\base_connection.py", line 111, in wrapper_decorator
    return_val = func(self, *args, **kwargs)
  File "C:\Users\sababaei\Desktop\Shakhsi\Automation\Nornir\.venv\Lib\site-packages\netmiko\utilities.py", line 667, in wrapper_decorator
    return func(self, *args, **kwargs)
  File "C:\Users\sababaei\Desktop\Shakhsi\Automation\Nornir\.venv\Lib\site-packages\netmiko\base_connection.py", line 1841, in send_command
    raise ReadTimeout(msg)
netmiko.exceptions.ReadTimeout: 
Pattern not detected: '(?:[>##]\\s*$|.*all username.*confirm)' in output.

Things you might try to fix this:
1. Explicitly set your pattern using the expect_string argument.
2. Increase the read_timeout to a larger value.

You can also look at the Netmiko session_log or debug log for more information.



2026-02-06 15:42:52,534 -  nornir.core -     INFO -        run() - Running task 'napalm_configure' with args {'filename': 'running.txt', 'replace': True} on 4 hosts
2026-02-06 15:43:45,256 - nornir.core.task -    ERROR -      start() - Host 'router3': task 'napalm_configure' failed with traceback:
Traceback (most recent call last):
  File "C:\Users\sababaei\Desktop\Shakhsi\Automation\Nornir\.venv\Lib\site-packages\nornir\core\task.py", line 98, in start
    r = self.task(self, **self.params)
  File "C:\Users\sababaei\Desktop\Shakhsi\Automation\Nornir\.venv\Lib\site-packages\nornir_napalm\plugins\tasks\napalm_configure.py", line 48, in napalm_configure
    device.commit_config(**commit_kwargs)
    ~~~~~~~~~~~~~~~~~~~~^^^^^^^^^^^^^^^^^
  File "C:\Users\sababaei\Desktop\Shakhsi\Automation\Nornir\.venv\Lib\site-packages\napalm\ios\ios.py", line 561, in commit_config
    output = self._commit_handler(cmd)
  File "C:\Users\sababaei\Desktop\Shakhsi\Automation\Nornir\.venv\Lib\site-packages\napalm\ios\ios.py", line 469, in wrapper
    return f(self, *args, **kwargs)
  File "C:\Users\sababaei\Desktop\Shakhsi\Automation\Nornir\.venv\Lib\site-packages\napalm\ios\ios.py", line 499, in _commit_handler
    self.device.set_base_prompt()
    ~~~~~~~~~~~~~~~~~~~~~~~~~~~^^
  File "C:\Users\sababaei\Desktop\Shakhsi\Automation\Nornir\.venv\Lib\site-packages\netmiko\cisco\cisco_ios.py", line 35, in set_base_prompt
    base_prompt = super().set_base_prompt(
        pri_prompt_terminator=pri_prompt_terminator,
    ...<2 lines>...
        pattern=pattern,
    )
  File "C:\Users\sababaei\Desktop\Shakhsi\Automation\Nornir\.venv\Lib\site-packages\netmiko\base_connection.py", line 1405, in set_base_prompt
    prompt = self.find_prompt(delay_factor=delay_factor, pattern=pattern)
  File "C:\Users\sababaei\Desktop\Shakhsi\Automation\Nornir\.venv\Lib\site-packages\netmiko\base_connection.py", line 1437, in find_prompt
    prompt = self.read_until_pattern(pattern=pattern)
  File "C:\Users\sababaei\Desktop\Shakhsi\Automation\Nornir\.venv\Lib\site-packages\netmiko\base_connection.py", line 755, in read_until_pattern
    raise ReadTimeout(msg)
netmiko.exceptions.ReadTimeout: 

Pattern not detected: '(?:\\#|>)' in output.

Things you might try to fix this:
1. Adjust the regex pattern to better identify the terminating string. Note, in
many situations the pattern is automatically based on the network device's prompt.
2. Increase the read_timeout to a larger value.

You can also look at the Netmiko session_log or debug log for more information.



2026-02-06 15:44:37,844 - nornir.core.task -    ERROR -      start() - Host 'router4': task 'napalm_configure' failed with traceback:
Traceback (most recent call last):
  File "C:\Users\sababaei\Desktop\Shakhsi\Automation\Nornir\.venv\Lib\site-packages\nornir\core\task.py", line 98, in start
    r = self.task(self, **self.params)
  File "C:\Users\sababaei\Desktop\Shakhsi\Automation\Nornir\.venv\Lib\site-packages\nornir_napalm\plugins\tasks\napalm_configure.py", line 48, in napalm_configure
    device.commit_config(**commit_kwargs)
    ~~~~~~~~~~~~~~~~~~~~^^^^^^^^^^^^^^^^^
  File "C:\Users\sababaei\Desktop\Shakhsi\Automation\Nornir\.venv\Lib\site-packages\napalm\ios\ios.py", line 561, in commit_config
    output = self._commit_handler(cmd)
  File "C:\Users\sababaei\Desktop\Shakhsi\Automation\Nornir\.venv\Lib\site-packages\napalm\ios\ios.py", line 469, in wrapper
    return f(self, *args, **kwargs)
  File "C:\Users\sababaei\Desktop\Shakhsi\Automation\Nornir\.venv\Lib\site-packages\napalm\ios\ios.py", line 486, in _commit_handler
    output = self.device.send_command(cmd, expect_string=patterns, read_timeout=90)
  File "C:\Users\sababaei\Desktop\Shakhsi\Automation\Nornir\.venv\Lib\site-packages\netmiko\base_connection.py", line 111, in wrapper_decorator
    return_val = func(self, *args, **kwargs)
  File "C:\Users\sababaei\Desktop\Shakhsi\Automation\Nornir\.venv\Lib\site-packages\netmiko\utilities.py", line 667, in wrapper_decorator
    return func(self, *args, **kwargs)
  File "C:\Users\sababaei\Desktop\Shakhsi\Automation\Nornir\.venv\Lib\site-packages\netmiko\base_connection.py", line 1841, in send_command
    raise ReadTimeout(msg)
netmiko.exceptions.ReadTimeout: 
Pattern not detected: '(?:[>##]\\s*$|.*all username.*confirm)' in output.

Things you might try to fix this:
1. Explicitly set your pattern using the expect_string argument.
2. Increase the read_timeout to a larger value.

You can also look at the Netmiko session_log or debug log for more information.



2026-02-06 15:44:37,866 - nornir.core.task -    ERROR -      start() - Host 'router2': task 'napalm_configure' failed with traceback:
Traceback (most recent call last):
  File "C:\Users\sababaei\Desktop\Shakhsi\Automation\Nornir\.venv\Lib\site-packages\nornir\core\task.py", line 98, in start
    r = self.task(self, **self.params)
  File "C:\Users\sababaei\Desktop\Shakhsi\Automation\Nornir\.venv\Lib\site-packages\nornir_napalm\plugins\tasks\napalm_configure.py", line 48, in napalm_configure
    device.commit_config(**commit_kwargs)
    ~~~~~~~~~~~~~~~~~~~~^^^^^^^^^^^^^^^^^
  File "C:\Users\sababaei\Desktop\Shakhsi\Automation\Nornir\.venv\Lib\site-packages\napalm\ios\ios.py", line 561, in commit_config
    output = self._commit_handler(cmd)
  File "C:\Users\sababaei\Desktop\Shakhsi\Automation\Nornir\.venv\Lib\site-packages\napalm\ios\ios.py", line 469, in wrapper
    return f(self, *args, **kwargs)
  File "C:\Users\sababaei\Desktop\Shakhsi\Automation\Nornir\.venv\Lib\site-packages\napalm\ios\ios.py", line 486, in _commit_handler
    output = self.device.send_command(cmd, expect_string=patterns, read_timeout=90)
  File "C:\Users\sababaei\Desktop\Shakhsi\Automation\Nornir\.venv\Lib\site-packages\netmiko\base_connection.py", line 111, in wrapper_decorator
    return_val = func(self, *args, **kwargs)
  File "C:\Users\sababaei\Desktop\Shakhsi\Automation\Nornir\.venv\Lib\site-packages\netmiko\utilities.py", line 667, in wrapper_decorator
    return func(self, *args, **kwargs)
  File "C:\Users\sababaei\Desktop\Shakhsi\Automation\Nornir\.venv\Lib\site-packages\netmiko\base_connection.py", line 1841, in send_command
    raise ReadTimeout(msg)
netmiko.exceptions.ReadTimeout: 
Pattern not detected: '(?:[>##]\\s*$|.*all username.*confirm)' in output.

Things you might try to fix this:
1. Explicitly set your pattern using the expect_string argument.
2. Increase the read_timeout to a larger value.

You can also look at the Netmiko session_log or debug log for more information.



2026-02-06 15:44:38,540 - nornir.core.task -    ERROR -      start() - Host 'router1': task 'napalm_configure' failed with traceback:
Traceback (most recent call last):
  File "C:\Users\sababaei\Desktop\Shakhsi\Automation\Nornir\.venv\Lib\site-packages\nornir\core\task.py", line 98, in start
    r = self.task(self, **self.params)
  File "C:\Users\sababaei\Desktop\Shakhsi\Automation\Nornir\.venv\Lib\site-packages\nornir_napalm\plugins\tasks\napalm_configure.py", line 48, in napalm_configure
    device.commit_config(**commit_kwargs)
    ~~~~~~~~~~~~~~~~~~~~^^^^^^^^^^^^^^^^^
  File "C:\Users\sababaei\Desktop\Shakhsi\Automation\Nornir\.venv\Lib\site-packages\napalm\ios\ios.py", line 561, in commit_config
    output = self._commit_handler(cmd)
  File "C:\Users\sababaei\Desktop\Shakhsi\Automation\Nornir\.venv\Lib\site-packages\napalm\ios\ios.py", line 469, in wrapper
    return f(self, *args, **kwargs)
  File "C:\Users\sababaei\Desktop\Shakhsi\Automation\Nornir\.venv\Lib\site-packages\napalm\ios\ios.py", line 486, in _commit_handler
    output = self.device.send_command(cmd, expect_string=patterns, read_timeout=90)
  File "C:\Users\sababaei\Desktop\Shakhsi\Automation\Nornir\.venv\Lib\site-packages\netmiko\base_connection.py", line 111, in wrapper_decorator
    return_val = func(self, *args, **kwargs)
  File "C:\Users\sababaei\Desktop\Shakhsi\Automation\Nornir\.venv\Lib\site-packages\netmiko\utilities.py", line 667, in wrapper_decorator
    return func(self, *args, **kwargs)
  File "C:\Users\sababaei\Desktop\Shakhsi\Automation\Nornir\.venv\Lib\site-packages\netmiko\base_connection.py", line 1841, in send_command
    raise ReadTimeout(msg)
netmiko.exceptions.ReadTimeout: 
Pattern not detected: '(?:[>##]\\s*$|.*all username.*confirm)' in output.

Things you might try to fix this:
1. Explicitly set your pattern using the expect_string argument.
2. Increase the read_timeout to a larger value.

You can also look at the Netmiko session_log or debug log for more information.



2026-02-06 15:51:18,372 -  nornir.core -     INFO -        run() - Running task 'napalm_configure' with args {'filename': 'running.txt', 'replace': False} on 4 hosts
2026-02-06 15:51:18,411 - nornir.core.task -    ERROR -      start() - Host 'router1': task 'napalm_configure' failed with traceback:
Traceback (most recent call last):
  File "C:\Users\sababaei\Desktop\Shakhsi\Automation\Nornir\.venv\Lib\site-packages\nornir\core\task.py", line 98, in start
    r = self.task(self, **self.params)
  File "C:\Users\sababaei\Desktop\Shakhsi\Automation\Nornir\.venv\Lib\site-packages\nornir_napalm\plugins\tasks\napalm_configure.py", line 31, in napalm_configure
    device = task.host.get_connection(CONNECTION_NAME, task.nornir.config)
  File "C:\Users\sababaei\Desktop\Shakhsi\Automation\Nornir\.venv\Lib\site-packages\nornir\core\inventory.py", line 476, in get_connection
    self.open_connection(
    ~~~~~~~~~~~~~~~~~~~~^
        connection=connection,
        ^^^^^^^^^^^^^^^^^^^^^^
    ...<6 lines>...
        extras=conn.extras,
        ^^^^^^^^^^^^^^^^^^^
    )
    ^
  File "C:\Users\sababaei\Desktop\Shakhsi\Automation\Nornir\.venv\Lib\site-packages\nornir\core\inventory.py", line 528, in open_connection
    conn_obj.open(
    ~~~~~~~~~~~~~^
        hostname=hostname,
        ^^^^^^^^^^^^^^^^^^
    ...<5 lines>...
        configuration=configuration,
        ^^^^^^^^^^^^^^^^^^^^^^^^^^^^
    )
    ^
  File "C:\Users\sababaei\Desktop\Shakhsi\Automation\Nornir\.venv\Lib\site-packages\nornir_napalm\plugins\connections\__init__.py", line 57, in open
    connection.open()
    ~~~~~~~~~~~~~~~^^
  File "C:\Users\sababaei\Desktop\Shakhsi\Automation\Nornir\.venv\Lib\site-packages\napalm\ios\ios.py", line 172, in open
    self.device = self._netmiko_open(
                  ~~~~~~~~~~~~~~~~~~^
        device_type, netmiko_optional_args=self.netmiko_optional_args
        ^^^^^^^^^^^^^^^^^^^^^^^^^^^^^^^^^^^^^^^^^^^^^^^^^^^^^^^^^^^^^
    )
    ^
  File "C:\Users\sababaei\Desktop\Shakhsi\Automation\Nornir\.venv\Lib\site-packages\napalm\base\base.py", line 114, in _netmiko_open
    self._netmiko_device = ConnectHandler(
                           ~~~~~~~~~~~~~~^
        device_type=device_type,
        ^^^^^^^^^^^^^^^^^^^^^^^^
    ...<4 lines>...
        **netmiko_optional_args
        ^^^^^^^^^^^^^^^^^^^^^^^
    )
    ^
  File "C:\Users\sababaei\Desktop\Shakhsi\Automation\Nornir\.venv\Lib\site-packages\netmiko\ssh_dispatcher.py", line 460, in ConnectHandler
    return ConnectionClass(*args, **kwargs)
  File "C:\Users\sababaei\Desktop\Shakhsi\Automation\Nornir\.venv\Lib\site-packages\netmiko\base_connection.py", line 495, in __init__
    self._open()
    ~~~~~~~~~~^^
  File "C:\Users\sababaei\Desktop\Shakhsi\Automation\Nornir\.venv\Lib\site-packages\netmiko\base_connection.py", line 500, in _open
    self.establish_connection()
    ~~~~~~~~~~~~~~~~~~~~~~~~~^^
  File "C:\Users\sababaei\Desktop\Shakhsi\Automation\Nornir\.venv\Lib\site-packages\netmiko\base_connection.py", line 1146, in establish_connection
    self.remote_conn_pre.connect(**ssh_connect_params)
    ~~~~~~~~~~~~~~~~~~~~~~~~~~~~^^^^^^^^^^^^^^^^^^^^^^
  File "C:\Users\sababaei\Desktop\Shakhsi\Automation\Nornir\.venv\Lib\site-packages\paramiko\client.py", line 449, in connect
    t.start_client(timeout=timeout)
    ~~~~~~~~~~~~~~^^^^^^^^^^^^^^^^^
  File "C:\Users\sababaei\Desktop\Shakhsi\Automation\Nornir\.venv\Lib\site-packages\paramiko\transport.py", line 768, in start_client
    raise e
  File "C:\Users\sababaei\Desktop\Shakhsi\Automation\Nornir\.venv\Lib\site-packages\paramiko\transport.py", line 2174, in run
    self.packetizer.write_all(b(self.local_version + "\r\n"))
    ~~~~~~~~~~~~~~~~~~~~~~~~~^^^^^^^^^^^^^^^^^^^^^^^^^^^^^^^^
  File "C:\Users\sababaei\Desktop\Shakhsi\Automation\Nornir\.venv\Lib\site-packages\paramiko\packet.py", line 382, in write_all
    raise EOFError()
EOFError

2026-02-06 15:51:28,397 - nornir.core.task -    ERROR -      start() - Host 'router4': task 'napalm_configure' failed with traceback:
Traceback (most recent call last):
  File "C:\Users\sababaei\Desktop\Shakhsi\Automation\Nornir\.venv\Lib\site-packages\netmiko\base_connection.py", line 1146, in establish_connection
    self.remote_conn_pre.connect(**ssh_connect_params)
    ~~~~~~~~~~~~~~~~~~~~~~~~~~~~^^^^^^^^^^^^^^^^^^^^^^
  File "C:\Users\sababaei\Desktop\Shakhsi\Automation\Nornir\.venv\Lib\site-packages\paramiko\client.py", line 384, in connect
    sock.connect(addr)
    ~~~~~~~~~~~~^^^^^^
TimeoutError: timed out

During handling of the above exception, another exception occurred:

Traceback (most recent call last):
  File "C:\Users\sababaei\Desktop\Shakhsi\Automation\Nornir\.venv\Lib\site-packages\napalm\base\base.py", line 114, in _netmiko_open
    self._netmiko_device = ConnectHandler(
                           ~~~~~~~~~~~~~~^
        device_type=device_type,
        ^^^^^^^^^^^^^^^^^^^^^^^^
    ...<4 lines>...
        **netmiko_optional_args
        ^^^^^^^^^^^^^^^^^^^^^^^
    )
    ^
  File "C:\Users\sababaei\Desktop\Shakhsi\Automation\Nornir\.venv\Lib\site-packages\netmiko\ssh_dispatcher.py", line 460, in ConnectHandler
    return ConnectionClass(*args, **kwargs)
  File "C:\Users\sababaei\Desktop\Shakhsi\Automation\Nornir\.venv\Lib\site-packages\netmiko\base_connection.py", line 495, in __init__
    self._open()
    ~~~~~~~~~~^^
  File "C:\Users\sababaei\Desktop\Shakhsi\Automation\Nornir\.venv\Lib\site-packages\netmiko\base_connection.py", line 500, in _open
    self.establish_connection()
    ~~~~~~~~~~~~~~~~~~~~~~~~~^^
  File "C:\Users\sababaei\Desktop\Shakhsi\Automation\Nornir\.venv\Lib\site-packages\netmiko\base_connection.py", line 1168, in establish_connection
    raise NetmikoTimeoutException(msg)
netmiko.exceptions.NetmikoTimeoutException: TCP connection to device failed.

Common causes of this problem are:
1. Incorrect hostname or IP address.
2. Wrong TCP port.
3. Intermediate firewall blocking access.

Device settings: cisco_ios 192.168.199.33:22



During handling of the above exception, another exception occurred:

Traceback (most recent call last):
  File "C:\Users\sababaei\Desktop\Shakhsi\Automation\Nornir\.venv\Lib\site-packages\nornir\core\task.py", line 98, in start
    r = self.task(self, **self.params)
  File "C:\Users\sababaei\Desktop\Shakhsi\Automation\Nornir\.venv\Lib\site-packages\nornir_napalm\plugins\tasks\napalm_configure.py", line 31, in napalm_configure
    device = task.host.get_connection(CONNECTION_NAME, task.nornir.config)
  File "C:\Users\sababaei\Desktop\Shakhsi\Automation\Nornir\.venv\Lib\site-packages\nornir\core\inventory.py", line 476, in get_connection
    self.open_connection(
    ~~~~~~~~~~~~~~~~~~~~^
        connection=connection,
        ^^^^^^^^^^^^^^^^^^^^^^
    ...<6 lines>...
        extras=conn.extras,
        ^^^^^^^^^^^^^^^^^^^
    )
    ^
  File "C:\Users\sababaei\Desktop\Shakhsi\Automation\Nornir\.venv\Lib\site-packages\nornir\core\inventory.py", line 528, in open_connection
    conn_obj.open(
    ~~~~~~~~~~~~~^
        hostname=hostname,
        ^^^^^^^^^^^^^^^^^^
    ...<5 lines>...
        configuration=configuration,
        ^^^^^^^^^^^^^^^^^^^^^^^^^^^^
    )
    ^
  File "C:\Users\sababaei\Desktop\Shakhsi\Automation\Nornir\.venv\Lib\site-packages\nornir_napalm\plugins\connections\__init__.py", line 57, in open
    connection.open()
    ~~~~~~~~~~~~~~~^^
  File "C:\Users\sababaei\Desktop\Shakhsi\Automation\Nornir\.venv\Lib\site-packages\napalm\ios\ios.py", line 172, in open
    self.device = self._netmiko_open(
                  ~~~~~~~~~~~~~~~~~~^
        device_type, netmiko_optional_args=self.netmiko_optional_args
        ^^^^^^^^^^^^^^^^^^^^^^^^^^^^^^^^^^^^^^^^^^^^^^^^^^^^^^^^^^^^^
    )
    ^
  File "C:\Users\sababaei\Desktop\Shakhsi\Automation\Nornir\.venv\Lib\site-packages\napalm\base\base.py", line 123, in _netmiko_open
    raise ConnectionException("Cannot connect to {}".format(self.hostname))
napalm.base.exceptions.ConnectionException: Cannot connect to 192.168.199.33

2026-02-06 15:51:28,404 - nornir.core.task -    ERROR -      start() - Host 'router3': task 'napalm_configure' failed with traceback:
Traceback (most recent call last):
  File "C:\Users\sababaei\Desktop\Shakhsi\Automation\Nornir\.venv\Lib\site-packages\netmiko\base_connection.py", line 1146, in establish_connection
    self.remote_conn_pre.connect(**ssh_connect_params)
    ~~~~~~~~~~~~~~~~~~~~~~~~~~~~^^^^^^^^^^^^^^^^^^^^^^
  File "C:\Users\sababaei\Desktop\Shakhsi\Automation\Nornir\.venv\Lib\site-packages\paramiko\client.py", line 384, in connect
    sock.connect(addr)
    ~~~~~~~~~~~~^^^^^^
TimeoutError: timed out

During handling of the above exception, another exception occurred:

Traceback (most recent call last):
  File "C:\Users\sababaei\Desktop\Shakhsi\Automation\Nornir\.venv\Lib\site-packages\napalm\base\base.py", line 114, in _netmiko_open
    self._netmiko_device = ConnectHandler(
                           ~~~~~~~~~~~~~~^
        device_type=device_type,
        ^^^^^^^^^^^^^^^^^^^^^^^^
    ...<4 lines>...
        **netmiko_optional_args
        ^^^^^^^^^^^^^^^^^^^^^^^
    )
    ^
  File "C:\Users\sababaei\Desktop\Shakhsi\Automation\Nornir\.venv\Lib\site-packages\netmiko\ssh_dispatcher.py", line 460, in ConnectHandler
    return ConnectionClass(*args, **kwargs)
  File "C:\Users\sababaei\Desktop\Shakhsi\Automation\Nornir\.venv\Lib\site-packages\netmiko\base_connection.py", line 495, in __init__
    self._open()
    ~~~~~~~~~~^^
  File "C:\Users\sababaei\Desktop\Shakhsi\Automation\Nornir\.venv\Lib\site-packages\netmiko\base_connection.py", line 500, in _open
    self.establish_connection()
    ~~~~~~~~~~~~~~~~~~~~~~~~~^^
  File "C:\Users\sababaei\Desktop\Shakhsi\Automation\Nornir\.venv\Lib\site-packages\netmiko\base_connection.py", line 1168, in establish_connection
    raise NetmikoTimeoutException(msg)
netmiko.exceptions.NetmikoTimeoutException: TCP connection to device failed.

Common causes of this problem are:
1. Incorrect hostname or IP address.
2. Wrong TCP port.
3. Intermediate firewall blocking access.

Device settings: cisco_ios 192.168.199.32:22



During handling of the above exception, another exception occurred:

Traceback (most recent call last):
  File "C:\Users\sababaei\Desktop\Shakhsi\Automation\Nornir\.venv\Lib\site-packages\nornir\core\task.py", line 98, in start
    r = self.task(self, **self.params)
  File "C:\Users\sababaei\Desktop\Shakhsi\Automation\Nornir\.venv\Lib\site-packages\nornir_napalm\plugins\tasks\napalm_configure.py", line 31, in napalm_configure
    device = task.host.get_connection(CONNECTION_NAME, task.nornir.config)
  File "C:\Users\sababaei\Desktop\Shakhsi\Automation\Nornir\.venv\Lib\site-packages\nornir\core\inventory.py", line 476, in get_connection
    self.open_connection(
    ~~~~~~~~~~~~~~~~~~~~^
        connection=connection,
        ^^^^^^^^^^^^^^^^^^^^^^
    ...<6 lines>...
        extras=conn.extras,
        ^^^^^^^^^^^^^^^^^^^
    )
    ^
  File "C:\Users\sababaei\Desktop\Shakhsi\Automation\Nornir\.venv\Lib\site-packages\nornir\core\inventory.py", line 528, in open_connection
    conn_obj.open(
    ~~~~~~~~~~~~~^
        hostname=hostname,
        ^^^^^^^^^^^^^^^^^^
    ...<5 lines>...
        configuration=configuration,
        ^^^^^^^^^^^^^^^^^^^^^^^^^^^^
    )
    ^
  File "C:\Users\sababaei\Desktop\Shakhsi\Automation\Nornir\.venv\Lib\site-packages\nornir_napalm\plugins\connections\__init__.py", line 57, in open
    connection.open()
    ~~~~~~~~~~~~~~~^^
  File "C:\Users\sababaei\Desktop\Shakhsi\Automation\Nornir\.venv\Lib\site-packages\napalm\ios\ios.py", line 172, in open
    self.device = self._netmiko_open(
                  ~~~~~~~~~~~~~~~~~~^
        device_type, netmiko_optional_args=self.netmiko_optional_args
        ^^^^^^^^^^^^^^^^^^^^^^^^^^^^^^^^^^^^^^^^^^^^^^^^^^^^^^^^^^^^^
    )
    ^
  File "C:\Users\sababaei\Desktop\Shakhsi\Automation\Nornir\.venv\Lib\site-packages\napalm\base\base.py", line 123, in _netmiko_open
    raise ConnectionException("Cannot connect to {}".format(self.hostname))
napalm.base.exceptions.ConnectionException: Cannot connect to 192.168.199.32

2026-02-06 15:51:28,407 - nornir.core.task -    ERROR -      start() - Host 'router2': task 'napalm_configure' failed with traceback:
Traceback (most recent call last):
  File "C:\Users\sababaei\Desktop\Shakhsi\Automation\Nornir\.venv\Lib\site-packages\netmiko\base_connection.py", line 1146, in establish_connection
    self.remote_conn_pre.connect(**ssh_connect_params)
    ~~~~~~~~~~~~~~~~~~~~~~~~~~~~^^^^^^^^^^^^^^^^^^^^^^
  File "C:\Users\sababaei\Desktop\Shakhsi\Automation\Nornir\.venv\Lib\site-packages\paramiko\client.py", line 384, in connect
    sock.connect(addr)
    ~~~~~~~~~~~~^^^^^^
TimeoutError: timed out

During handling of the above exception, another exception occurred:

Traceback (most recent call last):
  File "C:\Users\sababaei\Desktop\Shakhsi\Automation\Nornir\.venv\Lib\site-packages\napalm\base\base.py", line 114, in _netmiko_open
    self._netmiko_device = ConnectHandler(
                           ~~~~~~~~~~~~~~^
        device_type=device_type,
        ^^^^^^^^^^^^^^^^^^^^^^^^
    ...<4 lines>...
        **netmiko_optional_args
        ^^^^^^^^^^^^^^^^^^^^^^^
    )
    ^
  File "C:\Users\sababaei\Desktop\Shakhsi\Automation\Nornir\.venv\Lib\site-packages\netmiko\ssh_dispatcher.py", line 460, in ConnectHandler
    return ConnectionClass(*args, **kwargs)
  File "C:\Users\sababaei\Desktop\Shakhsi\Automation\Nornir\.venv\Lib\site-packages\netmiko\base_connection.py", line 495, in __init__
    self._open()
    ~~~~~~~~~~^^
  File "C:\Users\sababaei\Desktop\Shakhsi\Automation\Nornir\.venv\Lib\site-packages\netmiko\base_connection.py", line 500, in _open
    self.establish_connection()
    ~~~~~~~~~~~~~~~~~~~~~~~~~^^
  File "C:\Users\sababaei\Desktop\Shakhsi\Automation\Nornir\.venv\Lib\site-packages\netmiko\base_connection.py", line 1168, in establish_connection
    raise NetmikoTimeoutException(msg)
netmiko.exceptions.NetmikoTimeoutException: TCP connection to device failed.

Common causes of this problem are:
1. Incorrect hostname or IP address.
2. Wrong TCP port.
3. Intermediate firewall blocking access.

Device settings: cisco_ios 192.168.199.31:22



During handling of the above exception, another exception occurred:

Traceback (most recent call last):
  File "C:\Users\sababaei\Desktop\Shakhsi\Automation\Nornir\.venv\Lib\site-packages\nornir\core\task.py", line 98, in start
    r = self.task(self, **self.params)
  File "C:\Users\sababaei\Desktop\Shakhsi\Automation\Nornir\.venv\Lib\site-packages\nornir_napalm\plugins\tasks\napalm_configure.py", line 31, in napalm_configure
    device = task.host.get_connection(CONNECTION_NAME, task.nornir.config)
  File "C:\Users\sababaei\Desktop\Shakhsi\Automation\Nornir\.venv\Lib\site-packages\nornir\core\inventory.py", line 476, in get_connection
    self.open_connection(
    ~~~~~~~~~~~~~~~~~~~~^
        connection=connection,
        ^^^^^^^^^^^^^^^^^^^^^^
    ...<6 lines>...
        extras=conn.extras,
        ^^^^^^^^^^^^^^^^^^^
    )
    ^
  File "C:\Users\sababaei\Desktop\Shakhsi\Automation\Nornir\.venv\Lib\site-packages\nornir\core\inventory.py", line 528, in open_connection
    conn_obj.open(
    ~~~~~~~~~~~~~^
        hostname=hostname,
        ^^^^^^^^^^^^^^^^^^
    ...<5 lines>...
        configuration=configuration,
        ^^^^^^^^^^^^^^^^^^^^^^^^^^^^
    )
    ^
  File "C:\Users\sababaei\Desktop\Shakhsi\Automation\Nornir\.venv\Lib\site-packages\nornir_napalm\plugins\connections\__init__.py", line 57, in open
    connection.open()
    ~~~~~~~~~~~~~~~^^
  File "C:\Users\sababaei\Desktop\Shakhsi\Automation\Nornir\.venv\Lib\site-packages\napalm\ios\ios.py", line 172, in open
    self.device = self._netmiko_open(
                  ~~~~~~~~~~~~~~~~~~^
        device_type, netmiko_optional_args=self.netmiko_optional_args
        ^^^^^^^^^^^^^^^^^^^^^^^^^^^^^^^^^^^^^^^^^^^^^^^^^^^^^^^^^^^^^
    )
    ^
  File "C:\Users\sababaei\Desktop\Shakhsi\Automation\Nornir\.venv\Lib\site-packages\napalm\base\base.py", line 123, in _netmiko_open
    raise ConnectionException("Cannot connect to {}".format(self.hostname))
napalm.base.exceptions.ConnectionException: Cannot connect to 192.168.199.31

